[0.576s] Invoking command in '/home/dave/team/test_ws/src/client': PYTHONPATH=/home/dave/team/test_ws/install/client/lib/python3.6/site-packages:${PYTHONPATH} /usr/bin/python3 setup.py egg_info --egg-base ../../build/client build --build-base /home/dave/team/test_ws/build/client/build install --prefix /home/dave/team/test_ws/install/client --record /home/dave/team/test_ws/build/client/install.log --single-version-externally-managed
[0.959s] running egg_info
[0.959s] writing ../../build/client/client.egg-info/PKG-INFO
[0.959s] writing dependency_links to ../../build/client/client.egg-info/dependency_links.txt
[0.959s] writing entry points to ../../build/client/client.egg-info/entry_points.txt
[0.959s] writing requirements to ../../build/client/client.egg-info/requires.txt
[0.960s] writing top-level names to ../../build/client/client.egg-info/top_level.txt
[1.005s] reading manifest file '../../build/client/client.egg-info/SOURCES.txt'
[1.006s] writing manifest file '../../build/client/client.egg-info/SOURCES.txt'
[1.006s] running build
[1.006s] running build_py
[1.007s] copying client/client_node.py -> /home/dave/team/test_ws/build/client/build/lib/client
[1.007s] running install
[1.008s] running install_lib
[1.010s] copying /home/dave/team/test_ws/build/client/build/lib/client/client_node.py -> /home/dave/team/test_ws/install/client/lib/python3.6/site-packages/client
[1.010s] byte-compiling /home/dave/team/test_ws/install/client/lib/python3.6/site-packages/client/client_node.py to client_node.cpython-36.pyc
[1.011s] running install_data
[1.012s]   File "/home/dave/team/test_ws/install/client/lib/python3.6/site-packages/client/client_node.py", line 37
[1.012s]     rclpy.Parameter.Type.STRING,,
[1.012s]                                 ^
[1.013s] SyntaxError: invalid syntax
[1.013s] 
[1.013s] running install_egg_info
[1.015s] removing '/home/dave/team/test_ws/install/client/lib/python3.6/site-packages/client-0.0.0-py3.6.egg-info' (and everything under it)
[1.016s] Copying ../../build/client/client.egg-info to /home/dave/team/test_ws/install/client/lib/python3.6/site-packages/client-0.0.0-py3.6.egg-info
[1.017s] running install_scripts
[1.050s] Installing client_start script to /home/dave/team/test_ws/install/client/lib/client
[1.051s] writing list of installed files to '/home/dave/team/test_ws/build/client/install.log'
[1.087s] Invoked command in '/home/dave/team/test_ws/src/client' returned '0': PYTHONPATH=/home/dave/team/test_ws/install/client/lib/python3.6/site-packages:${PYTHONPATH} /usr/bin/python3 setup.py egg_info --egg-base ../../build/client build --build-base /home/dave/team/test_ws/build/client/build install --prefix /home/dave/team/test_ws/install/client --record /home/dave/team/test_ws/build/client/install.log --single-version-externally-managed
