[0.699s] Invoking command in '/home/dave/team/test_ws/src/client': PYTHONPATH=/home/dave/team/test_ws/install/client/lib/python3.6/site-packages:${PYTHONPATH} /usr/bin/python3 setup.py egg_info --egg-base ../../build/client build --build-base /home/dave/team/test_ws/build/client/build install --prefix /home/dave/team/test_ws/install/client --record /home/dave/team/test_ws/build/client/install.log --single-version-externally-managed
[1.158s] running egg_info
[1.161s] writing ../../build/client/client.egg-info/PKG-INFO
[1.162s] writing dependency_links to ../../build/client/client.egg-info/dependency_links.txt
[1.163s] writing entry points to ../../build/client/client.egg-info/entry_points.txt
[1.164s] writing requirements to ../../build/client/client.egg-info/requires.txt
[1.165s] writing top-level names to ../../build/client/client.egg-info/top_level.txt
[1.335s] reading manifest file '../../build/client/client.egg-info/SOURCES.txt'
[1.342s] writing manifest file '../../build/client/client.egg-info/SOURCES.txt'
[1.342s] running build
[1.344s] running build_py
[1.345s] copying client/client_node.py -> /home/dave/team/test_ws/build/client/build/lib/client
[1.345s] running install
[1.346s] running install_lib
[1.350s] copying /home/dave/team/test_ws/build/client/build/lib/client/client_node.py -> /home/dave/team/test_ws/install/client/lib/python3.6/site-packages/client
[1.353s] byte-compiling /home/dave/team/test_ws/install/client/lib/python3.6/site-packages/client/client_node.py to client_node.cpython-36.pyc
[1.354s] running install_data
[1.370s] running install_egg_info
[1.371s] removing '/home/dave/team/test_ws/install/client/lib/python3.6/site-packages/client-0.0.0-py3.6.egg-info' (and everything under it)
[1.371s] Copying ../../build/client/client.egg-info to /home/dave/team/test_ws/install/client/lib/python3.6/site-packages/client-0.0.0-py3.6.egg-info
[1.373s] running install_scripts
[1.470s] Installing client_start script to /home/dave/team/test_ws/install/client/lib/client
[1.472s] writing list of installed files to '/home/dave/team/test_ws/build/client/install.log'
[1.569s] Invoked command in '/home/dave/team/test_ws/src/client' returned '0': PYTHONPATH=/home/dave/team/test_ws/install/client/lib/python3.6/site-packages:${PYTHONPATH} /usr/bin/python3 setup.py egg_info --egg-base ../../build/client build --build-base /home/dave/team/test_ws/build/client/build install --prefix /home/dave/team/test_ws/install/client --record /home/dave/team/test_ws/build/client/install.log --single-version-externally-managed
