[0.631s] Invoking command in '/home/dave/team/test_ws/src/client': PYTHONPATH=/home/dave/team/test_ws/install/client/lib/python3.6/site-packages:${PYTHONPATH} /usr/bin/python3 setup.py egg_info --egg-base ../../build/client build --build-base /home/dave/team/test_ws/build/client/build install --prefix /home/dave/team/test_ws/install/client --record /home/dave/team/test_ws/build/client/install.log --single-version-externally-managed
[1.142s] running egg_info
[1.143s] writing ../../build/client/client.egg-info/PKG-INFO
[1.143s] writing dependency_links to ../../build/client/client.egg-info/dependency_links.txt
[1.144s] writing entry points to ../../build/client/client.egg-info/entry_points.txt
[1.144s] writing requirements to ../../build/client/client.egg-info/requires.txt
[1.144s] writing top-level names to ../../build/client/client.egg-info/top_level.txt
[1.218s] reading manifest file '../../build/client/client.egg-info/SOURCES.txt'
[1.222s] writing manifest file '../../build/client/client.egg-info/SOURCES.txt'
[1.222s] running build
[1.223s] running build_py
[1.226s] copying client/client_node.py -> /home/dave/team/test_ws/build/client/build/lib/client
[1.226s] running install
[1.226s] running install_lib
[1.226s] copying /home/dave/team/test_ws/build/client/build/lib/client/client_node.py -> /home/dave/team/test_ws/install/client/lib/python3.6/site-packages/client
[1.228s] byte-compiling /home/dave/team/test_ws/install/client/lib/python3.6/site-packages/client/client_node.py to client_node.cpython-36.pyc
[1.229s] running install_data
[1.229s] running install_egg_info
[1.234s] removing '/home/dave/team/test_ws/install/client/lib/python3.6/site-packages/client-0.0.0-py3.6.egg-info' (and everything under it)
[1.234s] Copying ../../build/client/client.egg-info to /home/dave/team/test_ws/install/client/lib/python3.6/site-packages/client-0.0.0-py3.6.egg-info
[1.238s] running install_scripts
[1.278s] Installing client_start script to /home/dave/team/test_ws/install/client/lib/client
[1.279s] writing list of installed files to '/home/dave/team/test_ws/build/client/install.log'
[1.320s] Invoked command in '/home/dave/team/test_ws/src/client' returned '0': PYTHONPATH=/home/dave/team/test_ws/install/client/lib/python3.6/site-packages:${PYTHONPATH} /usr/bin/python3 setup.py egg_info --egg-base ../../build/client build --build-base /home/dave/team/test_ws/build/client/build install --prefix /home/dave/team/test_ws/install/client --record /home/dave/team/test_ws/build/client/install.log --single-version-externally-managed
