[1.073s] Invoking command in '/home/dave/team/test_ws/src/client': PYTHONPATH=/home/dave/team/test_ws/install/client/lib/python3.6/site-packages:${PYTHONPATH} /usr/bin/python3 setup.py egg_info --egg-base ../../build/client build --build-base /home/dave/team/test_ws/build/client/build install --prefix /home/dave/team/test_ws/install/client --record /home/dave/team/test_ws/build/client/install.log --single-version-externally-managed
[2.245s] running egg_info
[2.245s] writing ../../build/client/client.egg-info/PKG-INFO
[2.246s] writing dependency_links to ../../build/client/client.egg-info/dependency_links.txt
[2.246s] writing entry points to ../../build/client/client.egg-info/entry_points.txt
[2.249s] writing requirements to ../../build/client/client.egg-info/requires.txt
[2.249s] writing top-level names to ../../build/client/client.egg-info/top_level.txt
[2.392s] reading manifest file '../../build/client/client.egg-info/SOURCES.txt'
[2.398s] writing manifest file '../../build/client/client.egg-info/SOURCES.txt'
[2.400s] running build
[2.400s] running build_py
[2.403s] copying client/client_node_setter.py -> /home/dave/team/test_ws/build/client/build/lib/client
[2.409s] running install
[2.410s] running install_lib
[2.414s] copying /home/dave/team/test_ws/build/client/build/lib/client/client_node_setter.py -> /home/dave/team/test_ws/install/client/lib/python3.6/site-packages/client
[2.420s] byte-compiling /home/dave/team/test_ws/install/client/lib/python3.6/site-packages/client/client_node_setter.py to client_node_setter.cpython-36.pyc
[2.421s] running install_data
[2.426s] running install_egg_info
[2.436s] removing '/home/dave/team/test_ws/install/client/lib/python3.6/site-packages/client-0.0.0-py3.6.egg-info' (and everything under it)
[2.437s] Copying ../../build/client/client.egg-info to /home/dave/team/test_ws/install/client/lib/python3.6/site-packages/client-0.0.0-py3.6.egg-info
[2.441s] running install_scripts
[2.541s] Installing client_start script to /home/dave/team/test_ws/install/client/lib/client
[2.543s] Installing client_start_s script to /home/dave/team/test_ws/install/client/lib/client
[2.545s] writing list of installed files to '/home/dave/team/test_ws/build/client/install.log'
[2.626s] Invoked command in '/home/dave/team/test_ws/src/client' returned '0': PYTHONPATH=/home/dave/team/test_ws/install/client/lib/python3.6/site-packages:${PYTHONPATH} /usr/bin/python3 setup.py egg_info --egg-base ../../build/client build --build-base /home/dave/team/test_ws/build/client/build install --prefix /home/dave/team/test_ws/install/client --record /home/dave/team/test_ws/build/client/install.log --single-version-externally-managed
