-- Found ament_cmake: 0.7.6 (/opt/ros/dashing/share/ament_cmake/cmake)
-- Using PYTHON_EXECUTABLE: /usr/bin/python3
-- Found rclpy: 0.7.11 (/opt/ros/dashing/share/rclpy/cmake)
-- Found ament_lint_auto: 0.7.12 (/opt/ros/dashing/share/ament_lint_auto/cmake)
-- Added test 'copyright' to check for copyright in CMake / C / C++ / Python code
-- Added test 'flake8' to check Python code syntax and style conventions
-- Added test 'lint_cmake' to check CMake code style
-- Added test 'pep257' to check Python code against some of the style conventions in PEP 257
-- Added test 'xmllint' to check XML markup files
-- Configuring done
-- Generating done
-- Build files have been written to: /home/dave/team/test_ws/build/client
[36mInstall the project...[0m
-- Install configuration: ""
-- Installing: /home/dave/team/test_ws/install/client/share/client/environment/pythonpath.sh
-- Installing: /home/dave/team/test_ws/install/client/lib/python3.6/site-packages/src
-- Installing: /home/dave/team/test_ws/install/client/lib/python3.6/site-packages/src/client_node.py
-- Installing: /home/dave/team/test_ws/install/client/lib/python3.6/site-packages/src/__init__.py
Listing '/home/dave/team/test_ws/install/client/lib/python3.6/site-packages/src'...
Compiling '/home/dave/team/test_ws/install/client/lib/python3.6/site-packages/src/__init__.py'...
Compiling '/home/dave/team/test_ws/install/client/lib/python3.6/site-packages/src/client_node.py'...
-- Installing: /home/dave/team/test_ws/install/client/lib/client/client_node.py
-- Installing: /home/dave/team/test_ws/install/client/share/client/launch
-- Installing: /home/dave/team/test_ws/install/client/share/client/launch/client_node_launch.py
-- Installing: /home/dave/team/test_ws/install/client/share/ament_index/resource_index/package_run_dependencies/client
-- Installing: /home/dave/team/test_ws/install/client/share/ament_index/resource_index/parent_prefix_path/client
-- Up-to-date: /home/dave/team/test_ws/install/client/share/client/environment/ament_prefix_path.sh
-- Up-to-date: /home/dave/team/test_ws/install/client/share/client/environment/path.sh
-- Up-to-date: /home/dave/team/test_ws/install/client/share/client/local_setup.bash
-- Installing: /home/dave/team/test_ws/install/client/share/client/local_setup.sh
-- Up-to-date: /home/dave/team/test_ws/install/client/share/client/local_setup.zsh
-- Up-to-date: /home/dave/team/test_ws/install/client/share/ament_index/resource_index/packages/client
-- Up-to-date: /home/dave/team/test_ws/install/client/share/client/cmake/clientConfig.cmake
-- Up-to-date: /home/dave/team/test_ws/install/client/share/client/cmake/clientConfig-version.cmake
-- Installing: /home/dave/team/test_ws/install/client/share/client/package.xml
