[0.065s] Invoking command in '/home/dave/team/test_ws/build/client': CMAKE_PREFIX_PATH=/opt/ros/dashing /usr/bin/cmake --build /home/dave/team/test_ws/build/client -- -j4 -l4
[0.132s] -- Found ament_cmake: 0.7.6 (/opt/ros/dashing/share/ament_cmake/cmake)
[0.204s] -- Using PYTHON_EXECUTABLE: /usr/bin/python3
[0.576s] -- Found rclpy: 0.7.11 (/opt/ros/dashing/share/rclpy/cmake)
[0.695s] -- Found ament_lint_auto: 0.7.12 (/opt/ros/dashing/share/ament_lint_auto/cmake)
[0.831s] -- Added test 'copyright' to check for copyright in CMake / C / C++ / Python code
[0.835s] -- Added test 'flake8' to check Python code syntax and style conventions
[0.836s] -- Added test 'lint_cmake' to check CMake code style
[0.836s] -- Added test 'pep257' to check Python code against some of the style conventions in PEP 257
[0.838s] -- Added test 'xmllint' to check XML markup files
[0.841s] -- Configuring done
[0.847s] -- Generating done
[0.849s] -- Build files have been written to: /home/dave/team/test_ws/build/client
[0.905s] Invoked command in '/home/dave/team/test_ws/build/client' returned '0': CMAKE_PREFIX_PATH=/opt/ros/dashing /usr/bin/cmake --build /home/dave/team/test_ws/build/client -- -j4 -l4
[0.965s] Invoking command in '/home/dave/team/test_ws/build/client': CMAKE_PREFIX_PATH=/opt/ros/dashing /usr/bin/cmake --build /home/dave/team/test_ws/build/client --target install -- -j4 -l4
[1.097s] [36mInstall the project...[0m
[1.125s] -- Install configuration: ""
[1.175s] -- Installing: /home/dave/team/test_ws/install/client/share/client/environment/pythonpath.sh
[1.176s] -- Installing: /home/dave/team/test_ws/install/client/lib/python3.6/site-packages/src
[1.177s] -- Installing: /home/dave/team/test_ws/install/client/lib/python3.6/site-packages/src/client_node.py
[1.178s] -- Installing: /home/dave/team/test_ws/install/client/lib/python3.6/site-packages/src/__init__.py
[1.288s] Listing '/home/dave/team/test_ws/install/client/lib/python3.6/site-packages/src'...
[1.288s] Compiling '/home/dave/team/test_ws/install/client/lib/python3.6/site-packages/src/__init__.py'...
[1.288s] Compiling '/home/dave/team/test_ws/install/client/lib/python3.6/site-packages/src/client_node.py'...
[1.295s] -- Installing: /home/dave/team/test_ws/install/client/lib/client/client_node.py
[1.295s] -- Installing: /home/dave/team/test_ws/install/client/share/client/launch
[1.296s] -- Installing: /home/dave/team/test_ws/install/client/share/client/launch/client_node_launch.py
[1.299s] -- Installing: /home/dave/team/test_ws/install/client/share/ament_index/resource_index/package_run_dependencies/client
[1.299s] -- Installing: /home/dave/team/test_ws/install/client/share/ament_index/resource_index/parent_prefix_path/client
[1.300s] -- Up-to-date: /home/dave/team/test_ws/install/client/share/client/environment/ament_prefix_path.sh
[1.300s] -- Up-to-date: /home/dave/team/test_ws/install/client/share/client/environment/path.sh
[1.300s] -- Up-to-date: /home/dave/team/test_ws/install/client/share/client/local_setup.bash
[1.301s] -- Installing: /home/dave/team/test_ws/install/client/share/client/local_setup.sh
[1.301s] -- Up-to-date: /home/dave/team/test_ws/install/client/share/client/local_setup.zsh
[1.302s] -- Up-to-date: /home/dave/team/test_ws/install/client/share/ament_index/resource_index/packages/client
[1.302s] -- Up-to-date: /home/dave/team/test_ws/install/client/share/client/cmake/clientConfig.cmake
[1.302s] -- Up-to-date: /home/dave/team/test_ws/install/client/share/client/cmake/clientConfig-version.cmake
[1.303s] -- Installing: /home/dave/team/test_ws/install/client/share/client/package.xml
[1.315s] Invoked command in '/home/dave/team/test_ws/build/client' returned '0': CMAKE_PREFIX_PATH=/opt/ros/dashing /usr/bin/cmake --build /home/dave/team/test_ws/build/client --target install -- -j4 -l4
