[4.328s] Invoking command in '/home/dave/team/test_ws/src/client': PYTHONPATH=/home/dave/team/test_ws/install/client/lib/python3.6/site-packages:${PYTHONPATH} /usr/bin/python3 setup.py egg_info --egg-base ../../build/client build --build-base /home/dave/team/test_ws/build/client/build install --prefix /home/dave/team/test_ws/install/client --record /home/dave/team/test_ws/build/client/install.log --single-version-externally-managed
[7.339s] running egg_info
[7.342s] writing ../../build/client/client.egg-info/PKG-INFO
[7.343s] writing dependency_links to ../../build/client/client.egg-info/dependency_links.txt
[7.349s] writing entry points to ../../build/client/client.egg-info/entry_points.txt
[7.349s] writing requirements to ../../build/client/client.egg-info/requires.txt
[7.350s] writing top-level names to ../../build/client/client.egg-info/top_level.txt
[7.537s] reading manifest file '../../build/client/client.egg-info/SOURCES.txt'
[7.549s] writing manifest file '../../build/client/client.egg-info/SOURCES.txt'
[7.549s] running build
[7.550s] running build_py
[7.550s] copying client/client_node.py -> /home/dave/team/test_ws/build/client/build/lib/client
[7.553s] copying client/client_node_setter.py -> /home/dave/team/test_ws/build/client/build/lib/client
[7.555s] running install
[7.558s] running install_lib
[7.589s] copying /home/dave/team/test_ws/build/client/build/lib/client/client_node.py -> /home/dave/team/test_ws/install/client/lib/python3.6/site-packages/client
[7.590s] copying /home/dave/team/test_ws/build/client/build/lib/client/client_node_setter.py -> /home/dave/team/test_ws/install/client/lib/python3.6/site-packages/client
[7.599s] byte-compiling /home/dave/team/test_ws/install/client/lib/python3.6/site-packages/client/client_node.py to client_node.cpython-36.pyc
[7.605s] byte-compiling /home/dave/team/test_ws/install/client/lib/python3.6/site-packages/client/client_node_setter.py to client_node_setter.cpython-36.pyc
[7.608s] running install_data
[7.609s] Sorry: TabError: inconsistent use of tabs and spaces in indentation (client_node_setter.py, line 25)
[7.615s] running install_egg_info
[7.627s] removing '/home/dave/team/test_ws/install/client/lib/python3.6/site-packages/client-0.0.0-py3.6.egg-info' (and everything under it)
[7.630s] Copying ../../build/client/client.egg-info to /home/dave/team/test_ws/install/client/lib/python3.6/site-packages/client-0.0.0-py3.6.egg-info
[7.638s] running install_scripts
[7.749s] Installing client_start script to /home/dave/team/test_ws/install/client/lib/client
[7.750s] Installing client_start_s script to /home/dave/team/test_ws/install/client/lib/client
[7.751s] writing list of installed files to '/home/dave/team/test_ws/build/client/install.log'
[7.864s] Invoked command in '/home/dave/team/test_ws/src/client' returned '0': PYTHONPATH=/home/dave/team/test_ws/install/client/lib/python3.6/site-packages:${PYTHONPATH} /usr/bin/python3 setup.py egg_info --egg-base ../../build/client build --build-base /home/dave/team/test_ws/build/client/build install --prefix /home/dave/team/test_ws/install/client --record /home/dave/team/test_ws/build/client/install.log --single-version-externally-managed
