[0.041s] Invoking command in '/home/dave/team/test_ws/build/client': CMAKE_PREFIX_PATH=${CMAKE_PREFIX_PATH}:/opt/ros/dashing /usr/bin/cmake --build /home/dave/team/test_ws/build/client -- -j4 -l4
[0.146s] Invoked command in '/home/dave/team/test_ws/build/client' returned '0': CMAKE_PREFIX_PATH=${CMAKE_PREFIX_PATH}:/opt/ros/dashing /usr/bin/cmake --build /home/dave/team/test_ws/build/client -- -j4 -l4
[0.222s] Invoking command in '/home/dave/team/test_ws/build/client': CMAKE_PREFIX_PATH=${CMAKE_PREFIX_PATH}:/opt/ros/dashing /usr/bin/cmake --build /home/dave/team/test_ws/build/client --target install -- -j4 -l4
[0.333s] [36mInstall the project...[0m
[0.354s] -- Install configuration: ""
[0.354s] -- Up-to-date: /home/dave/team/test_ws/install/client/share/client/environment/pythonpath.sh
[0.355s] -- Up-to-date: /home/dave/team/test_ws/install/client/lib/python3.6/site-packages/src
[0.356s] -- Up-to-date: /home/dave/team/test_ws/install/client/lib/python3.6/site-packages/src/client_node.py
[0.356s] -- Up-to-date: /home/dave/team/test_ws/install/client/lib/python3.6/site-packages/src/__init__.py
[0.414s] Listing '/home/dave/team/test_ws/install/client/lib/python3.6/site-packages/src'...
[0.425s] -- Up-to-date: /home/dave/team/test_ws/install/client/lib/client/client_node.py
[0.425s] -- Up-to-date: /home/dave/team/test_ws/install/client/share/client/launch
[0.426s] -- Installing: /home/dave/team/test_ws/install/client/share/client/launch/client_node_launch.py
[0.426s] -- Up-to-date: /home/dave/team/test_ws/install/client/share/ament_index/resource_index/package_run_dependencies/client
[0.426s] -- Up-to-date: /home/dave/team/test_ws/install/client/share/ament_index/resource_index/parent_prefix_path/client
[0.426s] -- Up-to-date: /home/dave/team/test_ws/install/client/share/client/environment/ament_prefix_path.sh
[0.427s] -- Up-to-date: /home/dave/team/test_ws/install/client/share/client/environment/path.sh
[0.427s] -- Up-to-date: /home/dave/team/test_ws/install/client/share/client/local_setup.bash
[0.427s] -- Up-to-date: /home/dave/team/test_ws/install/client/share/client/local_setup.sh
[0.427s] -- Up-to-date: /home/dave/team/test_ws/install/client/share/client/local_setup.zsh
[0.427s] -- Up-to-date: /home/dave/team/test_ws/install/client/share/ament_index/resource_index/packages/client
[0.428s] -- Up-to-date: /home/dave/team/test_ws/install/client/share/client/cmake/clientConfig.cmake
[0.428s] -- Up-to-date: /home/dave/team/test_ws/install/client/share/client/cmake/clientConfig-version.cmake
[0.429s] -- Up-to-date: /home/dave/team/test_ws/install/client/share/client/package.xml
[0.431s] Invoked command in '/home/dave/team/test_ws/build/client' returned '0': CMAKE_PREFIX_PATH=${CMAKE_PREFIX_PATH}:/opt/ros/dashing /usr/bin/cmake --build /home/dave/team/test_ws/build/client --target install -- -j4 -l4
