running egg_info
writing ../../build/client/client.egg-info/PKG-INFO
writing dependency_links to ../../build/client/client.egg-info/dependency_links.txt
writing entry points to ../../build/client/client.egg-info/entry_points.txt
writing requirements to ../../build/client/client.egg-info/requires.txt
writing top-level names to ../../build/client/client.egg-info/top_level.txt
reading manifest file '../../build/client/client.egg-info/SOURCES.txt'
writing manifest file '../../build/client/client.egg-info/SOURCES.txt'
running build
running build_py
copying client/client_node.py -> /home/dave/team/test_ws/build/client/build/lib/client
running install
running install_lib
copying /home/dave/team/test_ws/build/client/build/lib/client/client_node.py -> /home/dave/team/test_ws/install/client/lib/python3.6/site-packages/client
byte-compiling /home/dave/team/test_ws/install/client/lib/python3.6/site-packages/client/client_node.py to client_node.cpython-36.pyc
running install_data
copying package.xml -> /home/dave/team/test_ws/install/client/share/client
running install_egg_info
removing '/home/dave/team/test_ws/install/client/lib/python3.6/site-packages/client-0.0.0-py3.6.egg-info' (and everything under it)
Copying ../../build/client/client.egg-info to /home/dave/team/test_ws/install/client/lib/python3.6/site-packages/client-0.0.0-py3.6.egg-info
running install_scripts
writing list of installed files to '/home/dave/team/test_ws/build/client/install.log'
