[0.616s] Invoking command in '/home/dave/team/test_ws/src/client': PYTHONPATH=/home/dave/team/test_ws/install/client/lib/python3.6/site-packages:${PYTHONPATH} /usr/bin/python3 setup.py egg_info --egg-base ../../build/client build --build-base /home/dave/team/test_ws/build/client/build install --prefix /home/dave/team/test_ws/install/client --record /home/dave/team/test_ws/build/client/install.log --single-version-externally-managed
[1.067s] running egg_info
[1.068s] writing ../../build/client/client.egg-info/PKG-INFO
[1.069s] writing dependency_links to ../../build/client/client.egg-info/dependency_links.txt
[1.069s] writing entry points to ../../build/client/client.egg-info/entry_points.txt
[1.069s] writing requirements to ../../build/client/client.egg-info/requires.txt
[1.070s] writing top-level names to ../../build/client/client.egg-info/top_level.txt
[1.150s] reading manifest file '../../build/client/client.egg-info/SOURCES.txt'
[1.153s] writing manifest file '../../build/client/client.egg-info/SOURCES.txt'
[1.154s] running build
[1.154s] running build_py
[1.154s] copying client/client_node.py -> /home/dave/team/test_ws/build/client/build/lib/client
[1.155s] running install
[1.155s] running install_lib
[1.159s] copying /home/dave/team/test_ws/build/client/build/lib/client/client_node.py -> /home/dave/team/test_ws/install/client/lib/python3.6/site-packages/client
[1.160s] byte-compiling /home/dave/team/test_ws/install/client/lib/python3.6/site-packages/client/client_node.py to client_node.cpython-36.pyc
[1.160s] running install_data
[1.164s] copying package.xml -> /home/dave/team/test_ws/install/client/share/client
[1.164s] running install_egg_info
[1.172s] removing '/home/dave/team/test_ws/install/client/lib/python3.6/site-packages/client-0.0.0-py3.6.egg-info' (and everything under it)
[1.173s] Copying ../../build/client/client.egg-info to /home/dave/team/test_ws/install/client/lib/python3.6/site-packages/client-0.0.0-py3.6.egg-info
[1.176s] running install_scripts
[1.223s] writing list of installed files to '/home/dave/team/test_ws/build/client/install.log'
[1.336s] Invoked command in '/home/dave/team/test_ws/src/client' returned '0': PYTHONPATH=/home/dave/team/test_ws/install/client/lib/python3.6/site-packages:${PYTHONPATH} /usr/bin/python3 setup.py egg_info --egg-base ../../build/client build --build-base /home/dave/team/test_ws/build/client/build install --prefix /home/dave/team/test_ws/install/client --record /home/dave/team/test_ws/build/client/install.log --single-version-externally-managed
