[0.535s] Invoking command in '/home/dave/team/test_ws/src/client': PYTHONPATH=/home/dave/team/test_ws/install/client/lib/python3.6/site-packages:${PYTHONPATH} /usr/bin/python3 setup.py egg_info --egg-base ../../build/client build --build-base /home/dave/team/test_ws/build/client/build install --prefix /home/dave/team/test_ws/install/client --record /home/dave/team/test_ws/build/client/install.log --single-version-externally-managed
[1.034s] running egg_info
[1.038s] writing ../../build/client/client.egg-info/PKG-INFO
[1.041s] writing dependency_links to ../../build/client/client.egg-info/dependency_links.txt
[1.042s] writing entry points to ../../build/client/client.egg-info/entry_points.txt
[1.042s] writing requirements to ../../build/client/client.egg-info/requires.txt
[1.043s] writing top-level names to ../../build/client/client.egg-info/top_level.txt
[1.209s] reading manifest file '../../build/client/client.egg-info/SOURCES.txt'
[1.209s] writing manifest file '../../build/client/client.egg-info/SOURCES.txt'
[1.210s] running build
[1.210s] running build_py
[1.210s] copying client/client_node.py -> /home/dave/team/test_ws/build/client/build/lib/client
[1.211s] running install
[1.211s] running install_lib
[1.211s] copying /home/dave/team/test_ws/build/client/build/lib/client/client_node.py -> /home/dave/team/test_ws/install/client/lib/python3.6/site-packages/client
[1.212s] byte-compiling /home/dave/team/test_ws/install/client/lib/python3.6/site-packages/client/client_node.py to client_node.cpython-36.pyc
[1.212s] running install_data
[1.212s] running install_egg_info
[1.213s] removing '/home/dave/team/test_ws/install/client/lib/python3.6/site-packages/client-0.0.0-py3.6.egg-info' (and everything under it)
[1.215s] Copying ../../build/client/client.egg-info to /home/dave/team/test_ws/install/client/lib/python3.6/site-packages/client-0.0.0-py3.6.egg-info
[1.216s] running install_scripts
[1.281s] Installing client_start script to /home/dave/team/test_ws/install/client/lib/client
[1.282s] writing list of installed files to '/home/dave/team/test_ws/build/client/install.log'
[1.373s] Invoked command in '/home/dave/team/test_ws/src/client' returned '0': PYTHONPATH=/home/dave/team/test_ws/install/client/lib/python3.6/site-packages:${PYTHONPATH} /usr/bin/python3 setup.py egg_info --egg-base ../../build/client build --build-base /home/dave/team/test_ws/build/client/build install --prefix /home/dave/team/test_ws/install/client --record /home/dave/team/test_ws/build/client/install.log --single-version-externally-managed
