[0.620s] Invoking command in '/home/dave/team/test_ws/src/client': PYTHONPATH=/home/dave/team/test_ws/install/client/lib/python3.6/site-packages:${PYTHONPATH} /usr/bin/python3 setup.py egg_info --egg-base ../../build/client build --build-base /home/dave/team/test_ws/build/client/build install --prefix /home/dave/team/test_ws/install/client --record /home/dave/team/test_ws/build/client/install.log --single-version-externally-managed
[1.089s] running egg_info
[1.090s] creating ../../build/client/client.egg-info
[1.091s] writing ../../build/client/client.egg-info/PKG-INFO
[1.091s] writing dependency_links to ../../build/client/client.egg-info/dependency_links.txt
[1.092s] writing entry points to ../../build/client/client.egg-info/entry_points.txt
[1.092s] writing requirements to ../../build/client/client.egg-info/requires.txt
[1.092s] writing top-level names to ../../build/client/client.egg-info/top_level.txt
[1.092s] writing manifest file '../../build/client/client.egg-info/SOURCES.txt'
[1.211s] reading manifest file '../../build/client/client.egg-info/SOURCES.txt'
[1.214s] writing manifest file '../../build/client/client.egg-info/SOURCES.txt'
[1.215s] running build
[1.215s] running build_py
[1.216s] creating /home/dave/team/test_ws/build/client/build
[1.216s] creating /home/dave/team/test_ws/build/client/build/lib
[1.216s] creating /home/dave/team/test_ws/build/client/build/lib/client
[1.216s] copying client/__init__.py -> /home/dave/team/test_ws/build/client/build/lib/client
[1.217s] running install
[1.217s] running install_lib
[1.221s] creating /home/dave/team/test_ws/install/client/lib/python3.6/site-packages/client
[1.223s] copying /home/dave/team/test_ws/build/client/build/lib/client/__init__.py -> /home/dave/team/test_ws/install/client/lib/python3.6/site-packages/client
[1.224s] byte-compiling /home/dave/team/test_ws/install/client/lib/python3.6/site-packages/client/__init__.py to __init__.cpython-36.pyc
[1.225s] running install_data
[1.227s] copying resource/client -> /home/dave/team/test_ws/install/client/share/ament_index/resource_index/packages
[1.227s] copying package.xml -> /home/dave/team/test_ws/install/client/share/client
[1.227s] running install_egg_info
[1.236s] Copying ../../build/client/client.egg-info to /home/dave/team/test_ws/install/client/lib/python3.6/site-packages/client-0.0.0-py3.6.egg-info
[1.237s] running install_scripts
[1.305s] writing list of installed files to '/home/dave/team/test_ws/build/client/install.log'
[1.350s] Invoked command in '/home/dave/team/test_ws/src/client' returned '0': PYTHONPATH=/home/dave/team/test_ws/install/client/lib/python3.6/site-packages:${PYTHONPATH} /usr/bin/python3 setup.py egg_info --egg-base ../../build/client build --build-base /home/dave/team/test_ws/build/client/build install --prefix /home/dave/team/test_ws/install/client --record /home/dave/team/test_ws/build/client/install.log --single-version-externally-managed
