[0.477s] Invoking command in '/home/dave/team/test_ws/src/client': PYTHONPATH=/home/dave/team/test_ws/install/client/lib/python3.6/site-packages:${PYTHONPATH} /usr/bin/python3 setup.py egg_info --egg-base ../../build/client build --build-base /home/dave/team/test_ws/build/client/build install --prefix /home/dave/team/test_ws/install/client --record /home/dave/team/test_ws/build/client/install.log --single-version-externally-managed
[0.948s] running egg_info
[0.950s] writing ../../build/client/client.egg-info/PKG-INFO
[0.951s] writing dependency_links to ../../build/client/client.egg-info/dependency_links.txt
[0.952s] writing entry points to ../../build/client/client.egg-info/entry_points.txt
[0.953s] writing requirements to ../../build/client/client.egg-info/requires.txt
[0.953s] writing top-level names to ../../build/client/client.egg-info/top_level.txt
[1.020s] reading manifest file '../../build/client/client.egg-info/SOURCES.txt'
[1.022s] writing manifest file '../../build/client/client.egg-info/SOURCES.txt'
[1.023s] running build
[1.023s] running build_py
[1.023s] running install
[1.024s] running install_lib
[1.026s] running install_data
[1.027s] running install_egg_info
[1.032s] removing '/home/dave/team/test_ws/install/client/lib/python3.6/site-packages/client-0.0.0-py3.6.egg-info' (and everything under it)
[1.032s] Copying ../../build/client/client.egg-info to /home/dave/team/test_ws/install/client/lib/python3.6/site-packages/client-0.0.0-py3.6.egg-info
[1.034s] running install_scripts
[1.069s] Installing client_start script to /home/dave/team/test_ws/install/client/lib/client
[1.070s] writing list of installed files to '/home/dave/team/test_ws/build/client/install.log'
[1.114s] Invoked command in '/home/dave/team/test_ws/src/client' returned '0': PYTHONPATH=/home/dave/team/test_ws/install/client/lib/python3.6/site-packages:${PYTHONPATH} /usr/bin/python3 setup.py egg_info --egg-base ../../build/client build --build-base /home/dave/team/test_ws/build/client/build install --prefix /home/dave/team/test_ws/install/client --record /home/dave/team/test_ws/build/client/install.log --single-version-externally-managed
