[0.534s] Invoking command in '/home/dave/team/test_ws/build/my_robot_bringup': CMAKE_PREFIX_PATH=${CMAKE_PREFIX_PATH}:/opt/ros/dashing /usr/bin/cmake --build /home/dave/team/test_ws/build/my_robot_bringup -- -j4 -l4
[0.616s] [100%] Built target global_parameter_server
[0.640s] Invoked command in '/home/dave/team/test_ws/build/my_robot_bringup' returned '0': CMAKE_PREFIX_PATH=${CMAKE_PREFIX_PATH}:/opt/ros/dashing /usr/bin/cmake --build /home/dave/team/test_ws/build/my_robot_bringup -- -j4 -l4
[0.733s] Invoking command in '/home/dave/team/test_ws/build/my_robot_bringup': CMAKE_PREFIX_PATH=${CMAKE_PREFIX_PATH}:/opt/ros/dashing /usr/bin/cmake --build /home/dave/team/test_ws/build/my_robot_bringup --target install -- -j4 -l4
[0.854s] [100%] Built target global_parameter_server
[0.901s] [36mInstall the project...[0m
[0.920s] -- Install configuration: ""
[0.920s] -- Up-to-date: /home/dave/team/test_ws/install/my_robot_bringup/lib/my_robot_bringup/global_parameter_server
[0.921s] -- Up-to-date: /home/dave/team/test_ws/install/my_robot_bringup/share/my_robot_bringup/launch
[0.921s] -- Up-to-date: /home/dave/team/test_ws/install/my_robot_bringup/share/my_robot_bringup/launch/my_robot.launch.py
[0.921s] -- Up-to-date: /home/dave/team/test_ws/install/my_robot_bringup/share/my_robot_bringup/config
[0.922s] -- Up-to-date: /home/dave/team/test_ws/install/my_robot_bringup/share/my_robot_bringup/config/global_params.yaml
[0.922s] -- Up-to-date: /home/dave/team/test_ws/install/my_robot_bringup/share/ament_index/resource_index/package_run_dependencies/my_robot_bringup
[0.922s] -- Up-to-date: /home/dave/team/test_ws/install/my_robot_bringup/share/ament_index/resource_index/parent_prefix_path/my_robot_bringup
[0.922s] -- Up-to-date: /home/dave/team/test_ws/install/my_robot_bringup/share/my_robot_bringup/environment/ament_prefix_path.sh
[0.922s] -- Up-to-date: /home/dave/team/test_ws/install/my_robot_bringup/share/my_robot_bringup/environment/path.sh
[0.923s] -- Up-to-date: /home/dave/team/test_ws/install/my_robot_bringup/share/my_robot_bringup/local_setup.bash
[0.923s] -- Up-to-date: /home/dave/team/test_ws/install/my_robot_bringup/share/my_robot_bringup/local_setup.sh
[0.923s] -- Up-to-date: /home/dave/team/test_ws/install/my_robot_bringup/share/my_robot_bringup/local_setup.zsh
[0.923s] -- Up-to-date: /home/dave/team/test_ws/install/my_robot_bringup/share/ament_index/resource_index/packages/my_robot_bringup
[0.924s] -- Up-to-date: /home/dave/team/test_ws/install/my_robot_bringup/share/my_robot_bringup/cmake/my_robot_bringupConfig.cmake
[0.924s] -- Up-to-date: /home/dave/team/test_ws/install/my_robot_bringup/share/my_robot_bringup/cmake/my_robot_bringupConfig-version.cmake
[0.925s] -- Up-to-date: /home/dave/team/test_ws/install/my_robot_bringup/share/my_robot_bringup/package.xml
[0.929s] Invoked command in '/home/dave/team/test_ws/build/my_robot_bringup' returned '0': CMAKE_PREFIX_PATH=${CMAKE_PREFIX_PATH}:/opt/ros/dashing /usr/bin/cmake --build /home/dave/team/test_ws/build/my_robot_bringup --target install -- -j4 -l4
