[0.025s] Invoking command in '/home/dave/team/test_ws/build/client': CMAKE_PREFIX_PATH=${CMAKE_PREFIX_PATH}:/opt/ros/dashing /usr/bin/cmake /home/dave/team/test_ws/src/client -DCMAKE_INSTALL_PREFIX=/home/dave/team/test_ws/install/client
[0.175s] -- The C compiler identification is GNU 7.5.0
[0.242s] -- The CXX compiler identification is GNU 7.5.0
[0.252s] -- Check for working C compiler: /usr/bin/cc
[0.349s] -- Check for working C compiler: /usr/bin/cc -- works
[0.350s] -- Detecting C compiler ABI info
[0.459s] -- Detecting C compiler ABI info - done
[0.464s] -- Detecting C compile features
[0.681s] -- Detecting C compile features - done
[0.683s] -- Check for working CXX compiler: /usr/bin/c++
[0.767s] -- Check for working CXX compiler: /usr/bin/c++ -- works
[0.768s] -- Detecting CXX compiler ABI info
[0.852s] -- Detecting CXX compiler ABI info - done
[0.856s] -- Detecting CXX compile features
[1.210s] -- Detecting CXX compile features - done
[1.218s] -- Found ament_cmake: 0.7.6 (/opt/ros/dashing/share/ament_cmake/cmake)
[1.248s] -- Found PythonInterp: /usr/bin/python3 (found suitable version "3.6.9", minimum required is "3") 
[1.248s] -- Using PYTHON_EXECUTABLE: /usr/bin/python3
[1.436s] -- Found ament_lint_auto: 0.7.12 (/opt/ros/dashing/share/ament_lint_auto/cmake)
[1.506s] -- Added test 'copyright' to check for copyright in CMake / C / C++ / Python code
[1.508s] -- Added test 'flake8' to check Python code syntax and style conventions
[1.508s] -- Added test 'lint_cmake' to check CMake code style
[1.509s] -- Added test 'pep257' to check Python code against some of the style conventions in PEP 257
[1.510s] -- Added test 'xmllint' to check XML markup files
[1.515s] -- Configuring done
[1.518s] -- Generating done
[1.519s] -- Build files have been written to: /home/dave/team/test_ws/build/client
[1.523s] Invoked command in '/home/dave/team/test_ws/build/client' returned '0': CMAKE_PREFIX_PATH=${CMAKE_PREFIX_PATH}:/opt/ros/dashing /usr/bin/cmake /home/dave/team/test_ws/src/client -DCMAKE_INSTALL_PREFIX=/home/dave/team/test_ws/install/client
[1.526s] Invoking command in '/home/dave/team/test_ws/build/client': CMAKE_PREFIX_PATH=${CMAKE_PREFIX_PATH}:/opt/ros/dashing /usr/bin/cmake --build /home/dave/team/test_ws/build/client -- -j4 -l4
[1.579s] Invoked command in '/home/dave/team/test_ws/build/client' returned '0': CMAKE_PREFIX_PATH=${CMAKE_PREFIX_PATH}:/opt/ros/dashing /usr/bin/cmake --build /home/dave/team/test_ws/build/client -- -j4 -l4
[1.604s] Invoking command in '/home/dave/team/test_ws/build/client': CMAKE_PREFIX_PATH=${CMAKE_PREFIX_PATH}:/opt/ros/dashing /usr/bin/cmake --build /home/dave/team/test_ws/build/client --target install -- -j4 -l4
[1.662s] [36mInstall the project...[0m
[1.681s] -- Install configuration: ""
[1.681s] -- Installing: /home/dave/team/test_ws/install/client/share/ament_index/resource_index/package_run_dependencies/client
[1.682s] -- Installing: /home/dave/team/test_ws/install/client/share/ament_index/resource_index/parent_prefix_path/client
[1.682s] -- Installing: /home/dave/team/test_ws/install/client/share/client/environment/ament_prefix_path.sh
[1.683s] -- Installing: /home/dave/team/test_ws/install/client/share/client/environment/path.sh
[1.683s] -- Installing: /home/dave/team/test_ws/install/client/share/client/local_setup.bash
[1.683s] -- Installing: /home/dave/team/test_ws/install/client/share/client/local_setup.sh
[1.683s] -- Installing: /home/dave/team/test_ws/install/client/share/client/local_setup.zsh
[1.684s] -- Installing: /home/dave/team/test_ws/install/client/share/ament_index/resource_index/packages/client
[1.684s] -- Installing: /home/dave/team/test_ws/install/client/share/client/cmake/clientConfig.cmake
[1.684s] -- Installing: /home/dave/team/test_ws/install/client/share/client/cmake/clientConfig-version.cmake
[1.685s] -- Installing: /home/dave/team/test_ws/install/client/share/client/package.xml
[1.690s] Invoked command in '/home/dave/team/test_ws/build/client' returned '0': CMAKE_PREFIX_PATH=${CMAKE_PREFIX_PATH}:/opt/ros/dashing /usr/bin/cmake --build /home/dave/team/test_ws/build/client --target install -- -j4 -l4
