[0.579s] Invoking command in '/home/dave/team/test_ws/src/client': PYTHONPATH=/home/dave/team/test_ws/install/client/lib/python3.6/site-packages:${PYTHONPATH} /usr/bin/python3 setup.py egg_info --egg-base ../../build/client build --build-base /home/dave/team/test_ws/build/client/build install --prefix /home/dave/team/test_ws/install/client --record /home/dave/team/test_ws/build/client/install.log --single-version-externally-managed
[1.094s] running egg_info
[1.094s] writing ../../build/client/client.egg-info/PKG-INFO
[1.094s] writing dependency_links to ../../build/client/client.egg-info/dependency_links.txt
[1.094s] writing entry points to ../../build/client/client.egg-info/entry_points.txt
[1.095s] writing requirements to ../../build/client/client.egg-info/requires.txt
[1.095s] writing top-level names to ../../build/client/client.egg-info/top_level.txt
[1.165s] reading manifest file '../../build/client/client.egg-info/SOURCES.txt'
[1.171s] writing manifest file '../../build/client/client.egg-info/SOURCES.txt'
[1.171s] running build
[1.171s] running build_py
[1.171s] copying client/client_node.py -> /home/dave/team/test_ws/build/client/build/lib/client
[1.172s] running install
[1.172s] running install_lib
[1.172s] copying /home/dave/team/test_ws/build/client/build/lib/client/client_node.py -> /home/dave/team/test_ws/install/client/lib/python3.6/site-packages/client
[1.173s] byte-compiling /home/dave/team/test_ws/install/client/lib/python3.6/site-packages/client/client_node.py to client_node.cpython-36.pyc
[1.174s] Sorry: TabError: inconsistent use of tabs and spaces in indentation (client_node.py, line 18)
[1.174s] running install_data
[1.177s] running install_egg_info
[1.180s] removing '/home/dave/team/test_ws/install/client/lib/python3.6/site-packages/client-0.0.0-py3.6.egg-info' (and everything under it)
[1.181s] Copying ../../build/client/client.egg-info to /home/dave/team/test_ws/install/client/lib/python3.6/site-packages/client-0.0.0-py3.6.egg-info
[1.183s] running install_scripts
[1.234s] Installing client_start script to /home/dave/team/test_ws/install/client/lib/client
[1.235s] writing list of installed files to '/home/dave/team/test_ws/build/client/install.log'
[1.284s] Invoked command in '/home/dave/team/test_ws/src/client' returned '0': PYTHONPATH=/home/dave/team/test_ws/install/client/lib/python3.6/site-packages:${PYTHONPATH} /usr/bin/python3 setup.py egg_info --egg-base ../../build/client build --build-base /home/dave/team/test_ws/build/client/build install --prefix /home/dave/team/test_ws/install/client --record /home/dave/team/test_ws/build/client/install.log --single-version-externally-managed
