[0.973s] DEBUG:colcon:Command line arguments: ['/usr/bin/colcon', 'build']
[0.974s] DEBUG:colcon:Parsed command line arguments: Namespace(ament_cmake_args=None, base_paths=['.'], build_base='build', catkin_cmake_args=None, catkin_skip_building_tests=False, cmake_args=None, cmake_clean_cache=False, cmake_clean_first=False, cmake_force_configure=False, cmake_target=None, cmake_target_skip_unavailable=False, continue_on_error=False, event_handlers=None, executor='parallel', ignore_user_meta=False, install_base='install', log_base=None, log_level=None, main=<bound method BuildVerb.main of <colcon_core.verb.build.BuildVerb object at 0x7f30470ac9b0>>, merge_install=False, metas=['./colcon.meta'], packages_above=None, packages_above_and_dependencies=None, packages_above_depth=None, packages_end=None, packages_ignore=None, packages_ignore_regex=None, packages_select=None, packages_select_build_failed=False, packages_select_by_dep=None, packages_select_regex=None, packages_select_test_failures=False, packages_skip=None, packages_skip_build_finished=False, packages_skip_by_dep=None, packages_skip_regex=None, packages_skip_test_passed=False, packages_skip_up_to=None, packages_start=None, packages_up_to=None, packages_up_to_regex=None, parallel_workers=4, paths=None, symlink_install=False, test_result_base=None, verb_extension=<colcon_core.verb.build.BuildVerb object at 0x7f30470ac9b0>, verb_name='build', verb_parser=<colcon_defaults.argument_parser.defaults.DefaultArgumentsDecorator object at 0x7f30470accf8>)
[1.001s] Level 1:colcon.colcon_core.package_discovery:discover_packages(colcon_meta) check parameters
[1.001s] Level 1:colcon.colcon_core.package_discovery:discover_packages(recursive) check parameters
[1.001s] Level 1:colcon.colcon_core.package_discovery:discover_packages(ignore) check parameters
[1.002s] Level 1:colcon.colcon_core.package_discovery:discover_packages(path) check parameters
[1.002s] Level 1:colcon.colcon_core.package_discovery:discover_packages(colcon_meta) discover
[1.003s] Level 1:colcon.colcon_core.package_discovery:discover_packages(recursive) discover
[1.003s] INFO:colcon.colcon_core.package_discovery:Crawling recursively for packages in '/home/dave/team/test_ws'
[1.004s] Level 1:colcon.colcon_core.package_identification:_identify(.) by extensions ['ignore', 'ignore_ament_install']
[1.004s] Level 1:colcon.colcon_core.package_identification:_identify(.) by extension 'ignore'
[1.004s] Level 1:colcon.colcon_core.package_identification:_identify(.) by extension 'ignore_ament_install'
[1.004s] Level 1:colcon.colcon_core.package_identification:_identify(.) by extensions ['colcon_pkg']
[1.004s] Level 1:colcon.colcon_core.package_identification:_identify(.) by extension 'colcon_pkg'
[1.005s] Level 1:colcon.colcon_core.package_identification:_identify(.) by extensions ['colcon_meta']
[1.005s] Level 1:colcon.colcon_core.package_identification:_identify(.) by extension 'colcon_meta'
[1.005s] Level 1:colcon.colcon_core.package_identification:_identify(.) by extensions ['ros']
[1.005s] Level 1:colcon.colcon_core.package_identification:_identify(.) by extension 'ros'
[1.046s] Level 1:colcon.colcon_core.package_identification:_identify(.) by extensions ['cmake', 'python']
[1.046s] Level 1:colcon.colcon_core.package_identification:_identify(.) by extension 'cmake'
[1.047s] Level 1:colcon.colcon_core.package_identification:_identify(.) by extension 'python'
[1.047s] Level 1:colcon.colcon_core.package_identification:_identify(.) by extensions ['python_setup_py']
[1.047s] Level 1:colcon.colcon_core.package_identification:_identify(.) by extension 'python_setup_py'
[1.047s] Level 1:colcon.colcon_core.package_identification:_identify(build) by extensions ['ignore', 'ignore_ament_install']
[1.047s] Level 1:colcon.colcon_core.package_identification:_identify(build) by extension 'ignore'
[1.047s] Level 1:colcon.colcon_core.package_identification:_identify(build) ignored
[1.048s] Level 1:colcon.colcon_core.package_identification:_identify(install) by extensions ['ignore', 'ignore_ament_install']
[1.048s] Level 1:colcon.colcon_core.package_identification:_identify(install) by extension 'ignore'
[1.048s] Level 1:colcon.colcon_core.package_identification:_identify(install) ignored
[1.049s] Level 1:colcon.colcon_core.package_identification:_identify(log) by extensions ['ignore', 'ignore_ament_install']
[1.049s] Level 1:colcon.colcon_core.package_identification:_identify(log) by extension 'ignore'
[1.049s] Level 1:colcon.colcon_core.package_identification:_identify(log) ignored
[1.050s] Level 1:colcon.colcon_core.package_identification:_identify(src) by extensions ['ignore', 'ignore_ament_install']
[1.050s] Level 1:colcon.colcon_core.package_identification:_identify(src) by extension 'ignore'
[1.051s] Level 1:colcon.colcon_core.package_identification:_identify(src) by extension 'ignore_ament_install'
[1.051s] Level 1:colcon.colcon_core.package_identification:_identify(src) by extensions ['colcon_pkg']
[1.051s] Level 1:colcon.colcon_core.package_identification:_identify(src) by extension 'colcon_pkg'
[1.051s] Level 1:colcon.colcon_core.package_identification:_identify(src) by extensions ['colcon_meta']
[1.051s] Level 1:colcon.colcon_core.package_identification:_identify(src) by extension 'colcon_meta'
[1.051s] Level 1:colcon.colcon_core.package_identification:_identify(src) by extensions ['ros']
[1.051s] Level 1:colcon.colcon_core.package_identification:_identify(src) by extension 'ros'
[1.051s] Level 1:colcon.colcon_core.package_identification:_identify(src) by extensions ['cmake', 'python']
[1.052s] Level 1:colcon.colcon_core.package_identification:_identify(src) by extension 'cmake'
[1.052s] Level 1:colcon.colcon_core.package_identification:_identify(src) by extension 'python'
[1.052s] Level 1:colcon.colcon_core.package_identification:_identify(src) by extensions ['python_setup_py']
[1.052s] Level 1:colcon.colcon_core.package_identification:_identify(src) by extension 'python_setup_py'
[1.053s] Level 1:colcon.colcon_core.package_identification:_identify(src/build) by extensions ['ignore', 'ignore_ament_install']
[1.053s] Level 1:colcon.colcon_core.package_identification:_identify(src/build) by extension 'ignore'
[1.053s] Level 1:colcon.colcon_core.package_identification:_identify(src/build) ignored
[1.054s] Level 1:colcon.colcon_core.package_identification:_identify(src/client) by extensions ['ignore', 'ignore_ament_install']
[1.054s] Level 1:colcon.colcon_core.package_identification:_identify(src/client) by extension 'ignore'
[1.055s] Level 1:colcon.colcon_core.package_identification:_identify(src/client) by extension 'ignore_ament_install'
[1.055s] Level 1:colcon.colcon_core.package_identification:_identify(src/client) by extensions ['colcon_pkg']
[1.055s] Level 1:colcon.colcon_core.package_identification:_identify(src/client) by extension 'colcon_pkg'
[1.055s] Level 1:colcon.colcon_core.package_identification:_identify(src/client) by extensions ['colcon_meta']
[1.055s] Level 1:colcon.colcon_core.package_identification:_identify(src/client) by extension 'colcon_meta'
[1.055s] Level 1:colcon.colcon_core.package_identification:_identify(src/client) by extensions ['ros']
[1.055s] Level 1:colcon.colcon_core.package_identification:_identify(src/client) by extension 'ros'
[1.066s] DEBUG:colcon.colcon_core.package_identification:Package 'src/client' with type 'ros.ament_python' and name 'client'
[1.066s] Level 1:colcon.colcon_core.package_identification:_identify(src/install) by extensions ['ignore', 'ignore_ament_install']
[1.067s] Level 1:colcon.colcon_core.package_identification:_identify(src/install) by extension 'ignore'
[1.067s] Level 1:colcon.colcon_core.package_identification:_identify(src/install) ignored
[1.068s] Level 1:colcon.colcon_core.package_identification:_identify(src/log) by extensions ['ignore', 'ignore_ament_install']
[1.068s] Level 1:colcon.colcon_core.package_identification:_identify(src/log) by extension 'ignore'
[1.068s] Level 1:colcon.colcon_core.package_identification:_identify(src/log) ignored
[1.069s] Level 1:colcon.colcon_core.package_identification:_identify(src/my_robot_bringup) by extensions ['ignore', 'ignore_ament_install']
[1.069s] Level 1:colcon.colcon_core.package_identification:_identify(src/my_robot_bringup) by extension 'ignore'
[1.069s] Level 1:colcon.colcon_core.package_identification:_identify(src/my_robot_bringup) by extension 'ignore_ament_install'
[1.069s] Level 1:colcon.colcon_core.package_identification:_identify(src/my_robot_bringup) by extensions ['colcon_pkg']
[1.069s] Level 1:colcon.colcon_core.package_identification:_identify(src/my_robot_bringup) by extension 'colcon_pkg'
[1.070s] Level 1:colcon.colcon_core.package_identification:_identify(src/my_robot_bringup) by extensions ['colcon_meta']
[1.070s] Level 1:colcon.colcon_core.package_identification:_identify(src/my_robot_bringup) by extension 'colcon_meta'
[1.070s] Level 1:colcon.colcon_core.package_identification:_identify(src/my_robot_bringup) by extensions ['ros']
[1.070s] Level 1:colcon.colcon_core.package_identification:_identify(src/my_robot_bringup) by extension 'ros'
[1.072s] DEBUG:colcon.colcon_core.package_identification:Package 'src/my_robot_bringup' with type 'ros.ament_cmake' and name 'my_robot_bringup'
[1.072s] Level 1:colcon.colcon_core.package_discovery:discover_packages(recursive) using defaults
[1.072s] Level 1:colcon.colcon_core.package_discovery:discover_packages(ignore) discover
[1.073s] Level 1:colcon.colcon_core.package_discovery:discover_packages(ignore) using defaults
[1.073s] Level 1:colcon.colcon_core.package_discovery:discover_packages(path) discover
[1.073s] Level 1:colcon.colcon_core.package_discovery:discover_packages(path) using defaults
[1.166s] Level 5:colcon.colcon_core.verb:set package 'client' build argument 'cmake_args' from command line to 'None'
[1.166s] Level 5:colcon.colcon_core.verb:set package 'client' build argument 'cmake_target' from command line to 'None'
[1.166s] Level 5:colcon.colcon_core.verb:set package 'client' build argument 'cmake_target_skip_unavailable' from command line to 'False'
[1.166s] Level 5:colcon.colcon_core.verb:set package 'client' build argument 'cmake_clean_cache' from command line to 'False'
[1.167s] Level 5:colcon.colcon_core.verb:set package 'client' build argument 'cmake_clean_first' from command line to 'False'
[1.167s] Level 5:colcon.colcon_core.verb:set package 'client' build argument 'cmake_force_configure' from command line to 'False'
[1.167s] Level 5:colcon.colcon_core.verb:set package 'client' build argument 'ament_cmake_args' from command line to 'None'
[1.167s] Level 5:colcon.colcon_core.verb:set package 'client' build argument 'catkin_cmake_args' from command line to 'None'
[1.167s] Level 5:colcon.colcon_core.verb:set package 'client' build argument 'catkin_skip_building_tests' from command line to 'False'
[1.167s] DEBUG:colcon.colcon_core.verb:Building package 'client' with the following arguments: {'ament_cmake_args': None, 'build_base': '/home/dave/team/test_ws/build/client', 'catkin_cmake_args': None, 'catkin_skip_building_tests': False, 'cmake_args': None, 'cmake_clean_cache': False, 'cmake_clean_first': False, 'cmake_force_configure': False, 'cmake_target': None, 'cmake_target_skip_unavailable': False, 'install_base': '/home/dave/team/test_ws/install/client', 'merge_install': False, 'path': '/home/dave/team/test_ws/src/client', 'symlink_install': False, 'test_result_base': None}
[1.176s] Level 5:colcon.colcon_core.verb:set package 'my_robot_bringup' build argument 'cmake_args' from command line to 'None'
[1.177s] Level 5:colcon.colcon_core.verb:set package 'my_robot_bringup' build argument 'cmake_target' from command line to 'None'
[1.177s] Level 5:colcon.colcon_core.verb:set package 'my_robot_bringup' build argument 'cmake_target_skip_unavailable' from command line to 'False'
[1.177s] Level 5:colcon.colcon_core.verb:set package 'my_robot_bringup' build argument 'cmake_clean_cache' from command line to 'False'
[1.177s] Level 5:colcon.colcon_core.verb:set package 'my_robot_bringup' build argument 'cmake_clean_first' from command line to 'False'
[1.177s] Level 5:colcon.colcon_core.verb:set package 'my_robot_bringup' build argument 'cmake_force_configure' from command line to 'False'
[1.177s] Level 5:colcon.colcon_core.verb:set package 'my_robot_bringup' build argument 'ament_cmake_args' from command line to 'None'
[1.177s] Level 5:colcon.colcon_core.verb:set package 'my_robot_bringup' build argument 'catkin_cmake_args' from command line to 'None'
[1.177s] Level 5:colcon.colcon_core.verb:set package 'my_robot_bringup' build argument 'catkin_skip_building_tests' from command line to 'False'
[1.177s] DEBUG:colcon.colcon_core.verb:Building package 'my_robot_bringup' with the following arguments: {'ament_cmake_args': None, 'build_base': '/home/dave/team/test_ws/build/my_robot_bringup', 'catkin_cmake_args': None, 'catkin_skip_building_tests': False, 'cmake_args': None, 'cmake_clean_cache': False, 'cmake_clean_first': False, 'cmake_force_configure': False, 'cmake_target': None, 'cmake_target_skip_unavailable': False, 'install_base': '/home/dave/team/test_ws/install/my_robot_bringup', 'merge_install': False, 'path': '/home/dave/team/test_ws/src/my_robot_bringup', 'symlink_install': False, 'test_result_base': None}
[1.178s] INFO:colcon.colcon_core.executor:Executing jobs using 'parallel' executor
[1.185s] DEBUG:colcon.colcon_parallel_executor.executor.parallel:run_until_complete
[1.194s] INFO:colcon.colcon_ros.task.ament_python.build:Building ROS package in '/home/dave/team/test_ws/src/client' with build type 'ament_python'
[1.195s] Level 1:colcon.colcon_core.shell:create_environment_hook('client', 'ament_prefix_path')
[1.233s] INFO:colcon.colcon_core.plugin_system:Skipping extension 'colcon_core.shell.bat': Not used on non-Windows systems
[1.234s] INFO:colcon.colcon_core.shell:Creating environment hook '/home/dave/team/test_ws/install/client/share/client/hook/ament_prefix_path.ps1'
[1.241s] INFO:colcon.colcon_core.shell:Creating environment descriptor '/home/dave/team/test_ws/install/client/share/client/hook/ament_prefix_path.dsv'
[1.243s] INFO:colcon.colcon_core.shell:Creating environment hook '/home/dave/team/test_ws/install/client/share/client/hook/ament_prefix_path.sh'
[1.248s] INFO:colcon.colcon_core.shell:Skip shell extension 'powershell' for command environment: Not usable outside of PowerShell
[1.248s] DEBUG:colcon.colcon_core.shell:Skip shell extension 'dsv' for command environment
[1.265s] DEBUG:colcon.colcon_core.shell:Ignoring prefix path '/opt/ros/dashing'
[1.272s] INFO:colcon.colcon_ros.task.ament_cmake.build:Building ROS package in '/home/dave/team/test_ws/src/my_robot_bringup' with build type 'ament_cmake'
[1.274s] INFO:colcon.colcon_cmake.task.cmake.build:Building CMake package in '/home/dave/team/test_ws/src/my_robot_bringup'
[1.276s] INFO:colcon.colcon_core.shell:Skip shell extension 'powershell' for command environment: Not usable outside of PowerShell
[1.276s] DEBUG:colcon.colcon_core.shell:Skip shell extension 'dsv' for command environment
[1.283s] DEBUG:colcon.colcon_core.shell:Ignoring prefix path '/opt/ros/dashing'
[2.198s] INFO:colcon.colcon_core.task.python.build:Building Python package in '/home/dave/team/test_ws/src/client'
[2.200s] INFO:colcon.colcon_core.shell:Skip shell extension 'powershell' for command environment: Not usable outside of PowerShell
[2.200s] DEBUG:colcon.colcon_core.shell:Skip shell extension 'dsv' for command environment
[2.208s] DEBUG:colcon.colcon_core.shell:Ignoring prefix path '/opt/ros/dashing'
[2.228s] DEBUG:colcon.colcon_core.event_handler.log_command:Invoking command in '/home/dave/team/test_ws/build/my_robot_bringup': CMAKE_PREFIX_PATH=${CMAKE_PREFIX_PATH}:/opt/ros/dashing /usr/bin/cmake --build /home/dave/team/test_ws/build/my_robot_bringup -- -j4 -l4
[2.269s] DEBUG:colcon.colcon_core.event_handler.log_command:Invoking command in '/home/dave/team/test_ws/src/client': PYTHONPATH=/home/dave/team/test_ws/install/client/lib/python3.6/site-packages:${PYTHONPATH} /usr/bin/python3 setup.py egg_info --egg-base ../../build/client build --build-base /home/dave/team/test_ws/build/client/build install --prefix /home/dave/team/test_ws/install/client --record /home/dave/team/test_ws/build/client/install.log --single-version-externally-managed
[2.869s] DEBUG:colcon.colcon_core.event_handler.log_command:Invoked command in '/home/dave/team/test_ws/build/my_robot_bringup' returned '0': CMAKE_PREFIX_PATH=${CMAKE_PREFIX_PATH}:/opt/ros/dashing /usr/bin/cmake --build /home/dave/team/test_ws/build/my_robot_bringup -- -j4 -l4
[2.997s] DEBUG:colcon.colcon_core.event_handler.log_command:Invoking command in '/home/dave/team/test_ws/build/my_robot_bringup': CMAKE_PREFIX_PATH=${CMAKE_PREFIX_PATH}:/opt/ros/dashing /usr/bin/cmake --build /home/dave/team/test_ws/build/my_robot_bringup --target install -- -j4 -l4
[3.312s] Level 1:colcon.colcon_core.environment:create_environment_scripts_only(my_robot_bringup)
[3.316s] DEBUG:colcon.colcon_core.event_handler.log_command:Invoked command in '/home/dave/team/test_ws/build/my_robot_bringup' returned '0': CMAKE_PREFIX_PATH=${CMAKE_PREFIX_PATH}:/opt/ros/dashing /usr/bin/cmake --build /home/dave/team/test_ws/build/my_robot_bringup --target install -- -j4 -l4
[3.353s] Level 1:colcon.colcon_core.environment:checking '/home/dave/team/test_ws/install/my_robot_bringup' for CMake module files
[3.357s] Level 1:colcon.colcon_core.environment:checking '/home/dave/team/test_ws/install/my_robot_bringup' for CMake config files
[3.357s] Level 1:colcon.colcon_core.shell:create_environment_hook('my_robot_bringup', 'cmake_prefix_path')
[3.360s] INFO:colcon.colcon_core.shell:Creating environment hook '/home/dave/team/test_ws/install/my_robot_bringup/share/my_robot_bringup/hook/cmake_prefix_path.ps1'
[3.366s] INFO:colcon.colcon_core.shell:Creating environment descriptor '/home/dave/team/test_ws/install/my_robot_bringup/share/my_robot_bringup/hook/cmake_prefix_path.dsv'
[3.371s] INFO:colcon.colcon_core.shell:Creating environment hook '/home/dave/team/test_ws/install/my_robot_bringup/share/my_robot_bringup/hook/cmake_prefix_path.sh'
[3.375s] Level 1:colcon.colcon_core.environment:checking '/home/dave/team/test_ws/install/my_robot_bringup/lib'
[3.376s] Level 1:colcon.colcon_core.environment:checking '/home/dave/team/test_ws/install/my_robot_bringup/bin'
[3.376s] Level 1:colcon.colcon_core.environment:checking '/home/dave/team/test_ws/install/my_robot_bringup/lib/pkgconfig/my_robot_bringup.pc'
[3.377s] Level 1:colcon.colcon_core.environment:checking '/home/dave/team/test_ws/install/my_robot_bringup/lib/python3.6/site-packages'
[3.379s] INFO:colcon.colcon_core.shell:Creating package script '/home/dave/team/test_ws/install/my_robot_bringup/share/my_robot_bringup/package.ps1'
[3.383s] INFO:colcon.colcon_core.shell:Creating package descriptor '/home/dave/team/test_ws/install/my_robot_bringup/share/my_robot_bringup/package.dsv'
[3.386s] INFO:colcon.colcon_core.shell:Creating package script '/home/dave/team/test_ws/install/my_robot_bringup/share/my_robot_bringup/package.sh'
[3.389s] INFO:colcon.colcon_core.shell:Creating package script '/home/dave/team/test_ws/install/my_robot_bringup/share/my_robot_bringup/package.bash'
[3.396s] INFO:colcon.colcon_core.shell:Creating package script '/home/dave/team/test_ws/install/my_robot_bringup/share/my_robot_bringup/package.zsh'
[3.432s] Level 1:colcon.colcon_core.environment:create_file_with_runtime_dependencies(/home/dave/team/test_ws/install/my_robot_bringup/share/colcon-core/packages/my_robot_bringup)
[3.524s] Level 1:colcon.colcon_core.environment:create_environment_scripts_only(my_robot_bringup)
[3.532s] Level 1:colcon.colcon_core.environment:checking '/home/dave/team/test_ws/install/my_robot_bringup' for CMake module files
[3.535s] Level 1:colcon.colcon_core.environment:checking '/home/dave/team/test_ws/install/my_robot_bringup' for CMake config files
[3.536s] Level 1:colcon.colcon_core.shell:create_environment_hook('my_robot_bringup', 'cmake_prefix_path')
[3.537s] INFO:colcon.colcon_core.shell:Creating environment hook '/home/dave/team/test_ws/install/my_robot_bringup/share/my_robot_bringup/hook/cmake_prefix_path.ps1'
[3.539s] INFO:colcon.colcon_core.shell:Creating environment descriptor '/home/dave/team/test_ws/install/my_robot_bringup/share/my_robot_bringup/hook/cmake_prefix_path.dsv'
[3.540s] INFO:colcon.colcon_core.shell:Creating environment hook '/home/dave/team/test_ws/install/my_robot_bringup/share/my_robot_bringup/hook/cmake_prefix_path.sh'
[3.543s] Level 1:colcon.colcon_core.environment:checking '/home/dave/team/test_ws/install/my_robot_bringup/lib'
[3.543s] Level 1:colcon.colcon_core.environment:checking '/home/dave/team/test_ws/install/my_robot_bringup/bin'
[3.544s] Level 1:colcon.colcon_core.environment:checking '/home/dave/team/test_ws/install/my_robot_bringup/lib/pkgconfig/my_robot_bringup.pc'
[3.544s] Level 1:colcon.colcon_core.environment:checking '/home/dave/team/test_ws/install/my_robot_bringup/lib/python3.6/site-packages'
[3.546s] INFO:colcon.colcon_core.shell:Creating package script '/home/dave/team/test_ws/install/my_robot_bringup/share/my_robot_bringup/package.ps1'
[3.548s] INFO:colcon.colcon_core.shell:Creating package descriptor '/home/dave/team/test_ws/install/my_robot_bringup/share/my_robot_bringup/package.dsv'
[3.550s] INFO:colcon.colcon_core.shell:Creating package script '/home/dave/team/test_ws/install/my_robot_bringup/share/my_robot_bringup/package.sh'
[3.552s] INFO:colcon.colcon_core.shell:Creating package script '/home/dave/team/test_ws/install/my_robot_bringup/share/my_robot_bringup/package.bash'
[3.553s] INFO:colcon.colcon_core.shell:Creating package script '/home/dave/team/test_ws/install/my_robot_bringup/share/my_robot_bringup/package.zsh'
[3.555s] Level 1:colcon.colcon_core.environment:create_file_with_runtime_dependencies(/home/dave/team/test_ws/install/my_robot_bringup/share/colcon-core/packages/my_robot_bringup)
[3.819s] Level 1:colcon.colcon_core.environment:checking '/home/dave/team/test_ws/install/client' for CMake module files
[3.822s] DEBUG:colcon.colcon_core.event_handler.log_command:Invoked command in '/home/dave/team/test_ws/src/client' returned '0': PYTHONPATH=/home/dave/team/test_ws/install/client/lib/python3.6/site-packages:${PYTHONPATH} /usr/bin/python3 setup.py egg_info --egg-base ../../build/client build --build-base /home/dave/team/test_ws/build/client/build install --prefix /home/dave/team/test_ws/install/client --record /home/dave/team/test_ws/build/client/install.log --single-version-externally-managed
[3.824s] Level 1:colcon.colcon_core.environment:checking '/home/dave/team/test_ws/install/client' for CMake config files
[3.827s] Level 1:colcon.colcon_core.shell:create_environment_hook('client', 'cmake_prefix_path')
[3.829s] INFO:colcon.colcon_core.shell:Creating environment hook '/home/dave/team/test_ws/install/client/share/client/hook/cmake_prefix_path.ps1'
[3.831s] INFO:colcon.colcon_core.shell:Creating environment descriptor '/home/dave/team/test_ws/install/client/share/client/hook/cmake_prefix_path.dsv'
[3.832s] INFO:colcon.colcon_core.shell:Creating environment hook '/home/dave/team/test_ws/install/client/share/client/hook/cmake_prefix_path.sh'
[3.835s] Level 1:colcon.colcon_core.environment:checking '/home/dave/team/test_ws/install/client/lib'
[3.836s] Level 1:colcon.colcon_core.environment:checking '/home/dave/team/test_ws/install/client/bin'
[3.836s] Level 1:colcon.colcon_core.environment:checking '/home/dave/team/test_ws/install/client/lib/pkgconfig/client.pc'
[3.836s] Level 1:colcon.colcon_core.environment:checking '/home/dave/team/test_ws/install/client/lib/python3.6/site-packages'
[3.837s] Level 1:colcon.colcon_core.shell:create_environment_hook('client', 'pythonpath')
[3.838s] INFO:colcon.colcon_core.shell:Creating environment hook '/home/dave/team/test_ws/install/client/share/client/hook/pythonpath.ps1'
[3.840s] INFO:colcon.colcon_core.shell:Creating environment descriptor '/home/dave/team/test_ws/install/client/share/client/hook/pythonpath.dsv'
[3.841s] INFO:colcon.colcon_core.shell:Creating environment hook '/home/dave/team/test_ws/install/client/share/client/hook/pythonpath.sh'
[3.842s] Level 1:colcon.colcon_core.environment:create_environment_scripts_only(client)
[3.844s] INFO:colcon.colcon_core.shell:Creating package script '/home/dave/team/test_ws/install/client/share/client/package.ps1'
[3.847s] INFO:colcon.colcon_core.shell:Creating package descriptor '/home/dave/team/test_ws/install/client/share/client/package.dsv'
[3.848s] INFO:colcon.colcon_core.shell:Creating package script '/home/dave/team/test_ws/install/client/share/client/package.sh'
[3.850s] INFO:colcon.colcon_core.shell:Creating package script '/home/dave/team/test_ws/install/client/share/client/package.bash'
[3.851s] INFO:colcon.colcon_core.shell:Creating package script '/home/dave/team/test_ws/install/client/share/client/package.zsh'
[3.852s] Level 1:colcon.colcon_core.environment:create_file_with_runtime_dependencies(/home/dave/team/test_ws/install/client/share/colcon-core/packages/client)
[3.855s] DEBUG:colcon.colcon_parallel_executor.executor.parallel:closing loop
[3.857s] DEBUG:colcon.colcon_parallel_executor.executor.parallel:loop closed
[3.858s] DEBUG:colcon.colcon_parallel_executor.executor.parallel:run_until_complete finished with '0'
[3.859s] DEBUG:colcon.colcon_core.event_reactor:joining thread
[3.944s] INFO:colcon.colcon_core.plugin_system:Skipping extension 'colcon_notification.desktop_notification.terminal_notifier': Not used on non-Darwin systems
[3.945s] INFO:colcon.colcon_core.plugin_system:Skipping extension 'colcon_notification.desktop_notification.win32': Not used on non-Windows systems
[3.945s] INFO:colcon.colcon_notification.desktop_notification:Sending desktop notification using 'notify2'
[4.029s] DEBUG:colcon.colcon_core.event_reactor:joined thread
[4.031s] INFO:colcon.colcon_core.shell:Creating prefix script '/home/dave/team/test_ws/install/local_setup.ps1'
[4.035s] INFO:colcon.colcon_core.shell:Creating prefix util module '/home/dave/team/test_ws/install/_local_setup_util_ps1.py'
[4.040s] INFO:colcon.colcon_core.shell:Creating prefix chain script '/home/dave/team/test_ws/install/setup.ps1'
[4.050s] INFO:colcon.colcon_core.shell:Creating prefix script '/home/dave/team/test_ws/install/local_setup.sh'
[4.052s] INFO:colcon.colcon_core.shell:Creating prefix util module '/home/dave/team/test_ws/install/_local_setup_util_sh.py'
[4.054s] INFO:colcon.colcon_core.shell:Creating prefix chain script '/home/dave/team/test_ws/install/setup.sh'
[4.062s] INFO:colcon.colcon_core.shell:Creating prefix script '/home/dave/team/test_ws/install/local_setup.bash'
[4.064s] INFO:colcon.colcon_core.shell:Creating prefix chain script '/home/dave/team/test_ws/install/setup.bash'
[4.072s] INFO:colcon.colcon_core.shell:Creating prefix script '/home/dave/team/test_ws/install/local_setup.zsh'
[4.075s] INFO:colcon.colcon_core.shell:Creating prefix chain script '/home/dave/team/test_ws/install/setup.zsh'
