[0.480s] Invoking command in '/home/dave/team/test_ws/src/client': PYTHONPATH=/home/dave/team/test_ws/install/client/lib/python3.6/site-packages:${PYTHONPATH} /usr/bin/python3 setup.py egg_info --egg-base ../../build/client build --build-base /home/dave/team/test_ws/build/client/build install --prefix /home/dave/team/test_ws/install/client --record /home/dave/team/test_ws/build/client/install.log --single-version-externally-managed
[0.901s] running egg_info
[0.902s] writing ../../build/client/client.egg-info/PKG-INFO
[0.903s] writing dependency_links to ../../build/client/client.egg-info/dependency_links.txt
[0.903s] writing entry points to ../../build/client/client.egg-info/entry_points.txt
[0.903s] writing requirements to ../../build/client/client.egg-info/requires.txt
[0.904s] writing top-level names to ../../build/client/client.egg-info/top_level.txt
[0.961s] reading manifest file '../../build/client/client.egg-info/SOURCES.txt'
[0.963s] writing manifest file '../../build/client/client.egg-info/SOURCES.txt'
[0.964s] running build
[0.964s] running build_py
[0.964s] copying client/client_node.py -> /home/dave/team/test_ws/build/client/build/lib/client
[0.964s] running install
[0.966s] running install_lib
[0.966s] copying /home/dave/team/test_ws/build/client/build/lib/client/client_node.py -> /home/dave/team/test_ws/install/client/lib/python3.6/site-packages/client
[0.966s] byte-compiling /home/dave/team/test_ws/install/client/lib/python3.6/site-packages/client/client_node.py to client_node.cpython-36.pyc
[0.967s] running install_data
[0.967s] running install_egg_info
[0.971s] removing '/home/dave/team/test_ws/install/client/lib/python3.6/site-packages/client-0.0.0-py3.6.egg-info' (and everything under it)
[0.972s] Copying ../../build/client/client.egg-info to /home/dave/team/test_ws/install/client/lib/python3.6/site-packages/client-0.0.0-py3.6.egg-info
[0.973s] running install_scripts
[1.019s] Installing client_start script to /home/dave/team/test_ws/install/client/lib/client
[1.020s] writing list of installed files to '/home/dave/team/test_ws/build/client/install.log'
[1.056s] Invoked command in '/home/dave/team/test_ws/src/client' returned '0': PYTHONPATH=/home/dave/team/test_ws/install/client/lib/python3.6/site-packages:${PYTHONPATH} /usr/bin/python3 setup.py egg_info --egg-base ../../build/client build --build-base /home/dave/team/test_ws/build/client/build install --prefix /home/dave/team/test_ws/install/client --record /home/dave/team/test_ws/build/client/install.log --single-version-externally-managed
