[0.076s] Invoking command in '/home/dave/team/test_ws/build/client': CMAKE_PREFIX_PATH=${CMAKE_PREFIX_PATH}:/opt/ros/dashing /usr/bin/cmake --build /home/dave/team/test_ws/build/client -- -j4 -l4
[0.233s] -- Found ament_cmake: 0.7.6 (/opt/ros/dashing/share/ament_cmake/cmake)
[0.317s] -- Using PYTHON_EXECUTABLE: /usr/bin/python3
[0.760s] -- Found rclpy: 0.7.11 (/opt/ros/dashing/share/rclpy/cmake)
[0.766s] -- Found ament_lint_auto: 0.7.12 (/opt/ros/dashing/share/ament_lint_auto/cmake)
[1.018s] -- Added test 'copyright' to check for copyright in CMake / C / C++ / Python code
[1.025s] -- Added test 'flake8' to check Python code syntax and style conventions
[1.027s] -- Added test 'lint_cmake' to check CMake code style
[1.029s] -- Added test 'pep257' to check Python code against some of the style conventions in PEP 257
[1.033s] -- Added test 'xmllint' to check XML markup files
[1.042s] -- Configuring done
[1.063s] -- Generating done
[1.066s] -- Build files have been written to: /home/dave/team/test_ws/build/client
[1.138s] Invoked command in '/home/dave/team/test_ws/build/client' returned '0': CMAKE_PREFIX_PATH=${CMAKE_PREFIX_PATH}:/opt/ros/dashing /usr/bin/cmake --build /home/dave/team/test_ws/build/client -- -j4 -l4
[1.212s] Invoking command in '/home/dave/team/test_ws/build/client': CMAKE_PREFIX_PATH=${CMAKE_PREFIX_PATH}:/opt/ros/dashing /usr/bin/cmake --build /home/dave/team/test_ws/build/client --target install -- -j4 -l4
[1.361s] [36mInstall the project...[0m
[1.394s] -- Install configuration: ""
[1.395s] -- Up-to-date: /home/dave/team/test_ws/install/client/share/client/environment/pythonpath.sh
[1.395s] -- Up-to-date: /home/dave/team/test_ws/install/client/lib/python3.6/site-packages/src
[1.395s] -- Up-to-date: /home/dave/team/test_ws/install/client/lib/python3.6/site-packages/src/client_node.py
[1.395s] -- Up-to-date: /home/dave/team/test_ws/install/client/lib/python3.6/site-packages/src/__init__.py
[1.500s] Listing '/home/dave/team/test_ws/install/client/lib/python3.6/site-packages/src'...
[1.512s] -- Up-to-date: /home/dave/team/test_ws/install/client/lib/client/client_node.py
[1.512s] -- Up-to-date: /home/dave/team/test_ws/install/client/share/client/launch
[1.513s] -- Installing: /home/dave/team/test_ws/install/client/share/client/launch/client_node.launch.py
[1.514s] -- Installing: /home/dave/team/test_ws/install/client/share/ament_index/resource_index/package_run_dependencies/client
[1.514s] -- Installing: /home/dave/team/test_ws/install/client/share/ament_index/resource_index/parent_prefix_path/client
[1.515s] -- Up-to-date: /home/dave/team/test_ws/install/client/share/client/environment/ament_prefix_path.sh
[1.515s] -- Up-to-date: /home/dave/team/test_ws/install/client/share/client/environment/path.sh
[1.516s] -- Up-to-date: /home/dave/team/test_ws/install/client/share/client/local_setup.bash
[1.516s] -- Up-to-date: /home/dave/team/test_ws/install/client/share/client/local_setup.sh
[1.516s] -- Up-to-date: /home/dave/team/test_ws/install/client/share/client/local_setup.zsh
[1.516s] -- Up-to-date: /home/dave/team/test_ws/install/client/share/ament_index/resource_index/packages/client
[1.517s] -- Up-to-date: /home/dave/team/test_ws/install/client/share/client/cmake/clientConfig.cmake
[1.517s] -- Up-to-date: /home/dave/team/test_ws/install/client/share/client/cmake/clientConfig-version.cmake
[1.517s] -- Installing: /home/dave/team/test_ws/install/client/share/client/package.xml
[1.525s] Invoked command in '/home/dave/team/test_ws/build/client' returned '0': CMAKE_PREFIX_PATH=${CMAKE_PREFIX_PATH}:/opt/ros/dashing /usr/bin/cmake --build /home/dave/team/test_ws/build/client --target install -- -j4 -l4
