[1.826s] Invoking command in '/home/dave/team/test_ws/src/client': PYTHONPATH=/home/dave/team/test_ws/install/client/lib/python3.6/site-packages:${PYTHONPATH} /usr/bin/python3 setup.py egg_info --egg-base ../../build/client build --build-base /home/dave/team/test_ws/build/client/build install --prefix /home/dave/team/test_ws/install/client --record /home/dave/team/test_ws/build/client/install.log --single-version-externally-managed
[4.096s] running egg_info
[4.100s] writing ../../build/client/client.egg-info/PKG-INFO
[4.102s] writing dependency_links to ../../build/client/client.egg-info/dependency_links.txt
[4.103s] writing entry points to ../../build/client/client.egg-info/entry_points.txt
[4.105s] writing requirements to ../../build/client/client.egg-info/requires.txt
[4.107s] writing top-level names to ../../build/client/client.egg-info/top_level.txt
[4.284s] reading manifest file '../../build/client/client.egg-info/SOURCES.txt'
[4.288s] writing manifest file '../../build/client/client.egg-info/SOURCES.txt'
[4.289s] running build
[4.289s] running build_py
[4.293s] copying client/client_node.py -> /home/dave/team/test_ws/build/client/build/lib/client
[4.295s] copying client/client_node_setter.py -> /home/dave/team/test_ws/build/client/build/lib/client
[4.296s] running install
[4.297s] running install_lib
[4.325s] copying /home/dave/team/test_ws/build/client/build/lib/client/client_node.py -> /home/dave/team/test_ws/install/client/lib/python3.6/site-packages/client
[4.328s] copying /home/dave/team/test_ws/build/client/build/lib/client/client_node_setter.py -> /home/dave/team/test_ws/install/client/lib/python3.6/site-packages/client
[4.334s] byte-compiling /home/dave/team/test_ws/install/client/lib/python3.6/site-packages/client/client_node.py to client_node.cpython-36.pyc
[4.339s] byte-compiling /home/dave/team/test_ws/install/client/lib/python3.6/site-packages/client/client_node_setter.py to client_node_setter.cpython-36.pyc
[4.341s] running install_data
[4.349s] running install_egg_info
[4.361s] removing '/home/dave/team/test_ws/install/client/lib/python3.6/site-packages/client-0.0.0-py3.6.egg-info' (and everything under it)
[4.363s] Copying ../../build/client/client.egg-info to /home/dave/team/test_ws/install/client/lib/python3.6/site-packages/client-0.0.0-py3.6.egg-info
[4.376s] running install_scripts
[4.522s] Installing client_start script to /home/dave/team/test_ws/install/client/lib/client
[4.523s] Installing client_start_s script to /home/dave/team/test_ws/install/client/lib/client
[4.525s] writing list of installed files to '/home/dave/team/test_ws/build/client/install.log'
[4.673s] Invoked command in '/home/dave/team/test_ws/src/client' returned '0': PYTHONPATH=/home/dave/team/test_ws/install/client/lib/python3.6/site-packages:${PYTHONPATH} /usr/bin/python3 setup.py egg_info --egg-base ../../build/client build --build-base /home/dave/team/test_ws/build/client/build install --prefix /home/dave/team/test_ws/install/client --record /home/dave/team/test_ws/build/client/install.log --single-version-externally-managed
