[0.115s] Invoking command in '/home/dave/team/test_ws/build/client': CMAKE_PREFIX_PATH=${CMAKE_PREFIX_PATH}:/opt/ros/dashing /usr/bin/cmake --build /home/dave/team/test_ws/build/client -- -j4 -l4
[0.497s] Invoked command in '/home/dave/team/test_ws/build/client' returned '0': CMAKE_PREFIX_PATH=${CMAKE_PREFIX_PATH}:/opt/ros/dashing /usr/bin/cmake --build /home/dave/team/test_ws/build/client -- -j4 -l4
[0.643s] Invoking command in '/home/dave/team/test_ws/build/client': CMAKE_PREFIX_PATH=${CMAKE_PREFIX_PATH}:/opt/ros/dashing /usr/bin/cmake --build /home/dave/team/test_ws/build/client --target install -- -j4 -l4
[0.859s] [36mInstall the project...[0m
[0.927s] -- Install configuration: ""
[0.927s] -- Up-to-date: /home/dave/team/test_ws/install/client/share/client/environment/pythonpath.sh
[0.927s] -- Up-to-date: /home/dave/team/test_ws/install/client/lib/python3.6/site-packages/src
[0.928s] -- Up-to-date: /home/dave/team/test_ws/install/client/lib/python3.6/site-packages/src/client_node.py
[0.928s] -- Up-to-date: /home/dave/team/test_ws/install/client/lib/python3.6/site-packages/src/__init__.py
[1.033s] Listing '/home/dave/team/test_ws/install/client/lib/python3.6/site-packages/src'...
[1.057s] -- Up-to-date: /home/dave/team/test_ws/install/client/lib/client/client_node.py
[1.057s] -- Up-to-date: /home/dave/team/test_ws/install/client/share/client/launch
[1.058s] -- Installing: /home/dave/team/test_ws/install/client/share/client/launch/client_node_launch.py
[1.058s] -- Up-to-date: /home/dave/team/test_ws/install/client/share/ament_index/resource_index/package_run_dependencies/client
[1.058s] -- Up-to-date: /home/dave/team/test_ws/install/client/share/ament_index/resource_index/parent_prefix_path/client
[1.059s] -- Up-to-date: /home/dave/team/test_ws/install/client/share/client/environment/ament_prefix_path.sh
[1.060s] -- Up-to-date: /home/dave/team/test_ws/install/client/share/client/environment/path.sh
[1.060s] -- Up-to-date: /home/dave/team/test_ws/install/client/share/client/local_setup.bash
[1.060s] -- Up-to-date: /home/dave/team/test_ws/install/client/share/client/local_setup.sh
[1.061s] -- Up-to-date: /home/dave/team/test_ws/install/client/share/client/local_setup.zsh
[1.061s] -- Up-to-date: /home/dave/team/test_ws/install/client/share/ament_index/resource_index/packages/client
[1.061s] -- Up-to-date: /home/dave/team/test_ws/install/client/share/client/cmake/clientConfig.cmake
[1.062s] -- Up-to-date: /home/dave/team/test_ws/install/client/share/client/cmake/clientConfig-version.cmake
[1.062s] -- Up-to-date: /home/dave/team/test_ws/install/client/share/client/package.xml
[1.070s] Invoked command in '/home/dave/team/test_ws/build/client' returned '0': CMAKE_PREFIX_PATH=${CMAKE_PREFIX_PATH}:/opt/ros/dashing /usr/bin/cmake --build /home/dave/team/test_ws/build/client --target install -- -j4 -l4
