[0.267s] Invoking command in '/home/dave/team/test_ws/src/client': PYTHONPATH=/home/dave/team/test_ws/install/client/lib/python3.6/site-packages:${PYTHONPATH} /usr/bin/python3 setup.py egg_info --egg-base ../../build/client build --build-base /home/dave/team/test_ws/build/client/build install --prefix /home/dave/team/test_ws/install/client --record /home/dave/team/test_ws/build/client/install.log --single-version-externally-managed
[0.482s] running egg_info
[0.483s] writing ../../build/client/client.egg-info/PKG-INFO
[0.483s] writing dependency_links to ../../build/client/client.egg-info/dependency_links.txt
[0.483s] writing entry points to ../../build/client/client.egg-info/entry_points.txt
[0.484s] writing requirements to ../../build/client/client.egg-info/requires.txt
[0.484s] writing top-level names to ../../build/client/client.egg-info/top_level.txt
[0.538s] reading manifest file '../../build/client/client.egg-info/SOURCES.txt'
[0.538s] writing manifest file '../../build/client/client.egg-info/SOURCES.txt'
[0.539s] running build
[0.539s] running build_py
[0.540s] copying client/client_node_setter.py -> /home/dave/team/test_ws/build/client/build/lib/client
[0.540s] running install
[0.540s] running install_lib
[0.541s] copying /home/dave/team/test_ws/build/client/build/lib/client/client_node_setter.py -> /home/dave/team/test_ws/install/client/lib/python3.6/site-packages/client
[0.543s] byte-compiling /home/dave/team/test_ws/install/client/lib/python3.6/site-packages/client/client_node_setter.py to client_node_setter.cpython-36.pyc
[0.543s] running install_data
[0.545s] running install_egg_info
[0.548s] removing '/home/dave/team/test_ws/install/client/lib/python3.6/site-packages/client-0.0.0-py3.6.egg-info' (and everything under it)
[0.548s] Copying ../../build/client/client.egg-info to /home/dave/team/test_ws/install/client/lib/python3.6/site-packages/client-0.0.0-py3.6.egg-info
[0.550s] running install_scripts
[0.575s] Installing client_start script to /home/dave/team/test_ws/install/client/lib/client
[0.576s] Installing client_start_s script to /home/dave/team/test_ws/install/client/lib/client
[0.576s] writing list of installed files to '/home/dave/team/test_ws/build/client/install.log'
[0.607s] Invoked command in '/home/dave/team/test_ws/src/client' returned '0': PYTHONPATH=/home/dave/team/test_ws/install/client/lib/python3.6/site-packages:${PYTHONPATH} /usr/bin/python3 setup.py egg_info --egg-base ../../build/client build --build-base /home/dave/team/test_ws/build/client/build install --prefix /home/dave/team/test_ws/install/client --record /home/dave/team/test_ws/build/client/install.log --single-version-externally-managed
