[1.689s] Invoking command in '/home/dave/team/test_ws/src/client': PYTHONPATH=/home/dave/team/test_ws/install/client/lib/python3.6/site-packages:${PYTHONPATH} /usr/bin/python3 setup.py egg_info --egg-base ../../build/client build --build-base /home/dave/team/test_ws/build/client/build install --prefix /home/dave/team/test_ws/install/client --record /home/dave/team/test_ws/build/client/install.log --single-version-externally-managed
[3.649s] running egg_info
[3.660s] writing ../../build/client/client.egg-info/PKG-INFO
[3.661s] writing dependency_links to ../../build/client/client.egg-info/dependency_links.txt
[3.663s] writing entry points to ../../build/client/client.egg-info/entry_points.txt
[3.667s] writing requirements to ../../build/client/client.egg-info/requires.txt
[3.670s] writing top-level names to ../../build/client/client.egg-info/top_level.txt
[3.829s] reading manifest file '../../build/client/client.egg-info/SOURCES.txt'
[3.833s] writing manifest file '../../build/client/client.egg-info/SOURCES.txt'
[3.834s] running build
[3.835s] running build_py
[3.838s] copying client/client_node_setter.py -> /home/dave/team/test_ws/build/client/build/lib/client
[3.842s] running install
[3.845s] running install_lib
[3.850s] copying /home/dave/team/test_ws/build/client/build/lib/client/client_node_setter.py -> /home/dave/team/test_ws/install/client/lib/python3.6/site-packages/client
[3.854s] byte-compiling /home/dave/team/test_ws/install/client/lib/python3.6/site-packages/client/client_node_setter.py to client_node_setter.cpython-36.pyc
[3.856s] Sorry: TabError: inconsistent use of tabs and spaces in indentation (client_node_setter.py, line 25)
[3.856s] running install_data
[3.865s] running install_egg_info
[3.878s] removing '/home/dave/team/test_ws/install/client/lib/python3.6/site-packages/client-0.0.0-py3.6.egg-info' (and everything under it)
[3.879s] Copying ../../build/client/client.egg-info to /home/dave/team/test_ws/install/client/lib/python3.6/site-packages/client-0.0.0-py3.6.egg-info
[3.883s] running install_scripts
[4.009s] Installing client_start script to /home/dave/team/test_ws/install/client/lib/client
[4.011s] Installing client_start_s script to /home/dave/team/test_ws/install/client/lib/client
[4.013s] writing list of installed files to '/home/dave/team/test_ws/build/client/install.log'
[4.097s] Invoked command in '/home/dave/team/test_ws/src/client' returned '0': PYTHONPATH=/home/dave/team/test_ws/install/client/lib/python3.6/site-packages:${PYTHONPATH} /usr/bin/python3 setup.py egg_info --egg-base ../../build/client build --build-base /home/dave/team/test_ws/build/client/build install --prefix /home/dave/team/test_ws/install/client --record /home/dave/team/test_ws/build/client/install.log --single-version-externally-managed
