[0.288s] Invoking command in '/home/dave/team/test_ws/src/client': PYTHONPATH=/home/dave/team/test_ws/install/client/lib/python3.6/site-packages:${PYTHONPATH} /usr/bin/python3 setup.py egg_info --egg-base ../../build/client build --build-base /home/dave/team/test_ws/build/client/build install --prefix /home/dave/team/test_ws/install/client --record /home/dave/team/test_ws/build/client/install.log --single-version-externally-managed
[0.538s] running egg_info
[0.539s] writing ../../build/client/client.egg-info/PKG-INFO
[0.541s] writing dependency_links to ../../build/client/client.egg-info/dependency_links.txt
[0.542s] writing entry points to ../../build/client/client.egg-info/entry_points.txt
[0.542s] writing requirements to ../../build/client/client.egg-info/requires.txt
[0.542s] writing top-level names to ../../build/client/client.egg-info/top_level.txt
[0.584s] reading manifest file '../../build/client/client.egg-info/SOURCES.txt'
[0.585s] writing manifest file '../../build/client/client.egg-info/SOURCES.txt'
[0.586s] running build
[0.586s] running build_py
[0.587s] copying client/client_node.py -> /home/dave/team/test_ws/build/client/build/lib/client
[0.588s] copying client/client_node_getter.py -> /home/dave/team/test_ws/build/client/build/lib/client
[0.589s] running install
[0.589s] running install_lib
[0.592s] copying /home/dave/team/test_ws/build/client/build/lib/client/client_node.py -> /home/dave/team/test_ws/install/client/lib/python3.6/site-packages/client
[0.593s] copying /home/dave/team/test_ws/build/client/build/lib/client/client_node_getter.py -> /home/dave/team/test_ws/install/client/lib/python3.6/site-packages/client
[0.594s] byte-compiling /home/dave/team/test_ws/install/client/lib/python3.6/site-packages/client/client_node.py to client_node.cpython-36.pyc
[0.594s]   File "/home/dave/team/test_ws/install/client/lib/python3.6/site-packages/client/client_node.py", line 38
[0.594s]     while not self.cli.wait_for_service(timeout_sec=1.0) && test.check() == False:
[0.595s]                                                           ^
[0.595s] SyntaxError: invalid syntax
[0.595s] 
[0.595s] byte-compiling /home/dave/team/test_ws/install/client/lib/python3.6/site-packages/client/client_node_getter.py to client_node_getter.cpython-36.pyc
[0.595s] running install_data
[0.596s] running install_egg_info
[0.600s] removing '/home/dave/team/test_ws/install/client/lib/python3.6/site-packages/client-0.0.0-py3.6.egg-info' (and everything under it)
[0.601s] Copying ../../build/client/client.egg-info to /home/dave/team/test_ws/install/client/lib/python3.6/site-packages/client-0.0.0-py3.6.egg-info
[0.602s] running install_scripts
[0.640s] Installing client_start script to /home/dave/team/test_ws/install/client/lib/client
[0.641s] Installing client_start_g script to /home/dave/team/test_ws/install/client/lib/client
[0.641s] Installing client_start_s script to /home/dave/team/test_ws/install/client/lib/client
[0.642s] writing list of installed files to '/home/dave/team/test_ws/build/client/install.log'
[0.670s] Invoked command in '/home/dave/team/test_ws/src/client' returned '0': PYTHONPATH=/home/dave/team/test_ws/install/client/lib/python3.6/site-packages:${PYTHONPATH} /usr/bin/python3 setup.py egg_info --egg-base ../../build/client build --build-base /home/dave/team/test_ws/build/client/build install --prefix /home/dave/team/test_ws/install/client --record /home/dave/team/test_ws/build/client/install.log --single-version-externally-managed
