[0.526s] Invoking command in '/home/dave/team/test_ws/build/my_robot_bringup': CMAKE_PREFIX_PATH=${CMAKE_PREFIX_PATH}:/opt/ros/dashing /usr/bin/cmake --build /home/dave/team/test_ws/build/my_robot_bringup -- -j4 -l4
[0.791s] [100%] Built target global_parameter_server
[0.830s] Invoked command in '/home/dave/team/test_ws/build/my_robot_bringup' returned '0': CMAKE_PREFIX_PATH=${CMAKE_PREFIX_PATH}:/opt/ros/dashing /usr/bin/cmake --build /home/dave/team/test_ws/build/my_robot_bringup -- -j4 -l4
[0.941s] Invoking command in '/home/dave/team/test_ws/build/my_robot_bringup': CMAKE_PREFIX_PATH=${CMAKE_PREFIX_PATH}:/opt/ros/dashing /usr/bin/cmake --build /home/dave/team/test_ws/build/my_robot_bringup --target install -- -j4 -l4
[1.066s] [100%] Built target global_parameter_server
[1.107s] [36mInstall the project...[0m
[1.129s] -- Install configuration: ""
[1.130s] -- Up-to-date: /home/dave/team/test_ws/install/my_robot_bringup/lib/my_robot_bringup/global_parameter_server
[1.130s] -- Up-to-date: /home/dave/team/test_ws/install/my_robot_bringup/share/my_robot_bringup/launch
[1.131s] -- Up-to-date: /home/dave/team/test_ws/install/my_robot_bringup/share/my_robot_bringup/launch/my_robot.launch.py
[1.131s] -- Up-to-date: /home/dave/team/test_ws/install/my_robot_bringup/share/my_robot_bringup/config
[1.131s] -- Up-to-date: /home/dave/team/test_ws/install/my_robot_bringup/share/my_robot_bringup/config/global_params.yaml
[1.132s] -- Up-to-date: /home/dave/team/test_ws/install/my_robot_bringup/share/ament_index/resource_index/package_run_dependencies/my_robot_bringup
[1.132s] -- Up-to-date: /home/dave/team/test_ws/install/my_robot_bringup/share/ament_index/resource_index/parent_prefix_path/my_robot_bringup
[1.133s] -- Up-to-date: /home/dave/team/test_ws/install/my_robot_bringup/share/my_robot_bringup/environment/ament_prefix_path.sh
[1.133s] -- Up-to-date: /home/dave/team/test_ws/install/my_robot_bringup/share/my_robot_bringup/environment/path.sh
[1.133s] -- Up-to-date: /home/dave/team/test_ws/install/my_robot_bringup/share/my_robot_bringup/local_setup.bash
[1.134s] -- Up-to-date: /home/dave/team/test_ws/install/my_robot_bringup/share/my_robot_bringup/local_setup.sh
[1.134s] -- Up-to-date: /home/dave/team/test_ws/install/my_robot_bringup/share/my_robot_bringup/local_setup.zsh
[1.134s] -- Up-to-date: /home/dave/team/test_ws/install/my_robot_bringup/share/ament_index/resource_index/packages/my_robot_bringup
[1.135s] -- Up-to-date: /home/dave/team/test_ws/install/my_robot_bringup/share/my_robot_bringup/cmake/my_robot_bringupConfig.cmake
[1.135s] -- Up-to-date: /home/dave/team/test_ws/install/my_robot_bringup/share/my_robot_bringup/cmake/my_robot_bringupConfig-version.cmake
[1.135s] -- Up-to-date: /home/dave/team/test_ws/install/my_robot_bringup/share/my_robot_bringup/package.xml
[1.144s] Invoked command in '/home/dave/team/test_ws/build/my_robot_bringup' returned '0': CMAKE_PREFIX_PATH=${CMAKE_PREFIX_PATH}:/opt/ros/dashing /usr/bin/cmake --build /home/dave/team/test_ws/build/my_robot_bringup --target install -- -j4 -l4
