[0.776s] DEBUG:colcon:Command line arguments: ['/usr/bin/colcon', 'build']
[0.777s] DEBUG:colcon:Parsed command line arguments: Namespace(ament_cmake_args=None, base_paths=['.'], build_base='build', catkin_cmake_args=None, catkin_skip_building_tests=False, cmake_args=None, cmake_clean_cache=False, cmake_clean_first=False, cmake_force_configure=False, cmake_target=None, cmake_target_skip_unavailable=False, continue_on_error=False, event_handlers=None, executor='parallel', ignore_user_meta=False, install_base='install', log_base=None, log_level=None, main=<bound method BuildVerb.main of <colcon_core.verb.build.BuildVerb object at 0x7febcd5c6710>>, merge_install=False, metas=['./colcon.meta'], packages_above=None, packages_above_and_dependencies=None, packages_above_depth=None, packages_end=None, packages_ignore=None, packages_ignore_regex=None, packages_select=None, packages_select_build_failed=False, packages_select_by_dep=None, packages_select_regex=None, packages_select_test_failures=False, packages_skip=None, packages_skip_build_finished=False, packages_skip_by_dep=None, packages_skip_regex=None, packages_skip_test_passed=False, packages_skip_up_to=None, packages_start=None, packages_up_to=None, packages_up_to_regex=None, parallel_workers=4, paths=None, symlink_install=False, test_result_base=None, verb_extension=<colcon_core.verb.build.BuildVerb object at 0x7febcd5c6710>, verb_name='build', verb_parser=<colcon_defaults.argument_parser.defaults.DefaultArgumentsDecorator object at 0x7febcd5c6a58>)
[0.835s] Level 1:colcon.colcon_core.package_discovery:discover_packages(colcon_meta) check parameters
[0.836s] Level 1:colcon.colcon_core.package_discovery:discover_packages(recursive) check parameters
[0.836s] Level 1:colcon.colcon_core.package_discovery:discover_packages(ignore) check parameters
[0.836s] Level 1:colcon.colcon_core.package_discovery:discover_packages(path) check parameters
[0.836s] Level 1:colcon.colcon_core.package_discovery:discover_packages(colcon_meta) discover
[0.838s] Level 1:colcon.colcon_core.package_discovery:discover_packages(recursive) discover
[0.838s] INFO:colcon.colcon_core.package_discovery:Crawling recursively for packages in '/home/dave/team/test_ws'
[0.839s] Level 1:colcon.colcon_core.package_identification:_identify(.) by extensions ['ignore', 'ignore_ament_install']
[0.840s] Level 1:colcon.colcon_core.package_identification:_identify(.) by extension 'ignore'
[0.840s] Level 1:colcon.colcon_core.package_identification:_identify(.) by extension 'ignore_ament_install'
[0.841s] Level 1:colcon.colcon_core.package_identification:_identify(.) by extensions ['colcon_pkg']
[0.842s] Level 1:colcon.colcon_core.package_identification:_identify(.) by extension 'colcon_pkg'
[0.842s] Level 1:colcon.colcon_core.package_identification:_identify(.) by extensions ['colcon_meta']
[0.842s] Level 1:colcon.colcon_core.package_identification:_identify(.) by extension 'colcon_meta'
[0.842s] Level 1:colcon.colcon_core.package_identification:_identify(.) by extensions ['ros']
[0.842s] Level 1:colcon.colcon_core.package_identification:_identify(.) by extension 'ros'
[0.907s] Level 1:colcon.colcon_core.package_identification:_identify(.) by extensions ['cmake', 'python']
[0.907s] Level 1:colcon.colcon_core.package_identification:_identify(.) by extension 'cmake'
[0.907s] Level 1:colcon.colcon_core.package_identification:_identify(.) by extension 'python'
[0.908s] Level 1:colcon.colcon_core.package_identification:_identify(.) by extensions ['python_setup_py']
[0.908s] Level 1:colcon.colcon_core.package_identification:_identify(.) by extension 'python_setup_py'
[0.908s] Level 1:colcon.colcon_core.package_identification:_identify(build) by extensions ['ignore', 'ignore_ament_install']
[0.909s] Level 1:colcon.colcon_core.package_identification:_identify(build) by extension 'ignore'
[0.909s] Level 1:colcon.colcon_core.package_identification:_identify(build) ignored
[0.911s] Level 1:colcon.colcon_core.package_identification:_identify(install) by extensions ['ignore', 'ignore_ament_install']
[0.911s] Level 1:colcon.colcon_core.package_identification:_identify(install) by extension 'ignore'
[0.911s] Level 1:colcon.colcon_core.package_identification:_identify(install) ignored
[0.912s] Level 1:colcon.colcon_core.package_identification:_identify(log) by extensions ['ignore', 'ignore_ament_install']
[0.912s] Level 1:colcon.colcon_core.package_identification:_identify(log) by extension 'ignore'
[0.913s] Level 1:colcon.colcon_core.package_identification:_identify(log) ignored
[0.913s] Level 1:colcon.colcon_core.package_identification:_identify(src) by extensions ['ignore', 'ignore_ament_install']
[0.913s] Level 1:colcon.colcon_core.package_identification:_identify(src) by extension 'ignore'
[0.914s] Level 1:colcon.colcon_core.package_identification:_identify(src) by extension 'ignore_ament_install'
[0.914s] Level 1:colcon.colcon_core.package_identification:_identify(src) by extensions ['colcon_pkg']
[0.914s] Level 1:colcon.colcon_core.package_identification:_identify(src) by extension 'colcon_pkg'
[0.914s] Level 1:colcon.colcon_core.package_identification:_identify(src) by extensions ['colcon_meta']
[0.914s] Level 1:colcon.colcon_core.package_identification:_identify(src) by extension 'colcon_meta'
[0.915s] Level 1:colcon.colcon_core.package_identification:_identify(src) by extensions ['ros']
[0.915s] Level 1:colcon.colcon_core.package_identification:_identify(src) by extension 'ros'
[0.915s] Level 1:colcon.colcon_core.package_identification:_identify(src) by extensions ['cmake', 'python']
[0.915s] Level 1:colcon.colcon_core.package_identification:_identify(src) by extension 'cmake'
[0.916s] Level 1:colcon.colcon_core.package_identification:_identify(src) by extension 'python'
[0.916s] Level 1:colcon.colcon_core.package_identification:_identify(src) by extensions ['python_setup_py']
[0.916s] Level 1:colcon.colcon_core.package_identification:_identify(src) by extension 'python_setup_py'
[0.917s] Level 1:colcon.colcon_core.package_identification:_identify(src/build) by extensions ['ignore', 'ignore_ament_install']
[0.917s] Level 1:colcon.colcon_core.package_identification:_identify(src/build) by extension 'ignore'
[0.918s] Level 1:colcon.colcon_core.package_identification:_identify(src/build) ignored
[0.919s] Level 1:colcon.colcon_core.package_identification:_identify(src/install) by extensions ['ignore', 'ignore_ament_install']
[0.919s] Level 1:colcon.colcon_core.package_identification:_identify(src/install) by extension 'ignore'
[0.919s] Level 1:colcon.colcon_core.package_identification:_identify(src/install) ignored
[0.920s] Level 1:colcon.colcon_core.package_identification:_identify(src/log) by extensions ['ignore', 'ignore_ament_install']
[0.920s] Level 1:colcon.colcon_core.package_identification:_identify(src/log) by extension 'ignore'
[0.920s] Level 1:colcon.colcon_core.package_identification:_identify(src/log) ignored
[0.922s] Level 1:colcon.colcon_core.package_identification:_identify(src/my_robot_bringup) by extensions ['ignore', 'ignore_ament_install']
[0.923s] Level 1:colcon.colcon_core.package_identification:_identify(src/my_robot_bringup) by extension 'ignore'
[0.923s] Level 1:colcon.colcon_core.package_identification:_identify(src/my_robot_bringup) by extension 'ignore_ament_install'
[0.923s] Level 1:colcon.colcon_core.package_identification:_identify(src/my_robot_bringup) by extensions ['colcon_pkg']
[0.924s] Level 1:colcon.colcon_core.package_identification:_identify(src/my_robot_bringup) by extension 'colcon_pkg'
[0.924s] Level 1:colcon.colcon_core.package_identification:_identify(src/my_robot_bringup) by extensions ['colcon_meta']
[0.924s] Level 1:colcon.colcon_core.package_identification:_identify(src/my_robot_bringup) by extension 'colcon_meta'
[0.924s] Level 1:colcon.colcon_core.package_identification:_identify(src/my_robot_bringup) by extensions ['ros']
[0.924s] Level 1:colcon.colcon_core.package_identification:_identify(src/my_robot_bringup) by extension 'ros'
[0.937s] DEBUG:colcon.colcon_core.package_identification:Package 'src/my_robot_bringup' with type 'ros.ament_cmake' and name 'my_robot_bringup'
[0.937s] Level 1:colcon.colcon_core.package_discovery:discover_packages(recursive) using defaults
[0.938s] Level 1:colcon.colcon_core.package_discovery:discover_packages(ignore) discover
[0.938s] Level 1:colcon.colcon_core.package_discovery:discover_packages(ignore) using defaults
[0.939s] Level 1:colcon.colcon_core.package_discovery:discover_packages(path) discover
[0.939s] Level 1:colcon.colcon_core.package_discovery:discover_packages(path) using defaults
[1.067s] Level 5:colcon.colcon_core.verb:set package 'my_robot_bringup' build argument 'cmake_args' from command line to 'None'
[1.067s] Level 5:colcon.colcon_core.verb:set package 'my_robot_bringup' build argument 'cmake_target' from command line to 'None'
[1.067s] Level 5:colcon.colcon_core.verb:set package 'my_robot_bringup' build argument 'cmake_target_skip_unavailable' from command line to 'False'
[1.067s] Level 5:colcon.colcon_core.verb:set package 'my_robot_bringup' build argument 'cmake_clean_cache' from command line to 'False'
[1.068s] Level 5:colcon.colcon_core.verb:set package 'my_robot_bringup' build argument 'cmake_clean_first' from command line to 'False'
[1.068s] Level 5:colcon.colcon_core.verb:set package 'my_robot_bringup' build argument 'cmake_force_configure' from command line to 'False'
[1.068s] Level 5:colcon.colcon_core.verb:set package 'my_robot_bringup' build argument 'ament_cmake_args' from command line to 'None'
[1.068s] Level 5:colcon.colcon_core.verb:set package 'my_robot_bringup' build argument 'catkin_cmake_args' from command line to 'None'
[1.068s] Level 5:colcon.colcon_core.verb:set package 'my_robot_bringup' build argument 'catkin_skip_building_tests' from command line to 'False'
[1.069s] DEBUG:colcon.colcon_core.verb:Building package 'my_robot_bringup' with the following arguments: {'ament_cmake_args': None, 'build_base': '/home/dave/team/test_ws/build/my_robot_bringup', 'catkin_cmake_args': None, 'catkin_skip_building_tests': False, 'cmake_args': None, 'cmake_clean_cache': False, 'cmake_clean_first': False, 'cmake_force_configure': False, 'cmake_target': None, 'cmake_target_skip_unavailable': False, 'install_base': '/home/dave/team/test_ws/install/my_robot_bringup', 'merge_install': False, 'path': '/home/dave/team/test_ws/src/my_robot_bringup', 'symlink_install': False, 'test_result_base': None}
[1.070s] INFO:colcon.colcon_core.executor:Executing jobs using 'parallel' executor
[1.080s] DEBUG:colcon.colcon_parallel_executor.executor.parallel:run_until_complete
[1.082s] INFO:colcon.colcon_ros.task.ament_cmake.build:Building ROS package in '/home/dave/team/test_ws/src/my_robot_bringup' with build type 'ament_cmake'
[1.083s] INFO:colcon.colcon_cmake.task.cmake.build:Building CMake package in '/home/dave/team/test_ws/src/my_robot_bringup'
[1.124s] INFO:colcon.colcon_core.plugin_system:Skipping extension 'colcon_core.shell.bat': Not used on non-Windows systems
[1.125s] INFO:colcon.colcon_core.shell:Skip shell extension 'powershell' for command environment: Not usable outside of PowerShell
[1.125s] DEBUG:colcon.colcon_core.shell:Skip shell extension 'dsv' for command environment
[1.148s] DEBUG:colcon.colcon_core.shell:Ignoring prefix path '/opt/ros/dashing'
[1.183s] DEBUG:colcon.colcon_core.event_handler.log_command:Invoking command in '/home/dave/team/test_ws/build/my_robot_bringup': CMAKE_PREFIX_PATH=${CMAKE_PREFIX_PATH}:/opt/ros/dashing /usr/bin/cmake --build /home/dave/team/test_ws/build/my_robot_bringup -- -j4 -l4
[1.598s] DEBUG:colcon.colcon_core.event_handler.log_command:Invoked command in '/home/dave/team/test_ws/build/my_robot_bringup' returned '0': CMAKE_PREFIX_PATH=${CMAKE_PREFIX_PATH}:/opt/ros/dashing /usr/bin/cmake --build /home/dave/team/test_ws/build/my_robot_bringup -- -j4 -l4
[1.704s] DEBUG:colcon.colcon_core.event_handler.log_command:Invoking command in '/home/dave/team/test_ws/build/my_robot_bringup': CMAKE_PREFIX_PATH=${CMAKE_PREFIX_PATH}:/opt/ros/dashing /usr/bin/cmake --build /home/dave/team/test_ws/build/my_robot_bringup --target install -- -j4 -l4
[1.987s] Level 1:colcon.colcon_core.environment:create_environment_scripts_only(my_robot_bringup)
[1.991s] DEBUG:colcon.colcon_core.event_handler.log_command:Invoked command in '/home/dave/team/test_ws/build/my_robot_bringup' returned '0': CMAKE_PREFIX_PATH=${CMAKE_PREFIX_PATH}:/opt/ros/dashing /usr/bin/cmake --build /home/dave/team/test_ws/build/my_robot_bringup --target install -- -j4 -l4
[2.065s] Level 1:colcon.colcon_core.environment:checking '/home/dave/team/test_ws/install/my_robot_bringup' for CMake module files
[2.067s] Level 1:colcon.colcon_core.environment:checking '/home/dave/team/test_ws/install/my_robot_bringup' for CMake config files
[2.067s] Level 1:colcon.colcon_core.shell:create_environment_hook('my_robot_bringup', 'cmake_prefix_path')
[2.070s] INFO:colcon.colcon_core.shell:Creating environment hook '/home/dave/team/test_ws/install/my_robot_bringup/share/my_robot_bringup/hook/cmake_prefix_path.ps1'
[2.073s] INFO:colcon.colcon_core.shell:Creating environment descriptor '/home/dave/team/test_ws/install/my_robot_bringup/share/my_robot_bringup/hook/cmake_prefix_path.dsv'
[2.074s] INFO:colcon.colcon_core.shell:Creating environment hook '/home/dave/team/test_ws/install/my_robot_bringup/share/my_robot_bringup/hook/cmake_prefix_path.sh'
[2.079s] Level 1:colcon.colcon_core.environment:checking '/home/dave/team/test_ws/install/my_robot_bringup/lib'
[2.080s] Level 1:colcon.colcon_core.environment:checking '/home/dave/team/test_ws/install/my_robot_bringup/bin'
[2.080s] Level 1:colcon.colcon_core.environment:checking '/home/dave/team/test_ws/install/my_robot_bringup/lib/pkgconfig/my_robot_bringup.pc'
[2.080s] Level 1:colcon.colcon_core.environment:checking '/home/dave/team/test_ws/install/my_robot_bringup/lib/python3.6/site-packages'
[2.083s] INFO:colcon.colcon_core.shell:Creating package script '/home/dave/team/test_ws/install/my_robot_bringup/share/my_robot_bringup/package.ps1'
[2.087s] INFO:colcon.colcon_core.shell:Creating package descriptor '/home/dave/team/test_ws/install/my_robot_bringup/share/my_robot_bringup/package.dsv'
[2.089s] INFO:colcon.colcon_core.shell:Creating package script '/home/dave/team/test_ws/install/my_robot_bringup/share/my_robot_bringup/package.sh'
[2.093s] INFO:colcon.colcon_core.shell:Creating package script '/home/dave/team/test_ws/install/my_robot_bringup/share/my_robot_bringup/package.bash'
[2.096s] INFO:colcon.colcon_core.shell:Creating package script '/home/dave/team/test_ws/install/my_robot_bringup/share/my_robot_bringup/package.zsh'
[2.098s] Level 1:colcon.colcon_core.environment:create_file_with_runtime_dependencies(/home/dave/team/test_ws/install/my_robot_bringup/share/colcon-core/packages/my_robot_bringup)
[2.178s] Level 1:colcon.colcon_core.environment:create_environment_scripts_only(my_robot_bringup)
[2.182s] Level 1:colcon.colcon_core.environment:checking '/home/dave/team/test_ws/install/my_robot_bringup' for CMake module files
[2.183s] Level 1:colcon.colcon_core.environment:checking '/home/dave/team/test_ws/install/my_robot_bringup' for CMake config files
[2.184s] Level 1:colcon.colcon_core.shell:create_environment_hook('my_robot_bringup', 'cmake_prefix_path')
[2.186s] INFO:colcon.colcon_core.shell:Creating environment hook '/home/dave/team/test_ws/install/my_robot_bringup/share/my_robot_bringup/hook/cmake_prefix_path.ps1'
[2.189s] INFO:colcon.colcon_core.shell:Creating environment descriptor '/home/dave/team/test_ws/install/my_robot_bringup/share/my_robot_bringup/hook/cmake_prefix_path.dsv'
[2.190s] INFO:colcon.colcon_core.shell:Creating environment hook '/home/dave/team/test_ws/install/my_robot_bringup/share/my_robot_bringup/hook/cmake_prefix_path.sh'
[2.194s] Level 1:colcon.colcon_core.environment:checking '/home/dave/team/test_ws/install/my_robot_bringup/lib'
[2.194s] Level 1:colcon.colcon_core.environment:checking '/home/dave/team/test_ws/install/my_robot_bringup/bin'
[2.194s] Level 1:colcon.colcon_core.environment:checking '/home/dave/team/test_ws/install/my_robot_bringup/lib/pkgconfig/my_robot_bringup.pc'
[2.195s] Level 1:colcon.colcon_core.environment:checking '/home/dave/team/test_ws/install/my_robot_bringup/lib/python3.6/site-packages'
[2.197s] INFO:colcon.colcon_core.shell:Creating package script '/home/dave/team/test_ws/install/my_robot_bringup/share/my_robot_bringup/package.ps1'
[2.198s] INFO:colcon.colcon_core.shell:Creating package descriptor '/home/dave/team/test_ws/install/my_robot_bringup/share/my_robot_bringup/package.dsv'
[2.200s] INFO:colcon.colcon_core.shell:Creating package script '/home/dave/team/test_ws/install/my_robot_bringup/share/my_robot_bringup/package.sh'
[2.202s] INFO:colcon.colcon_core.shell:Creating package script '/home/dave/team/test_ws/install/my_robot_bringup/share/my_robot_bringup/package.bash'
[2.203s] INFO:colcon.colcon_core.shell:Creating package script '/home/dave/team/test_ws/install/my_robot_bringup/share/my_robot_bringup/package.zsh'
[2.205s] Level 1:colcon.colcon_core.environment:create_file_with_runtime_dependencies(/home/dave/team/test_ws/install/my_robot_bringup/share/colcon-core/packages/my_robot_bringup)
[2.207s] DEBUG:colcon.colcon_parallel_executor.executor.parallel:closing loop
[2.208s] DEBUG:colcon.colcon_parallel_executor.executor.parallel:loop closed
[2.208s] DEBUG:colcon.colcon_parallel_executor.executor.parallel:run_until_complete finished with '0'
[2.209s] DEBUG:colcon.colcon_core.event_reactor:joining thread
[2.302s] INFO:colcon.colcon_core.plugin_system:Skipping extension 'colcon_notification.desktop_notification.terminal_notifier': Not used on non-Darwin systems
[2.303s] INFO:colcon.colcon_core.plugin_system:Skipping extension 'colcon_notification.desktop_notification.win32': Not used on non-Windows systems
[2.303s] INFO:colcon.colcon_notification.desktop_notification:Sending desktop notification using 'notify2'
[2.313s] DEBUG:colcon.colcon_core.event_reactor:joined thread
[2.316s] INFO:colcon.colcon_core.shell:Creating prefix script '/home/dave/team/test_ws/install/local_setup.ps1'
[2.322s] INFO:colcon.colcon_core.shell:Creating prefix util module '/home/dave/team/test_ws/install/_local_setup_util_ps1.py'
[2.328s] INFO:colcon.colcon_core.shell:Creating prefix chain script '/home/dave/team/test_ws/install/setup.ps1'
[2.373s] INFO:colcon.colcon_core.shell:Creating prefix script '/home/dave/team/test_ws/install/local_setup.sh'
[2.377s] INFO:colcon.colcon_core.shell:Creating prefix util module '/home/dave/team/test_ws/install/_local_setup_util_sh.py'
[2.380s] INFO:colcon.colcon_core.shell:Creating prefix chain script '/home/dave/team/test_ws/install/setup.sh'
[2.390s] INFO:colcon.colcon_core.shell:Creating prefix script '/home/dave/team/test_ws/install/local_setup.bash'
[2.394s] INFO:colcon.colcon_core.shell:Creating prefix chain script '/home/dave/team/test_ws/install/setup.bash'
[2.407s] INFO:colcon.colcon_core.shell:Creating prefix script '/home/dave/team/test_ws/install/local_setup.zsh'
[2.411s] INFO:colcon.colcon_core.shell:Creating prefix chain script '/home/dave/team/test_ws/install/setup.zsh'
