[0.055s] Invoking command in '/home/dave/team/test_ws/build/my_robot_bringup': CMAKE_PREFIX_PATH=/opt/ros/dashing /usr/bin/cmake --build /home/dave/team/test_ws/build/my_robot_bringup -- -j4 -l4
[0.269s] -- Found ament_cmake: 0.7.6 (/opt/ros/dashing/share/ament_cmake/cmake)
[0.339s] -- Using PYTHON_EXECUTABLE: /usr/bin/python3
[0.576s] -- Found rclcpp: 0.7.16 (/opt/ros/dashing/share/rclcpp/cmake)
[0.610s] -- Found rosidl_adapter: 0.7.10 (/opt/ros/dashing/share/rosidl_adapter/cmake)
[0.667s] -- Found rmw_implementation_cmake: 0.7.2 (/opt/ros/dashing/share/rmw_implementation_cmake/cmake)
[0.671s] -- Using RMW implementation 'rmw_fastrtps_cpp' as default
[0.725s] -- Found ament_lint_auto: 0.7.12 (/opt/ros/dashing/share/ament_lint_auto/cmake)
[0.832s] -- Added test 'copyright' to check for copyright in CMake / C / C++ / Python code
[0.835s] -- Added test 'cppcheck' to perform static code analysis on C / C++ code
[0.835s] -- Configured cppcheck include dirs: 
[0.836s] -- Added test 'cpplint' to check C / C++ code against the Google style
[0.838s] -- Added test 'flake8' to check Python code syntax and style conventions
[0.838s] -- Added test 'lint_cmake' to check CMake code style
[0.839s] -- Added test 'pep257' to check Python code against some of the style conventions in PEP 257
[0.841s] -- Added test 'uncrustify' to check C / C++ code style
[0.842s] -- Added test 'xmllint' to check XML markup files
[0.846s] -- Configuring done
[0.906s] -- Generating done
[0.907s] -- Build files have been written to: /home/dave/team/test_ws/build/my_robot_bringup
[0.971s] [100%] Built target global_parameter_server
