/home/dave/team/test_ws/install/client/lib/python3.6/site-packages/client/client_node2.py
/home/dave/team/test_ws/install/client/lib/python3.6/site-packages/client/client_node.py
/home/dave/team/test_ws/install/client/lib/python3.6/site-packages/client/client_node_getter.py
/home/dave/team/test_ws/install/client/lib/python3.6/site-packages/client/__init__.py
/home/dave/team/test_ws/install/client/lib/python3.6/site-packages/client/client_node_setter.py
/home/dave/team/test_ws/install/client/lib/python3.6/site-packages/client/__pycache__/client_node2.cpython-36.pyc
/home/dave/team/test_ws/install/client/lib/python3.6/site-packages/client/__pycache__/client_node.cpython-36.pyc
/home/dave/team/test_ws/install/client/lib/python3.6/site-packages/client/__pycache__/client_node_getter.cpython-36.pyc
/home/dave/team/test_ws/install/client/lib/python3.6/site-packages/client/__pycache__/__init__.cpython-36.pyc
/home/dave/team/test_ws/install/client/lib/python3.6/site-packages/client/__pycache__/client_node_setter.cpython-36.pyc
/home/dave/team/test_ws/install/client/share/ament_index/resource_index/packages/client
/home/dave/team/test_ws/install/client/share/client/package.xml
/home/dave/team/test_ws/install/client/lib/python3.6/site-packages/client-0.0.0-py3.6.egg-info/dependency_links.txt
/home/dave/team/test_ws/install/client/lib/python3.6/site-packages/client-0.0.0-py3.6.egg-info/entry_points.txt
/home/dave/team/test_ws/install/client/lib/python3.6/site-packages/client-0.0.0-py3.6.egg-info/SOURCES.txt
/home/dave/team/test_ws/install/client/lib/python3.6/site-packages/client-0.0.0-py3.6.egg-info/top_level.txt
/home/dave/team/test_ws/install/client/lib/python3.6/site-packages/client-0.0.0-py3.6.egg-info/PKG-INFO
/home/dave/team/test_ws/install/client/lib/python3.6/site-packages/client-0.0.0-py3.6.egg-info/zip-safe
/home/dave/team/test_ws/install/client/lib/python3.6/site-packages/client-0.0.0-py3.6.egg-info/requires.txt
/home/dave/team/test_ws/install/client/lib/client/client_start
/home/dave/team/test_ws/install/client/lib/client/client_start_g
/home/dave/team/test_ws/install/client/lib/client/client_start_s
