[0.279s] DEBUG:colcon:Command line arguments: ['/usr/bin/colcon', 'build']
[0.280s] DEBUG:colcon:Parsed command line arguments: Namespace(ament_cmake_args=None, base_paths=['.'], build_base='build', catkin_cmake_args=None, catkin_skip_building_tests=False, cmake_args=None, cmake_clean_cache=False, cmake_clean_first=False, cmake_force_configure=False, cmake_target=None, cmake_target_skip_unavailable=False, continue_on_error=False, event_handlers=None, executor='parallel', ignore_user_meta=False, install_base='install', log_base=None, log_level=None, main=<bound method BuildVerb.main of <colcon_core.verb.build.BuildVerb object at 0x7f88cb0c6940>>, merge_install=False, metas=['./colcon.meta'], packages_above=None, packages_above_and_dependencies=None, packages_above_depth=None, packages_end=None, packages_ignore=None, packages_ignore_regex=None, packages_select=None, packages_select_build_failed=False, packages_select_by_dep=None, packages_select_regex=None, packages_select_test_failures=False, packages_skip=None, packages_skip_build_finished=False, packages_skip_by_dep=None, packages_skip_regex=None, packages_skip_test_passed=False, packages_skip_up_to=None, packages_start=None, packages_up_to=None, packages_up_to_regex=None, parallel_workers=4, paths=None, symlink_install=False, test_result_base=None, verb_extension=<colcon_core.verb.build.BuildVerb object at 0x7f88cb0c6940>, verb_name='build', verb_parser=<colcon_defaults.argument_parser.defaults.DefaultArgumentsDecorator object at 0x7f88cb0c6c88>)
[0.287s] Level 1:colcon.colcon_core.package_discovery:discover_packages(colcon_meta) check parameters
[0.287s] Level 1:colcon.colcon_core.package_discovery:discover_packages(recursive) check parameters
[0.287s] Level 1:colcon.colcon_core.package_discovery:discover_packages(ignore) check parameters
[0.287s] Level 1:colcon.colcon_core.package_discovery:discover_packages(path) check parameters
[0.287s] Level 1:colcon.colcon_core.package_discovery:discover_packages(colcon_meta) discover
[0.288s] Level 1:colcon.colcon_core.package_discovery:discover_packages(recursive) discover
[0.288s] INFO:colcon.colcon_core.package_discovery:Crawling recursively for packages in '/home/dave/team/test_ws'
[0.288s] Level 1:colcon.colcon_core.package_identification:_identify(.) by extensions ['ignore', 'ignore_ament_install']
[0.288s] Level 1:colcon.colcon_core.package_identification:_identify(.) by extension 'ignore'
[0.288s] Level 1:colcon.colcon_core.package_identification:_identify(.) by extension 'ignore_ament_install'
[0.288s] Level 1:colcon.colcon_core.package_identification:_identify(.) by extensions ['colcon_pkg']
[0.288s] Level 1:colcon.colcon_core.package_identification:_identify(.) by extension 'colcon_pkg'
[0.289s] Level 1:colcon.colcon_core.package_identification:_identify(.) by extensions ['colcon_meta']
[0.289s] Level 1:colcon.colcon_core.package_identification:_identify(.) by extension 'colcon_meta'
[0.289s] Level 1:colcon.colcon_core.package_identification:_identify(.) by extensions ['ros']
[0.289s] Level 1:colcon.colcon_core.package_identification:_identify(.) by extension 'ros'
[0.307s] Level 1:colcon.colcon_core.package_identification:_identify(.) by extensions ['cmake', 'python']
[0.307s] Level 1:colcon.colcon_core.package_identification:_identify(.) by extension 'cmake'
[0.307s] Level 1:colcon.colcon_core.package_identification:_identify(.) by extension 'python'
[0.307s] Level 1:colcon.colcon_core.package_identification:_identify(.) by extensions ['python_setup_py']
[0.307s] Level 1:colcon.colcon_core.package_identification:_identify(.) by extension 'python_setup_py'
[0.307s] Level 1:colcon.colcon_core.package_identification:_identify(build) by extensions ['ignore', 'ignore_ament_install']
[0.308s] Level 1:colcon.colcon_core.package_identification:_identify(build) by extension 'ignore'
[0.308s] Level 1:colcon.colcon_core.package_identification:_identify(build) ignored
[0.308s] Level 1:colcon.colcon_core.package_identification:_identify(install) by extensions ['ignore', 'ignore_ament_install']
[0.308s] Level 1:colcon.colcon_core.package_identification:_identify(install) by extension 'ignore'
[0.308s] Level 1:colcon.colcon_core.package_identification:_identify(install) ignored
[0.309s] Level 1:colcon.colcon_core.package_identification:_identify(log) by extensions ['ignore', 'ignore_ament_install']
[0.309s] Level 1:colcon.colcon_core.package_identification:_identify(log) by extension 'ignore'
[0.309s] Level 1:colcon.colcon_core.package_identification:_identify(log) ignored
[0.309s] Level 1:colcon.colcon_core.package_identification:_identify(src) by extensions ['ignore', 'ignore_ament_install']
[0.309s] Level 1:colcon.colcon_core.package_identification:_identify(src) by extension 'ignore'
[0.309s] Level 1:colcon.colcon_core.package_identification:_identify(src) by extension 'ignore_ament_install'
[0.310s] Level 1:colcon.colcon_core.package_identification:_identify(src) by extensions ['colcon_pkg']
[0.310s] Level 1:colcon.colcon_core.package_identification:_identify(src) by extension 'colcon_pkg'
[0.310s] Level 1:colcon.colcon_core.package_identification:_identify(src) by extensions ['colcon_meta']
[0.310s] Level 1:colcon.colcon_core.package_identification:_identify(src) by extension 'colcon_meta'
[0.310s] Level 1:colcon.colcon_core.package_identification:_identify(src) by extensions ['ros']
[0.310s] Level 1:colcon.colcon_core.package_identification:_identify(src) by extension 'ros'
[0.310s] Level 1:colcon.colcon_core.package_identification:_identify(src) by extensions ['cmake', 'python']
[0.310s] Level 1:colcon.colcon_core.package_identification:_identify(src) by extension 'cmake'
[0.310s] Level 1:colcon.colcon_core.package_identification:_identify(src) by extension 'python'
[0.310s] Level 1:colcon.colcon_core.package_identification:_identify(src) by extensions ['python_setup_py']
[0.310s] Level 1:colcon.colcon_core.package_identification:_identify(src) by extension 'python_setup_py'
[0.311s] Level 1:colcon.colcon_core.package_identification:_identify(src/build) by extensions ['ignore', 'ignore_ament_install']
[0.311s] Level 1:colcon.colcon_core.package_identification:_identify(src/build) by extension 'ignore'
[0.311s] Level 1:colcon.colcon_core.package_identification:_identify(src/build) ignored
[0.311s] Level 1:colcon.colcon_core.package_identification:_identify(src/client) by extensions ['ignore', 'ignore_ament_install']
[0.311s] Level 1:colcon.colcon_core.package_identification:_identify(src/client) by extension 'ignore'
[0.311s] Level 1:colcon.colcon_core.package_identification:_identify(src/client) by extension 'ignore_ament_install'
[0.311s] Level 1:colcon.colcon_core.package_identification:_identify(src/client) by extensions ['colcon_pkg']
[0.311s] Level 1:colcon.colcon_core.package_identification:_identify(src/client) by extension 'colcon_pkg'
[0.312s] Level 1:colcon.colcon_core.package_identification:_identify(src/client) by extensions ['colcon_meta']
[0.312s] Level 1:colcon.colcon_core.package_identification:_identify(src/client) by extension 'colcon_meta'
[0.312s] Level 1:colcon.colcon_core.package_identification:_identify(src/client) by extensions ['ros']
[0.312s] Level 1:colcon.colcon_core.package_identification:_identify(src/client) by extension 'ros'
[0.323s] DEBUG:colcon.colcon_core.package_identification:Package 'src/client' with type 'ros.ament_python' and name 'client'
[0.326s] Level 1:colcon.colcon_core.package_identification:_identify(src/install) by extensions ['ignore', 'ignore_ament_install']
[0.326s] Level 1:colcon.colcon_core.package_identification:_identify(src/install) by extension 'ignore'
[0.327s] Level 1:colcon.colcon_core.package_identification:_identify(src/install) ignored
[0.327s] Level 1:colcon.colcon_core.package_identification:_identify(src/log) by extensions ['ignore', 'ignore_ament_install']
[0.327s] Level 1:colcon.colcon_core.package_identification:_identify(src/log) by extension 'ignore'
[0.327s] Level 1:colcon.colcon_core.package_identification:_identify(src/log) ignored
[0.327s] Level 1:colcon.colcon_core.package_identification:_identify(src/my_robot_bringup) by extensions ['ignore', 'ignore_ament_install']
[0.328s] Level 1:colcon.colcon_core.package_identification:_identify(src/my_robot_bringup) by extension 'ignore'
[0.328s] Level 1:colcon.colcon_core.package_identification:_identify(src/my_robot_bringup) by extension 'ignore_ament_install'
[0.328s] Level 1:colcon.colcon_core.package_identification:_identify(src/my_robot_bringup) by extensions ['colcon_pkg']
[0.328s] Level 1:colcon.colcon_core.package_identification:_identify(src/my_robot_bringup) by extension 'colcon_pkg'
[0.328s] Level 1:colcon.colcon_core.package_identification:_identify(src/my_robot_bringup) by extensions ['colcon_meta']
[0.328s] Level 1:colcon.colcon_core.package_identification:_identify(src/my_robot_bringup) by extension 'colcon_meta'
[0.328s] Level 1:colcon.colcon_core.package_identification:_identify(src/my_robot_bringup) by extensions ['ros']
[0.328s] Level 1:colcon.colcon_core.package_identification:_identify(src/my_robot_bringup) by extension 'ros'
[0.330s] DEBUG:colcon.colcon_core.package_identification:Package 'src/my_robot_bringup' with type 'ros.ament_cmake' and name 'my_robot_bringup'
[0.330s] Level 1:colcon.colcon_core.package_discovery:discover_packages(recursive) using defaults
[0.331s] Level 1:colcon.colcon_core.package_discovery:discover_packages(ignore) discover
[0.331s] Level 1:colcon.colcon_core.package_discovery:discover_packages(ignore) using defaults
[0.331s] Level 1:colcon.colcon_core.package_discovery:discover_packages(path) discover
[0.331s] Level 1:colcon.colcon_core.package_discovery:discover_packages(path) using defaults
[0.379s] Level 5:colcon.colcon_core.verb:set package 'client' build argument 'cmake_args' from command line to 'None'
[0.379s] Level 5:colcon.colcon_core.verb:set package 'client' build argument 'cmake_target' from command line to 'None'
[0.379s] Level 5:colcon.colcon_core.verb:set package 'client' build argument 'cmake_target_skip_unavailable' from command line to 'False'
[0.379s] Level 5:colcon.colcon_core.verb:set package 'client' build argument 'cmake_clean_cache' from command line to 'False'
[0.379s] Level 5:colcon.colcon_core.verb:set package 'client' build argument 'cmake_clean_first' from command line to 'False'
[0.379s] Level 5:colcon.colcon_core.verb:set package 'client' build argument 'cmake_force_configure' from command line to 'False'
[0.379s] Level 5:colcon.colcon_core.verb:set package 'client' build argument 'ament_cmake_args' from command line to 'None'
[0.379s] Level 5:colcon.colcon_core.verb:set package 'client' build argument 'catkin_cmake_args' from command line to 'None'
[0.379s] Level 5:colcon.colcon_core.verb:set package 'client' build argument 'catkin_skip_building_tests' from command line to 'False'
[0.379s] DEBUG:colcon.colcon_core.verb:Building package 'client' with the following arguments: {'ament_cmake_args': None, 'build_base': '/home/dave/team/test_ws/build/client', 'catkin_cmake_args': None, 'catkin_skip_building_tests': False, 'cmake_args': None, 'cmake_clean_cache': False, 'cmake_clean_first': False, 'cmake_force_configure': False, 'cmake_target': None, 'cmake_target_skip_unavailable': False, 'install_base': '/home/dave/team/test_ws/install/client', 'merge_install': False, 'path': '/home/dave/team/test_ws/src/client', 'symlink_install': False, 'test_result_base': None}
[0.385s] Level 5:colcon.colcon_core.verb:set package 'my_robot_bringup' build argument 'cmake_args' from command line to 'None'
[0.385s] Level 5:colcon.colcon_core.verb:set package 'my_robot_bringup' build argument 'cmake_target' from command line to 'None'
[0.385s] Level 5:colcon.colcon_core.verb:set package 'my_robot_bringup' build argument 'cmake_target_skip_unavailable' from command line to 'False'
[0.385s] Level 5:colcon.colcon_core.verb:set package 'my_robot_bringup' build argument 'cmake_clean_cache' from command line to 'False'
[0.385s] Level 5:colcon.colcon_core.verb:set package 'my_robot_bringup' build argument 'cmake_clean_first' from command line to 'False'
[0.385s] Level 5:colcon.colcon_core.verb:set package 'my_robot_bringup' build argument 'cmake_force_configure' from command line to 'False'
[0.385s] Level 5:colcon.colcon_core.verb:set package 'my_robot_bringup' build argument 'ament_cmake_args' from command line to 'None'
[0.385s] Level 5:colcon.colcon_core.verb:set package 'my_robot_bringup' build argument 'catkin_cmake_args' from command line to 'None'
[0.386s] Level 5:colcon.colcon_core.verb:set package 'my_robot_bringup' build argument 'catkin_skip_building_tests' from command line to 'False'
[0.386s] DEBUG:colcon.colcon_core.verb:Building package 'my_robot_bringup' with the following arguments: {'ament_cmake_args': None, 'build_base': '/home/dave/team/test_ws/build/my_robot_bringup', 'catkin_cmake_args': None, 'catkin_skip_building_tests': False, 'cmake_args': None, 'cmake_clean_cache': False, 'cmake_clean_first': False, 'cmake_force_configure': False, 'cmake_target': None, 'cmake_target_skip_unavailable': False, 'install_base': '/home/dave/team/test_ws/install/my_robot_bringup', 'merge_install': False, 'path': '/home/dave/team/test_ws/src/my_robot_bringup', 'symlink_install': False, 'test_result_base': None}
[0.386s] INFO:colcon.colcon_core.executor:Executing jobs using 'parallel' executor
[0.391s] DEBUG:colcon.colcon_parallel_executor.executor.parallel:run_until_complete
[0.391s] INFO:colcon.colcon_ros.task.ament_python.build:Building ROS package in '/home/dave/team/test_ws/src/client' with build type 'ament_python'
[0.391s] Level 1:colcon.colcon_core.shell:create_environment_hook('client', 'ament_prefix_path')
[0.400s] INFO:colcon.colcon_core.plugin_system:Skipping extension 'colcon_core.shell.bat': Not used on non-Windows systems
[0.400s] INFO:colcon.colcon_core.shell:Creating environment hook '/home/dave/team/test_ws/install/client/share/client/hook/ament_prefix_path.ps1'
[0.402s] INFO:colcon.colcon_core.shell:Creating environment descriptor '/home/dave/team/test_ws/install/client/share/client/hook/ament_prefix_path.dsv'
[0.403s] INFO:colcon.colcon_core.shell:Creating environment hook '/home/dave/team/test_ws/install/client/share/client/hook/ament_prefix_path.sh'
[0.405s] INFO:colcon.colcon_core.shell:Skip shell extension 'powershell' for command environment: Not usable outside of PowerShell
[0.406s] DEBUG:colcon.colcon_core.shell:Skip shell extension 'dsv' for command environment
[0.411s] DEBUG:colcon.colcon_core.shell:Ignoring prefix path '/opt/ros/dashing'
[0.416s] INFO:colcon.colcon_ros.task.ament_cmake.build:Building ROS package in '/home/dave/team/test_ws/src/my_robot_bringup' with build type 'ament_cmake'
[0.417s] INFO:colcon.colcon_cmake.task.cmake.build:Building CMake package in '/home/dave/team/test_ws/src/my_robot_bringup'
[0.419s] INFO:colcon.colcon_core.shell:Skip shell extension 'powershell' for command environment: Not usable outside of PowerShell
[0.419s] DEBUG:colcon.colcon_core.shell:Skip shell extension 'dsv' for command environment
[0.427s] DEBUG:colcon.colcon_core.shell:Ignoring prefix path '/opt/ros/dashing'
[0.772s] INFO:colcon.colcon_core.task.python.build:Building Python package in '/home/dave/team/test_ws/src/client'
[0.774s] INFO:colcon.colcon_core.shell:Skip shell extension 'powershell' for command environment: Not usable outside of PowerShell
[0.774s] DEBUG:colcon.colcon_core.shell:Skip shell extension 'dsv' for command environment
[0.778s] DEBUG:colcon.colcon_core.shell:Ignoring prefix path '/opt/ros/dashing'
[0.797s] DEBUG:colcon.colcon_core.event_handler.log_command:Invoking command in '/home/dave/team/test_ws/build/my_robot_bringup': CMAKE_PREFIX_PATH=${CMAKE_PREFIX_PATH}:/opt/ros/dashing /usr/bin/cmake --build /home/dave/team/test_ws/build/my_robot_bringup -- -j4 -l4
[0.810s] DEBUG:colcon.colcon_core.event_handler.log_command:Invoking command in '/home/dave/team/test_ws/src/client': PYTHONPATH=/home/dave/team/test_ws/install/client/lib/python3.6/site-packages:${PYTHONPATH} /usr/bin/python3 setup.py egg_info --egg-base ../../build/client build --build-base /home/dave/team/test_ws/build/client/build install --prefix /home/dave/team/test_ws/install/client --record /home/dave/team/test_ws/build/client/install.log --single-version-externally-managed
[0.955s] DEBUG:colcon.colcon_core.event_handler.log_command:Invoked command in '/home/dave/team/test_ws/build/my_robot_bringup' returned '0': CMAKE_PREFIX_PATH=${CMAKE_PREFIX_PATH}:/opt/ros/dashing /usr/bin/cmake --build /home/dave/team/test_ws/build/my_robot_bringup -- -j4 -l4
[1.010s] DEBUG:colcon.colcon_core.event_handler.log_command:Invoking command in '/home/dave/team/test_ws/build/my_robot_bringup': CMAKE_PREFIX_PATH=${CMAKE_PREFIX_PATH}:/opt/ros/dashing /usr/bin/cmake --build /home/dave/team/test_ws/build/my_robot_bringup --target install -- -j4 -l4
[1.150s] Level 1:colcon.colcon_core.environment:create_environment_scripts_only(my_robot_bringup)
[1.152s] DEBUG:colcon.colcon_core.event_handler.log_command:Invoked command in '/home/dave/team/test_ws/build/my_robot_bringup' returned '0': CMAKE_PREFIX_PATH=${CMAKE_PREFIX_PATH}:/opt/ros/dashing /usr/bin/cmake --build /home/dave/team/test_ws/build/my_robot_bringup --target install -- -j4 -l4
[1.156s] Level 1:colcon.colcon_core.environment:checking '/home/dave/team/test_ws/install/my_robot_bringup' for CMake module files
[1.157s] Level 1:colcon.colcon_core.environment:checking '/home/dave/team/test_ws/install/my_robot_bringup' for CMake config files
[1.157s] Level 1:colcon.colcon_core.shell:create_environment_hook('my_robot_bringup', 'cmake_prefix_path')
[1.158s] INFO:colcon.colcon_core.shell:Creating environment hook '/home/dave/team/test_ws/install/my_robot_bringup/share/my_robot_bringup/hook/cmake_prefix_path.ps1'
[1.159s] INFO:colcon.colcon_core.shell:Creating environment descriptor '/home/dave/team/test_ws/install/my_robot_bringup/share/my_robot_bringup/hook/cmake_prefix_path.dsv'
[1.161s] INFO:colcon.colcon_core.shell:Creating environment hook '/home/dave/team/test_ws/install/my_robot_bringup/share/my_robot_bringup/hook/cmake_prefix_path.sh'
[1.164s] Level 1:colcon.colcon_core.environment:checking '/home/dave/team/test_ws/install/my_robot_bringup/lib'
[1.165s] Level 1:colcon.colcon_core.environment:checking '/home/dave/team/test_ws/install/my_robot_bringup/bin'
[1.165s] Level 1:colcon.colcon_core.environment:checking '/home/dave/team/test_ws/install/my_robot_bringup/lib/pkgconfig/my_robot_bringup.pc'
[1.165s] Level 1:colcon.colcon_core.environment:checking '/home/dave/team/test_ws/install/my_robot_bringup/lib/python3.6/site-packages'
[1.166s] INFO:colcon.colcon_core.shell:Creating package script '/home/dave/team/test_ws/install/my_robot_bringup/share/my_robot_bringup/package.ps1'
[1.168s] INFO:colcon.colcon_core.shell:Creating package descriptor '/home/dave/team/test_ws/install/my_robot_bringup/share/my_robot_bringup/package.dsv'
[1.169s] INFO:colcon.colcon_core.shell:Creating package script '/home/dave/team/test_ws/install/my_robot_bringup/share/my_robot_bringup/package.sh'
[1.170s] INFO:colcon.colcon_core.shell:Creating package script '/home/dave/team/test_ws/install/my_robot_bringup/share/my_robot_bringup/package.bash'
[1.172s] INFO:colcon.colcon_core.shell:Creating package script '/home/dave/team/test_ws/install/my_robot_bringup/share/my_robot_bringup/package.zsh'
[1.189s] Level 1:colcon.colcon_core.environment:create_file_with_runtime_dependencies(/home/dave/team/test_ws/install/my_robot_bringup/share/colcon-core/packages/my_robot_bringup)
[1.228s] Level 1:colcon.colcon_core.environment:create_environment_scripts_only(my_robot_bringup)
[1.230s] Level 1:colcon.colcon_core.environment:checking '/home/dave/team/test_ws/install/my_robot_bringup' for CMake module files
[1.231s] Level 1:colcon.colcon_core.environment:checking '/home/dave/team/test_ws/install/my_robot_bringup' for CMake config files
[1.232s] Level 1:colcon.colcon_core.shell:create_environment_hook('my_robot_bringup', 'cmake_prefix_path')
[1.233s] INFO:colcon.colcon_core.shell:Creating environment hook '/home/dave/team/test_ws/install/my_robot_bringup/share/my_robot_bringup/hook/cmake_prefix_path.ps1'
[1.233s] INFO:colcon.colcon_core.shell:Creating environment descriptor '/home/dave/team/test_ws/install/my_robot_bringup/share/my_robot_bringup/hook/cmake_prefix_path.dsv'
[1.234s] INFO:colcon.colcon_core.shell:Creating environment hook '/home/dave/team/test_ws/install/my_robot_bringup/share/my_robot_bringup/hook/cmake_prefix_path.sh'
[1.236s] Level 1:colcon.colcon_core.environment:checking '/home/dave/team/test_ws/install/my_robot_bringup/lib'
[1.236s] Level 1:colcon.colcon_core.environment:checking '/home/dave/team/test_ws/install/my_robot_bringup/bin'
[1.236s] Level 1:colcon.colcon_core.environment:checking '/home/dave/team/test_ws/install/my_robot_bringup/lib/pkgconfig/my_robot_bringup.pc'
[1.236s] Level 1:colcon.colcon_core.environment:checking '/home/dave/team/test_ws/install/my_robot_bringup/lib/python3.6/site-packages'
[1.237s] INFO:colcon.colcon_core.shell:Creating package script '/home/dave/team/test_ws/install/my_robot_bringup/share/my_robot_bringup/package.ps1'
[1.238s] INFO:colcon.colcon_core.shell:Creating package descriptor '/home/dave/team/test_ws/install/my_robot_bringup/share/my_robot_bringup/package.dsv'
[1.239s] INFO:colcon.colcon_core.shell:Creating package script '/home/dave/team/test_ws/install/my_robot_bringup/share/my_robot_bringup/package.sh'
[1.240s] INFO:colcon.colcon_core.shell:Creating package script '/home/dave/team/test_ws/install/my_robot_bringup/share/my_robot_bringup/package.bash'
[1.241s] INFO:colcon.colcon_core.shell:Creating package script '/home/dave/team/test_ws/install/my_robot_bringup/share/my_robot_bringup/package.zsh'
[1.241s] Level 1:colcon.colcon_core.environment:create_file_with_runtime_dependencies(/home/dave/team/test_ws/install/my_robot_bringup/share/colcon-core/packages/my_robot_bringup)
[1.292s] Level 1:colcon.colcon_core.environment:checking '/home/dave/team/test_ws/install/client' for CMake module files
[1.293s] DEBUG:colcon.colcon_core.event_handler.log_command:Invoked command in '/home/dave/team/test_ws/src/client' returned '0': PYTHONPATH=/home/dave/team/test_ws/install/client/lib/python3.6/site-packages:${PYTHONPATH} /usr/bin/python3 setup.py egg_info --egg-base ../../build/client build --build-base /home/dave/team/test_ws/build/client/build install --prefix /home/dave/team/test_ws/install/client --record /home/dave/team/test_ws/build/client/install.log --single-version-externally-managed
[1.294s] Level 1:colcon.colcon_core.environment:checking '/home/dave/team/test_ws/install/client' for CMake config files
[1.294s] Level 1:colcon.colcon_core.shell:create_environment_hook('client', 'cmake_prefix_path')
[1.295s] INFO:colcon.colcon_core.shell:Creating environment hook '/home/dave/team/test_ws/install/client/share/client/hook/cmake_prefix_path.ps1'
[1.296s] INFO:colcon.colcon_core.shell:Creating environment descriptor '/home/dave/team/test_ws/install/client/share/client/hook/cmake_prefix_path.dsv'
[1.297s] INFO:colcon.colcon_core.shell:Creating environment hook '/home/dave/team/test_ws/install/client/share/client/hook/cmake_prefix_path.sh'
[1.298s] Level 1:colcon.colcon_core.environment:checking '/home/dave/team/test_ws/install/client/lib'
[1.298s] Level 1:colcon.colcon_core.environment:checking '/home/dave/team/test_ws/install/client/bin'
[1.298s] Level 1:colcon.colcon_core.environment:checking '/home/dave/team/test_ws/install/client/lib/pkgconfig/client.pc'
[1.299s] Level 1:colcon.colcon_core.environment:checking '/home/dave/team/test_ws/install/client/lib/python3.6/site-packages'
[1.299s] Level 1:colcon.colcon_core.shell:create_environment_hook('client', 'pythonpath')
[1.300s] INFO:colcon.colcon_core.shell:Creating environment hook '/home/dave/team/test_ws/install/client/share/client/hook/pythonpath.ps1'
[1.301s] INFO:colcon.colcon_core.shell:Creating environment descriptor '/home/dave/team/test_ws/install/client/share/client/hook/pythonpath.dsv'
[1.301s] INFO:colcon.colcon_core.shell:Creating environment hook '/home/dave/team/test_ws/install/client/share/client/hook/pythonpath.sh'
[1.302s] Level 1:colcon.colcon_core.environment:create_environment_scripts_only(client)
[1.303s] INFO:colcon.colcon_core.shell:Creating package script '/home/dave/team/test_ws/install/client/share/client/package.ps1'
[1.304s] INFO:colcon.colcon_core.shell:Creating package descriptor '/home/dave/team/test_ws/install/client/share/client/package.dsv'
[1.305s] INFO:colcon.colcon_core.shell:Creating package script '/home/dave/team/test_ws/install/client/share/client/package.sh'
[1.306s] INFO:colcon.colcon_core.shell:Creating package script '/home/dave/team/test_ws/install/client/share/client/package.bash'
[1.306s] INFO:colcon.colcon_core.shell:Creating package script '/home/dave/team/test_ws/install/client/share/client/package.zsh'
[1.307s] Level 1:colcon.colcon_core.environment:create_file_with_runtime_dependencies(/home/dave/team/test_ws/install/client/share/colcon-core/packages/client)
[1.308s] DEBUG:colcon.colcon_parallel_executor.executor.parallel:closing loop
[1.309s] DEBUG:colcon.colcon_parallel_executor.executor.parallel:loop closed
[1.309s] DEBUG:colcon.colcon_parallel_executor.executor.parallel:run_until_complete finished with '0'
[1.309s] DEBUG:colcon.colcon_core.event_reactor:joining thread
[1.320s] INFO:colcon.colcon_core.plugin_system:Skipping extension 'colcon_notification.desktop_notification.terminal_notifier': Not used on non-Darwin systems
[1.320s] INFO:colcon.colcon_core.plugin_system:Skipping extension 'colcon_notification.desktop_notification.win32': Not used on non-Windows systems
[1.320s] INFO:colcon.colcon_notification.desktop_notification:Sending desktop notification using 'notify2'
[1.327s] DEBUG:colcon.colcon_core.event_reactor:joined thread
[1.329s] INFO:colcon.colcon_core.shell:Creating prefix script '/home/dave/team/test_ws/install/local_setup.ps1'
[1.330s] INFO:colcon.colcon_core.shell:Creating prefix util module '/home/dave/team/test_ws/install/_local_setup_util_ps1.py'
[1.333s] INFO:colcon.colcon_core.shell:Creating prefix chain script '/home/dave/team/test_ws/install/setup.ps1'
[1.339s] INFO:colcon.colcon_core.shell:Creating prefix script '/home/dave/team/test_ws/install/local_setup.sh'
[1.340s] INFO:colcon.colcon_core.shell:Creating prefix util module '/home/dave/team/test_ws/install/_local_setup_util_sh.py'
[1.342s] INFO:colcon.colcon_core.shell:Creating prefix chain script '/home/dave/team/test_ws/install/setup.sh'
[1.347s] INFO:colcon.colcon_core.shell:Creating prefix script '/home/dave/team/test_ws/install/local_setup.bash'
[1.348s] INFO:colcon.colcon_core.shell:Creating prefix chain script '/home/dave/team/test_ws/install/setup.bash'
[1.353s] INFO:colcon.colcon_core.shell:Creating prefix script '/home/dave/team/test_ws/install/local_setup.zsh'
[1.354s] INFO:colcon.colcon_core.shell:Creating prefix chain script '/home/dave/team/test_ws/install/setup.zsh'
