[0.047s] Invoking command in '/home/dave/team/test_ws/build/client': CMAKE_PREFIX_PATH=${CMAKE_PREFIX_PATH}:/opt/ros/dashing /usr/bin/cmake --build /home/dave/team/test_ws/build/client -- -j4 -l4
[0.147s] Invoked command in '/home/dave/team/test_ws/build/client' returned '0': CMAKE_PREFIX_PATH=${CMAKE_PREFIX_PATH}:/opt/ros/dashing /usr/bin/cmake --build /home/dave/team/test_ws/build/client -- -j4 -l4
[0.209s] Invoking command in '/home/dave/team/test_ws/build/client': CMAKE_PREFIX_PATH=${CMAKE_PREFIX_PATH}:/opt/ros/dashing /usr/bin/cmake --build /home/dave/team/test_ws/build/client --target install -- -j4 -l4
[0.313s] [36mInstall the project...[0m
[0.332s] -- Install configuration: ""
[0.332s] -- Up-to-date: /home/dave/team/test_ws/install/client/share/client/environment/pythonpath.sh
[0.332s] -- Up-to-date: /home/dave/team/test_ws/install/client/lib/python3.6/site-packages/src
[0.332s] -- Installing: /home/dave/team/test_ws/install/client/lib/python3.6/site-packages/src/client_node.py
[0.332s] -- Up-to-date: /home/dave/team/test_ws/install/client/lib/python3.6/site-packages/src/__init__.py
[0.420s] Listing '/home/dave/team/test_ws/install/client/lib/python3.6/site-packages/src'...
[0.420s] Compiling '/home/dave/team/test_ws/install/client/lib/python3.6/site-packages/src/client_node.py'...
[0.427s] -- Installing: /home/dave/team/test_ws/install/client/lib/client/client_node.py
[0.428s] -- Up-to-date: /home/dave/team/test_ws/install/client/share/client/launch
[0.428s] -- Up-to-date: /home/dave/team/test_ws/install/client/share/client/launch/client_node.launch.py
[0.428s] -- Up-to-date: /home/dave/team/test_ws/install/client/share/ament_index/resource_index/package_run_dependencies/client
[0.428s] -- Up-to-date: /home/dave/team/test_ws/install/client/share/ament_index/resource_index/parent_prefix_path/client
[0.428s] -- Up-to-date: /home/dave/team/test_ws/install/client/share/client/environment/ament_prefix_path.sh
[0.429s] -- Up-to-date: /home/dave/team/test_ws/install/client/share/client/environment/path.sh
[0.429s] -- Up-to-date: /home/dave/team/test_ws/install/client/share/client/local_setup.bash
[0.429s] -- Up-to-date: /home/dave/team/test_ws/install/client/share/client/local_setup.sh
[0.429s] -- Up-to-date: /home/dave/team/test_ws/install/client/share/client/local_setup.zsh
[0.429s] -- Up-to-date: /home/dave/team/test_ws/install/client/share/ament_index/resource_index/packages/client
[0.429s] -- Up-to-date: /home/dave/team/test_ws/install/client/share/client/cmake/clientConfig.cmake
[0.429s] -- Up-to-date: /home/dave/team/test_ws/install/client/share/client/cmake/clientConfig-version.cmake
[0.429s] -- Up-to-date: /home/dave/team/test_ws/install/client/share/client/package.xml
[0.436s] Invoked command in '/home/dave/team/test_ws/build/client' returned '0': CMAKE_PREFIX_PATH=${CMAKE_PREFIX_PATH}:/opt/ros/dashing /usr/bin/cmake --build /home/dave/team/test_ws/build/client --target install -- -j4 -l4
