[0.312s] DEBUG:colcon:Command line arguments: ['/usr/bin/colcon', 'build']
[0.312s] DEBUG:colcon:Parsed command line arguments: Namespace(ament_cmake_args=None, base_paths=['.'], build_base='build', catkin_cmake_args=None, catkin_skip_building_tests=False, cmake_args=None, cmake_clean_cache=False, cmake_clean_first=False, cmake_force_configure=False, cmake_target=None, cmake_target_skip_unavailable=False, continue_on_error=False, event_handlers=None, executor='parallel', ignore_user_meta=False, install_base='install', log_base=None, log_level=None, main=<bound method BuildVerb.main of <colcon_core.verb.build.BuildVerb object at 0x7f03a696a748>>, merge_install=False, metas=['./colcon.meta'], packages_above=None, packages_above_and_dependencies=None, packages_above_depth=None, packages_end=None, packages_ignore=None, packages_ignore_regex=None, packages_select=None, packages_select_build_failed=False, packages_select_by_dep=None, packages_select_regex=None, packages_select_test_failures=False, packages_skip=None, packages_skip_build_finished=False, packages_skip_by_dep=None, packages_skip_regex=None, packages_skip_test_passed=False, packages_skip_up_to=None, packages_start=None, packages_up_to=None, packages_up_to_regex=None, parallel_workers=4, paths=None, symlink_install=False, test_result_base=None, verb_extension=<colcon_core.verb.build.BuildVerb object at 0x7f03a696a748>, verb_name='build', verb_parser=<colcon_defaults.argument_parser.defaults.DefaultArgumentsDecorator object at 0x7f03a696aa90>)
[0.320s] Level 1:colcon.colcon_core.package_discovery:discover_packages(colcon_meta) check parameters
[0.320s] Level 1:colcon.colcon_core.package_discovery:discover_packages(recursive) check parameters
[0.320s] Level 1:colcon.colcon_core.package_discovery:discover_packages(ignore) check parameters
[0.320s] Level 1:colcon.colcon_core.package_discovery:discover_packages(path) check parameters
[0.320s] Level 1:colcon.colcon_core.package_discovery:discover_packages(colcon_meta) discover
[0.321s] Level 1:colcon.colcon_core.package_discovery:discover_packages(recursive) discover
[0.321s] INFO:colcon.colcon_core.package_discovery:Crawling recursively for packages in '/home/dave/team/test_ws'
[0.321s] Level 1:colcon.colcon_core.package_identification:_identify(.) by extensions ['ignore', 'ignore_ament_install']
[0.321s] Level 1:colcon.colcon_core.package_identification:_identify(.) by extension 'ignore'
[0.321s] Level 1:colcon.colcon_core.package_identification:_identify(.) by extension 'ignore_ament_install'
[0.321s] Level 1:colcon.colcon_core.package_identification:_identify(.) by extensions ['colcon_pkg']
[0.321s] Level 1:colcon.colcon_core.package_identification:_identify(.) by extension 'colcon_pkg'
[0.322s] Level 1:colcon.colcon_core.package_identification:_identify(.) by extensions ['colcon_meta']
[0.322s] Level 1:colcon.colcon_core.package_identification:_identify(.) by extension 'colcon_meta'
[0.322s] Level 1:colcon.colcon_core.package_identification:_identify(.) by extensions ['ros']
[0.322s] Level 1:colcon.colcon_core.package_identification:_identify(.) by extension 'ros'
[0.339s] Level 1:colcon.colcon_core.package_identification:_identify(.) by extensions ['cmake', 'python']
[0.339s] Level 1:colcon.colcon_core.package_identification:_identify(.) by extension 'cmake'
[0.340s] Level 1:colcon.colcon_core.package_identification:_identify(.) by extension 'python'
[0.340s] Level 1:colcon.colcon_core.package_identification:_identify(.) by extensions ['python_setup_py']
[0.340s] Level 1:colcon.colcon_core.package_identification:_identify(.) by extension 'python_setup_py'
[0.340s] Level 1:colcon.colcon_core.package_identification:_identify(build) by extensions ['ignore', 'ignore_ament_install']
[0.340s] Level 1:colcon.colcon_core.package_identification:_identify(build) by extension 'ignore'
[0.340s] Level 1:colcon.colcon_core.package_identification:_identify(build) ignored
[0.341s] Level 1:colcon.colcon_core.package_identification:_identify(install) by extensions ['ignore', 'ignore_ament_install']
[0.341s] Level 1:colcon.colcon_core.package_identification:_identify(install) by extension 'ignore'
[0.341s] Level 1:colcon.colcon_core.package_identification:_identify(install) ignored
[0.341s] Level 1:colcon.colcon_core.package_identification:_identify(log) by extensions ['ignore', 'ignore_ament_install']
[0.341s] Level 1:colcon.colcon_core.package_identification:_identify(log) by extension 'ignore'
[0.341s] Level 1:colcon.colcon_core.package_identification:_identify(log) ignored
[0.342s] Level 1:colcon.colcon_core.package_identification:_identify(src) by extensions ['ignore', 'ignore_ament_install']
[0.342s] Level 1:colcon.colcon_core.package_identification:_identify(src) by extension 'ignore'
[0.342s] Level 1:colcon.colcon_core.package_identification:_identify(src) by extension 'ignore_ament_install'
[0.342s] Level 1:colcon.colcon_core.package_identification:_identify(src) by extensions ['colcon_pkg']
[0.342s] Level 1:colcon.colcon_core.package_identification:_identify(src) by extension 'colcon_pkg'
[0.342s] Level 1:colcon.colcon_core.package_identification:_identify(src) by extensions ['colcon_meta']
[0.342s] Level 1:colcon.colcon_core.package_identification:_identify(src) by extension 'colcon_meta'
[0.342s] Level 1:colcon.colcon_core.package_identification:_identify(src) by extensions ['ros']
[0.342s] Level 1:colcon.colcon_core.package_identification:_identify(src) by extension 'ros'
[0.342s] Level 1:colcon.colcon_core.package_identification:_identify(src) by extensions ['cmake', 'python']
[0.342s] Level 1:colcon.colcon_core.package_identification:_identify(src) by extension 'cmake'
[0.342s] Level 1:colcon.colcon_core.package_identification:_identify(src) by extension 'python'
[0.343s] Level 1:colcon.colcon_core.package_identification:_identify(src) by extensions ['python_setup_py']
[0.343s] Level 1:colcon.colcon_core.package_identification:_identify(src) by extension 'python_setup_py'
[0.343s] Level 1:colcon.colcon_core.package_identification:_identify(src/build) by extensions ['ignore', 'ignore_ament_install']
[0.343s] Level 1:colcon.colcon_core.package_identification:_identify(src/build) by extension 'ignore'
[0.343s] Level 1:colcon.colcon_core.package_identification:_identify(src/build) ignored
[0.343s] Level 1:colcon.colcon_core.package_identification:_identify(src/client) by extensions ['ignore', 'ignore_ament_install']
[0.343s] Level 1:colcon.colcon_core.package_identification:_identify(src/client) by extension 'ignore'
[0.343s] Level 1:colcon.colcon_core.package_identification:_identify(src/client) by extension 'ignore_ament_install'
[0.344s] Level 1:colcon.colcon_core.package_identification:_identify(src/client) by extensions ['colcon_pkg']
[0.344s] Level 1:colcon.colcon_core.package_identification:_identify(src/client) by extension 'colcon_pkg'
[0.344s] Level 1:colcon.colcon_core.package_identification:_identify(src/client) by extensions ['colcon_meta']
[0.344s] Level 1:colcon.colcon_core.package_identification:_identify(src/client) by extension 'colcon_meta'
[0.344s] Level 1:colcon.colcon_core.package_identification:_identify(src/client) by extensions ['ros']
[0.344s] Level 1:colcon.colcon_core.package_identification:_identify(src/client) by extension 'ros'
[0.348s] DEBUG:colcon.colcon_core.package_identification:Package 'src/client' with type 'ros.ament_cmake' and name 'client'
[0.348s] Level 1:colcon.colcon_core.package_identification:_identify(src/install) by extensions ['ignore', 'ignore_ament_install']
[0.348s] Level 1:colcon.colcon_core.package_identification:_identify(src/install) by extension 'ignore'
[0.348s] Level 1:colcon.colcon_core.package_identification:_identify(src/install) ignored
[0.348s] Level 1:colcon.colcon_core.package_identification:_identify(src/log) by extensions ['ignore', 'ignore_ament_install']
[0.348s] Level 1:colcon.colcon_core.package_identification:_identify(src/log) by extension 'ignore'
[0.349s] Level 1:colcon.colcon_core.package_identification:_identify(src/log) ignored
[0.349s] Level 1:colcon.colcon_core.package_identification:_identify(src/my_robot_bringup) by extensions ['ignore', 'ignore_ament_install']
[0.349s] Level 1:colcon.colcon_core.package_identification:_identify(src/my_robot_bringup) by extension 'ignore'
[0.349s] Level 1:colcon.colcon_core.package_identification:_identify(src/my_robot_bringup) by extension 'ignore_ament_install'
[0.349s] Level 1:colcon.colcon_core.package_identification:_identify(src/my_robot_bringup) by extensions ['colcon_pkg']
[0.349s] Level 1:colcon.colcon_core.package_identification:_identify(src/my_robot_bringup) by extension 'colcon_pkg'
[0.349s] Level 1:colcon.colcon_core.package_identification:_identify(src/my_robot_bringup) by extensions ['colcon_meta']
[0.349s] Level 1:colcon.colcon_core.package_identification:_identify(src/my_robot_bringup) by extension 'colcon_meta'
[0.349s] Level 1:colcon.colcon_core.package_identification:_identify(src/my_robot_bringup) by extensions ['ros']
[0.349s] Level 1:colcon.colcon_core.package_identification:_identify(src/my_robot_bringup) by extension 'ros'
[0.350s] DEBUG:colcon.colcon_core.package_identification:Package 'src/my_robot_bringup' with type 'ros.ament_cmake' and name 'my_robot_bringup'
[0.351s] Level 1:colcon.colcon_core.package_discovery:discover_packages(recursive) using defaults
[0.351s] Level 1:colcon.colcon_core.package_discovery:discover_packages(ignore) discover
[0.351s] Level 1:colcon.colcon_core.package_discovery:discover_packages(ignore) using defaults
[0.351s] Level 1:colcon.colcon_core.package_discovery:discover_packages(path) discover
[0.351s] Level 1:colcon.colcon_core.package_discovery:discover_packages(path) using defaults
[0.384s] Level 5:colcon.colcon_core.verb:set package 'client' build argument 'cmake_args' from command line to 'None'
[0.384s] Level 5:colcon.colcon_core.verb:set package 'client' build argument 'cmake_target' from command line to 'None'
[0.384s] Level 5:colcon.colcon_core.verb:set package 'client' build argument 'cmake_target_skip_unavailable' from command line to 'False'
[0.384s] Level 5:colcon.colcon_core.verb:set package 'client' build argument 'cmake_clean_cache' from command line to 'False'
[0.384s] Level 5:colcon.colcon_core.verb:set package 'client' build argument 'cmake_clean_first' from command line to 'False'
[0.384s] Level 5:colcon.colcon_core.verb:set package 'client' build argument 'cmake_force_configure' from command line to 'False'
[0.384s] Level 5:colcon.colcon_core.verb:set package 'client' build argument 'ament_cmake_args' from command line to 'None'
[0.384s] Level 5:colcon.colcon_core.verb:set package 'client' build argument 'catkin_cmake_args' from command line to 'None'
[0.385s] Level 5:colcon.colcon_core.verb:set package 'client' build argument 'catkin_skip_building_tests' from command line to 'False'
[0.385s] DEBUG:colcon.colcon_core.verb:Building package 'client' with the following arguments: {'ament_cmake_args': None, 'build_base': '/home/dave/team/test_ws/build/client', 'catkin_cmake_args': None, 'catkin_skip_building_tests': False, 'cmake_args': None, 'cmake_clean_cache': False, 'cmake_clean_first': False, 'cmake_force_configure': False, 'cmake_target': None, 'cmake_target_skip_unavailable': False, 'install_base': '/home/dave/team/test_ws/install/client', 'merge_install': False, 'path': '/home/dave/team/test_ws/src/client', 'symlink_install': False, 'test_result_base': None}
[0.389s] Level 5:colcon.colcon_core.verb:set package 'my_robot_bringup' build argument 'cmake_args' from command line to 'None'
[0.389s] Level 5:colcon.colcon_core.verb:set package 'my_robot_bringup' build argument 'cmake_target' from command line to 'None'
[0.389s] Level 5:colcon.colcon_core.verb:set package 'my_robot_bringup' build argument 'cmake_target_skip_unavailable' from command line to 'False'
[0.389s] Level 5:colcon.colcon_core.verb:set package 'my_robot_bringup' build argument 'cmake_clean_cache' from command line to 'False'
[0.389s] Level 5:colcon.colcon_core.verb:set package 'my_robot_bringup' build argument 'cmake_clean_first' from command line to 'False'
[0.389s] Level 5:colcon.colcon_core.verb:set package 'my_robot_bringup' build argument 'cmake_force_configure' from command line to 'False'
[0.389s] Level 5:colcon.colcon_core.verb:set package 'my_robot_bringup' build argument 'ament_cmake_args' from command line to 'None'
[0.389s] Level 5:colcon.colcon_core.verb:set package 'my_robot_bringup' build argument 'catkin_cmake_args' from command line to 'None'
[0.390s] Level 5:colcon.colcon_core.verb:set package 'my_robot_bringup' build argument 'catkin_skip_building_tests' from command line to 'False'
[0.390s] DEBUG:colcon.colcon_core.verb:Building package 'my_robot_bringup' with the following arguments: {'ament_cmake_args': None, 'build_base': '/home/dave/team/test_ws/build/my_robot_bringup', 'catkin_cmake_args': None, 'catkin_skip_building_tests': False, 'cmake_args': None, 'cmake_clean_cache': False, 'cmake_clean_first': False, 'cmake_force_configure': False, 'cmake_target': None, 'cmake_target_skip_unavailable': False, 'install_base': '/home/dave/team/test_ws/install/my_robot_bringup', 'merge_install': False, 'path': '/home/dave/team/test_ws/src/my_robot_bringup', 'symlink_install': False, 'test_result_base': None}
[0.390s] INFO:colcon.colcon_core.executor:Executing jobs using 'parallel' executor
[0.394s] DEBUG:colcon.colcon_parallel_executor.executor.parallel:run_until_complete
[0.395s] INFO:colcon.colcon_ros.task.ament_cmake.build:Building ROS package in '/home/dave/team/test_ws/src/client' with build type 'ament_cmake'
[0.395s] INFO:colcon.colcon_cmake.task.cmake.build:Building CMake package in '/home/dave/team/test_ws/src/client'
[0.401s] INFO:colcon.colcon_core.plugin_system:Skipping extension 'colcon_core.shell.bat': Not used on non-Windows systems
[0.402s] INFO:colcon.colcon_core.shell:Skip shell extension 'powershell' for command environment: Not usable outside of PowerShell
[0.402s] DEBUG:colcon.colcon_core.shell:Skip shell extension 'dsv' for command environment
[0.407s] DEBUG:colcon.colcon_core.shell:Ignoring prefix path '/opt/ros/dashing'
[0.414s] INFO:colcon.colcon_ros.task.ament_cmake.build:Building ROS package in '/home/dave/team/test_ws/src/my_robot_bringup' with build type 'ament_cmake'
[0.415s] INFO:colcon.colcon_cmake.task.cmake.build:Building CMake package in '/home/dave/team/test_ws/src/my_robot_bringup'
[0.416s] INFO:colcon.colcon_core.shell:Skip shell extension 'powershell' for command environment: Not usable outside of PowerShell
[0.417s] DEBUG:colcon.colcon_core.shell:Skip shell extension 'dsv' for command environment
[0.422s] DEBUG:colcon.colcon_core.shell:Ignoring prefix path '/opt/ros/dashing'
[0.449s] DEBUG:colcon.colcon_core.event_handler.log_command:Invoking command in '/home/dave/team/test_ws/build/client': CMAKE_PREFIX_PATH=${CMAKE_PREFIX_PATH}:/opt/ros/dashing /usr/bin/cmake --build /home/dave/team/test_ws/build/client -- -j4 -l4
[0.469s] DEBUG:colcon.colcon_core.event_handler.log_command:Invoking command in '/home/dave/team/test_ws/build/my_robot_bringup': CMAKE_PREFIX_PATH=${CMAKE_PREFIX_PATH}:/opt/ros/dashing /usr/bin/cmake --build /home/dave/team/test_ws/build/my_robot_bringup -- -j4 -l4
[0.583s] DEBUG:colcon.colcon_core.event_handler.log_command:Invoked command in '/home/dave/team/test_ws/build/client' returned '0': CMAKE_PREFIX_PATH=${CMAKE_PREFIX_PATH}:/opt/ros/dashing /usr/bin/cmake --build /home/dave/team/test_ws/build/client -- -j4 -l4
[0.671s] DEBUG:colcon.colcon_core.event_handler.log_command:Invoking command in '/home/dave/team/test_ws/build/client': CMAKE_PREFIX_PATH=${CMAKE_PREFIX_PATH}:/opt/ros/dashing /usr/bin/cmake --build /home/dave/team/test_ws/build/client --target install -- -j4 -l4
[0.677s] DEBUG:colcon.colcon_core.event_handler.log_command:Invoked command in '/home/dave/team/test_ws/build/my_robot_bringup' returned '0': CMAKE_PREFIX_PATH=${CMAKE_PREFIX_PATH}:/opt/ros/dashing /usr/bin/cmake --build /home/dave/team/test_ws/build/my_robot_bringup -- -j4 -l4
[0.749s] DEBUG:colcon.colcon_core.event_handler.log_command:Invoking command in '/home/dave/team/test_ws/build/my_robot_bringup': CMAKE_PREFIX_PATH=${CMAKE_PREFIX_PATH}:/opt/ros/dashing /usr/bin/cmake --build /home/dave/team/test_ws/build/my_robot_bringup --target install -- -j4 -l4
[0.933s] Level 1:colcon.colcon_core.environment:create_environment_scripts_only(client)
[0.936s] DEBUG:colcon.colcon_core.event_handler.log_command:Invoked command in '/home/dave/team/test_ws/build/client' returned '0': CMAKE_PREFIX_PATH=${CMAKE_PREFIX_PATH}:/opt/ros/dashing /usr/bin/cmake --build /home/dave/team/test_ws/build/client --target install -- -j4 -l4
[0.944s] Level 1:colcon.colcon_core.environment:checking '/home/dave/team/test_ws/install/client' for CMake module files
[0.945s] Level 1:colcon.colcon_core.environment:checking '/home/dave/team/test_ws/install/client' for CMake config files
[0.946s] Level 1:colcon.colcon_core.shell:create_environment_hook('client', 'cmake_prefix_path')
[0.948s] INFO:colcon.colcon_core.shell:Creating environment hook '/home/dave/team/test_ws/install/client/share/client/hook/cmake_prefix_path.ps1'
[0.950s] INFO:colcon.colcon_core.shell:Creating environment descriptor '/home/dave/team/test_ws/install/client/share/client/hook/cmake_prefix_path.dsv'
[0.952s] INFO:colcon.colcon_core.shell:Creating environment hook '/home/dave/team/test_ws/install/client/share/client/hook/cmake_prefix_path.sh'
[0.955s] Level 1:colcon.colcon_core.environment:checking '/home/dave/team/test_ws/install/client/lib'
[0.955s] Level 1:colcon.colcon_core.environment:checking '/home/dave/team/test_ws/install/client/bin'
[0.956s] Level 1:colcon.colcon_core.environment:checking '/home/dave/team/test_ws/install/client/lib/pkgconfig/client.pc'
[0.956s] Level 1:colcon.colcon_core.environment:checking '/home/dave/team/test_ws/install/client/lib/python3.6/site-packages'
[0.956s] Level 1:colcon.colcon_core.shell:create_environment_hook('client', 'pythonpath')
[0.957s] INFO:colcon.colcon_core.shell:Creating environment hook '/home/dave/team/test_ws/install/client/share/client/hook/pythonpath.ps1'
[0.958s] INFO:colcon.colcon_core.shell:Creating environment descriptor '/home/dave/team/test_ws/install/client/share/client/hook/pythonpath.dsv'
[0.960s] INFO:colcon.colcon_core.shell:Creating environment hook '/home/dave/team/test_ws/install/client/share/client/hook/pythonpath.sh'
[0.962s] INFO:colcon.colcon_core.shell:Creating package script '/home/dave/team/test_ws/install/client/share/client/package.ps1'
[0.964s] INFO:colcon.colcon_core.shell:Creating package descriptor '/home/dave/team/test_ws/install/client/share/client/package.dsv'
[0.966s] INFO:colcon.colcon_core.shell:Creating package script '/home/dave/team/test_ws/install/client/share/client/package.sh'
[0.968s] INFO:colcon.colcon_core.shell:Creating package script '/home/dave/team/test_ws/install/client/share/client/package.bash'
[0.970s] INFO:colcon.colcon_core.shell:Creating package script '/home/dave/team/test_ws/install/client/share/client/package.zsh'
[0.972s] Level 1:colcon.colcon_core.environment:create_file_with_runtime_dependencies(/home/dave/team/test_ws/install/client/share/colcon-core/packages/client)
[1.004s] Level 1:colcon.colcon_core.environment:create_environment_scripts_only(my_robot_bringup)
[1.006s] Level 1:colcon.colcon_core.environment:checking '/home/dave/team/test_ws/install/my_robot_bringup' for CMake module files
[1.008s] DEBUG:colcon.colcon_core.event_handler.log_command:Invoked command in '/home/dave/team/test_ws/build/my_robot_bringup' returned '0': CMAKE_PREFIX_PATH=${CMAKE_PREFIX_PATH}:/opt/ros/dashing /usr/bin/cmake --build /home/dave/team/test_ws/build/my_robot_bringup --target install -- -j4 -l4
[1.009s] Level 1:colcon.colcon_core.environment:checking '/home/dave/team/test_ws/install/my_robot_bringup' for CMake config files
[1.009s] Level 1:colcon.colcon_core.shell:create_environment_hook('my_robot_bringup', 'cmake_prefix_path')
[1.010s] INFO:colcon.colcon_core.shell:Creating environment hook '/home/dave/team/test_ws/install/my_robot_bringup/share/my_robot_bringup/hook/cmake_prefix_path.ps1'
[1.011s] INFO:colcon.colcon_core.shell:Creating environment descriptor '/home/dave/team/test_ws/install/my_robot_bringup/share/my_robot_bringup/hook/cmake_prefix_path.dsv'
[1.012s] INFO:colcon.colcon_core.shell:Creating environment hook '/home/dave/team/test_ws/install/my_robot_bringup/share/my_robot_bringup/hook/cmake_prefix_path.sh'
[1.014s] Level 1:colcon.colcon_core.environment:checking '/home/dave/team/test_ws/install/my_robot_bringup/lib'
[1.014s] Level 1:colcon.colcon_core.environment:checking '/home/dave/team/test_ws/install/my_robot_bringup/bin'
[1.014s] Level 1:colcon.colcon_core.environment:checking '/home/dave/team/test_ws/install/my_robot_bringup/lib/pkgconfig/my_robot_bringup.pc'
[1.014s] Level 1:colcon.colcon_core.environment:checking '/home/dave/team/test_ws/install/my_robot_bringup/lib/python3.6/site-packages'
[1.015s] INFO:colcon.colcon_core.shell:Creating package script '/home/dave/team/test_ws/install/my_robot_bringup/share/my_robot_bringup/package.ps1'
[1.016s] INFO:colcon.colcon_core.shell:Creating package descriptor '/home/dave/team/test_ws/install/my_robot_bringup/share/my_robot_bringup/package.dsv'
[1.017s] INFO:colcon.colcon_core.shell:Creating package script '/home/dave/team/test_ws/install/my_robot_bringup/share/my_robot_bringup/package.sh'
[1.018s] INFO:colcon.colcon_core.shell:Creating package script '/home/dave/team/test_ws/install/my_robot_bringup/share/my_robot_bringup/package.bash'
[1.019s] INFO:colcon.colcon_core.shell:Creating package script '/home/dave/team/test_ws/install/my_robot_bringup/share/my_robot_bringup/package.zsh'
[1.019s] Level 1:colcon.colcon_core.environment:create_file_with_runtime_dependencies(/home/dave/team/test_ws/install/my_robot_bringup/share/colcon-core/packages/my_robot_bringup)
[1.045s] Level 1:colcon.colcon_core.environment:create_environment_scripts_only(client)
[1.047s] Level 1:colcon.colcon_core.environment:checking '/home/dave/team/test_ws/install/client' for CMake module files
[1.048s] Level 1:colcon.colcon_core.environment:checking '/home/dave/team/test_ws/install/client' for CMake config files
[1.049s] Level 1:colcon.colcon_core.shell:create_environment_hook('client', 'cmake_prefix_path')
[1.050s] INFO:colcon.colcon_core.shell:Creating environment hook '/home/dave/team/test_ws/install/client/share/client/hook/cmake_prefix_path.ps1'
[1.051s] INFO:colcon.colcon_core.shell:Creating environment descriptor '/home/dave/team/test_ws/install/client/share/client/hook/cmake_prefix_path.dsv'
[1.052s] INFO:colcon.colcon_core.shell:Creating environment hook '/home/dave/team/test_ws/install/client/share/client/hook/cmake_prefix_path.sh'
[1.054s] Level 1:colcon.colcon_core.environment:checking '/home/dave/team/test_ws/install/client/lib'
[1.055s] Level 1:colcon.colcon_core.environment:checking '/home/dave/team/test_ws/install/client/bin'
[1.055s] Level 1:colcon.colcon_core.environment:checking '/home/dave/team/test_ws/install/client/lib/pkgconfig/client.pc'
[1.055s] Level 1:colcon.colcon_core.environment:checking '/home/dave/team/test_ws/install/client/lib/python3.6/site-packages'
[1.055s] Level 1:colcon.colcon_core.shell:create_environment_hook('client', 'pythonpath')
[1.057s] INFO:colcon.colcon_core.shell:Creating environment hook '/home/dave/team/test_ws/install/client/share/client/hook/pythonpath.ps1'
[1.058s] INFO:colcon.colcon_core.shell:Creating environment descriptor '/home/dave/team/test_ws/install/client/share/client/hook/pythonpath.dsv'
[1.059s] INFO:colcon.colcon_core.shell:Creating environment hook '/home/dave/team/test_ws/install/client/share/client/hook/pythonpath.sh'
[1.062s] INFO:colcon.colcon_core.shell:Creating package script '/home/dave/team/test_ws/install/client/share/client/package.ps1'
[1.063s] INFO:colcon.colcon_core.shell:Creating package descriptor '/home/dave/team/test_ws/install/client/share/client/package.dsv'
[1.065s] INFO:colcon.colcon_core.shell:Creating package script '/home/dave/team/test_ws/install/client/share/client/package.sh'
[1.066s] INFO:colcon.colcon_core.shell:Creating package script '/home/dave/team/test_ws/install/client/share/client/package.bash'
[1.067s] INFO:colcon.colcon_core.shell:Creating package script '/home/dave/team/test_ws/install/client/share/client/package.zsh'
[1.068s] Level 1:colcon.colcon_core.environment:create_file_with_runtime_dependencies(/home/dave/team/test_ws/install/client/share/colcon-core/packages/client)
[1.090s] Level 1:colcon.colcon_core.environment:create_environment_scripts_only(my_robot_bringup)
[1.095s] Level 1:colcon.colcon_core.environment:checking '/home/dave/team/test_ws/install/my_robot_bringup' for CMake module files
[1.097s] Level 1:colcon.colcon_core.environment:checking '/home/dave/team/test_ws/install/my_robot_bringup' for CMake config files
[1.098s] Level 1:colcon.colcon_core.shell:create_environment_hook('my_robot_bringup', 'cmake_prefix_path')
[1.099s] INFO:colcon.colcon_core.shell:Creating environment hook '/home/dave/team/test_ws/install/my_robot_bringup/share/my_robot_bringup/hook/cmake_prefix_path.ps1'
[1.101s] INFO:colcon.colcon_core.shell:Creating environment descriptor '/home/dave/team/test_ws/install/my_robot_bringup/share/my_robot_bringup/hook/cmake_prefix_path.dsv'
[1.102s] INFO:colcon.colcon_core.shell:Creating environment hook '/home/dave/team/test_ws/install/my_robot_bringup/share/my_robot_bringup/hook/cmake_prefix_path.sh'
[1.111s] Level 1:colcon.colcon_core.environment:checking '/home/dave/team/test_ws/install/my_robot_bringup/lib'
[1.111s] Level 1:colcon.colcon_core.environment:checking '/home/dave/team/test_ws/install/my_robot_bringup/bin'
[1.112s] Level 1:colcon.colcon_core.environment:checking '/home/dave/team/test_ws/install/my_robot_bringup/lib/pkgconfig/my_robot_bringup.pc'
[1.112s] Level 1:colcon.colcon_core.environment:checking '/home/dave/team/test_ws/install/my_robot_bringup/lib/python3.6/site-packages'
[1.114s] INFO:colcon.colcon_core.shell:Creating package script '/home/dave/team/test_ws/install/my_robot_bringup/share/my_robot_bringup/package.ps1'
[1.115s] INFO:colcon.colcon_core.shell:Creating package descriptor '/home/dave/team/test_ws/install/my_robot_bringup/share/my_robot_bringup/package.dsv'
[1.116s] INFO:colcon.colcon_core.shell:Creating package script '/home/dave/team/test_ws/install/my_robot_bringup/share/my_robot_bringup/package.sh'
[1.118s] INFO:colcon.colcon_core.shell:Creating package script '/home/dave/team/test_ws/install/my_robot_bringup/share/my_robot_bringup/package.bash'
[1.119s] INFO:colcon.colcon_core.shell:Creating package script '/home/dave/team/test_ws/install/my_robot_bringup/share/my_robot_bringup/package.zsh'
[1.121s] Level 1:colcon.colcon_core.environment:create_file_with_runtime_dependencies(/home/dave/team/test_ws/install/my_robot_bringup/share/colcon-core/packages/my_robot_bringup)
[1.122s] DEBUG:colcon.colcon_parallel_executor.executor.parallel:closing loop
[1.123s] DEBUG:colcon.colcon_parallel_executor.executor.parallel:loop closed
[1.124s] DEBUG:colcon.colcon_parallel_executor.executor.parallel:run_until_complete finished with '0'
[1.125s] DEBUG:colcon.colcon_core.event_reactor:joining thread
[1.183s] INFO:colcon.colcon_core.plugin_system:Skipping extension 'colcon_notification.desktop_notification.terminal_notifier': Not used on non-Darwin systems
[1.183s] INFO:colcon.colcon_core.plugin_system:Skipping extension 'colcon_notification.desktop_notification.win32': Not used on non-Windows systems
[1.184s] INFO:colcon.colcon_notification.desktop_notification:Sending desktop notification using 'notify2'
[1.191s] DEBUG:colcon.colcon_core.event_reactor:joined thread
[1.193s] INFO:colcon.colcon_core.shell:Creating prefix script '/home/dave/team/test_ws/install/local_setup.ps1'
[1.196s] INFO:colcon.colcon_core.shell:Creating prefix util module '/home/dave/team/test_ws/install/_local_setup_util_ps1.py'
[1.200s] INFO:colcon.colcon_core.shell:Creating prefix chain script '/home/dave/team/test_ws/install/setup.ps1'
[1.208s] INFO:colcon.colcon_core.shell:Creating prefix script '/home/dave/team/test_ws/install/local_setup.sh'
[1.211s] INFO:colcon.colcon_core.shell:Creating prefix util module '/home/dave/team/test_ws/install/_local_setup_util_sh.py'
[1.213s] INFO:colcon.colcon_core.shell:Creating prefix chain script '/home/dave/team/test_ws/install/setup.sh'
[1.221s] INFO:colcon.colcon_core.shell:Creating prefix script '/home/dave/team/test_ws/install/local_setup.bash'
[1.223s] INFO:colcon.colcon_core.shell:Creating prefix chain script '/home/dave/team/test_ws/install/setup.bash'
[1.229s] INFO:colcon.colcon_core.shell:Creating prefix script '/home/dave/team/test_ws/install/local_setup.zsh'
[1.231s] INFO:colcon.colcon_core.shell:Creating prefix chain script '/home/dave/team/test_ws/install/setup.zsh'
