[0.519s] Invoking command in '/home/dave/team/test_ws/src/client': PYTHONPATH=/home/dave/team/test_ws/install/client/lib/python3.6/site-packages:${PYTHONPATH} /usr/bin/python3 setup.py egg_info --egg-base ../../build/client build --build-base /home/dave/team/test_ws/build/client/build install --prefix /home/dave/team/test_ws/install/client --record /home/dave/team/test_ws/build/client/install.log --single-version-externally-managed
[0.935s] running egg_info
[0.937s] writing ../../build/client/client.egg-info/PKG-INFO
[0.937s] writing dependency_links to ../../build/client/client.egg-info/dependency_links.txt
[0.938s] writing entry points to ../../build/client/client.egg-info/entry_points.txt
[0.939s] writing requirements to ../../build/client/client.egg-info/requires.txt
[0.939s] writing top-level names to ../../build/client/client.egg-info/top_level.txt
[1.029s] reading manifest file '../../build/client/client.egg-info/SOURCES.txt'
[1.031s] writing manifest file '../../build/client/client.egg-info/SOURCES.txt'
[1.031s] running build
[1.031s] running build_py
[1.034s] copying client/client_node.py -> /home/dave/team/test_ws/build/client/build/lib/client
[1.034s] running install
[1.035s] running install_lib
[1.037s] copying /home/dave/team/test_ws/build/client/build/lib/client/client_node.py -> /home/dave/team/test_ws/install/client/lib/python3.6/site-packages/client
[1.038s] byte-compiling /home/dave/team/test_ws/install/client/lib/python3.6/site-packages/client/client_node.py to client_node.cpython-36.pyc
[1.040s] running install_data
[1.041s] running install_egg_info
[1.047s] removing '/home/dave/team/test_ws/install/client/lib/python3.6/site-packages/client-0.0.0-py3.6.egg-info' (and everything under it)
[1.047s] Copying ../../build/client/client.egg-info to /home/dave/team/test_ws/install/client/lib/python3.6/site-packages/client-0.0.0-py3.6.egg-info
[1.050s] running install_scripts
[1.122s] Installing client_start script to /home/dave/team/test_ws/install/client/lib/client
[1.123s] writing list of installed files to '/home/dave/team/test_ws/build/client/install.log'
[1.187s] Invoked command in '/home/dave/team/test_ws/src/client' returned '0': PYTHONPATH=/home/dave/team/test_ws/install/client/lib/python3.6/site-packages:${PYTHONPATH} /usr/bin/python3 setup.py egg_info --egg-base ../../build/client build --build-base /home/dave/team/test_ws/build/client/build install --prefix /home/dave/team/test_ws/install/client --record /home/dave/team/test_ws/build/client/install.log --single-version-externally-managed
