[0.520s] Invoking command in '/home/dave/team/test_ws/src/client': PYTHONPATH=/home/dave/team/test_ws/install/client/lib/python3.6/site-packages:${PYTHONPATH} /usr/bin/python3 setup.py egg_info --egg-base ../../build/client build --build-base /home/dave/team/test_ws/build/client/build install --prefix /home/dave/team/test_ws/install/client --record /home/dave/team/test_ws/build/client/install.log --single-version-externally-managed
[0.963s] running egg_info
[0.964s] writing ../../build/client/client.egg-info/PKG-INFO
[0.964s] writing dependency_links to ../../build/client/client.egg-info/dependency_links.txt
[0.965s] writing entry points to ../../build/client/client.egg-info/entry_points.txt
[0.966s] writing requirements to ../../build/client/client.egg-info/requires.txt
[0.966s] writing top-level names to ../../build/client/client.egg-info/top_level.txt
[1.051s] reading manifest file '../../build/client/client.egg-info/SOURCES.txt'
[1.053s] writing manifest file '../../build/client/client.egg-info/SOURCES.txt'
[1.053s] running build
[1.054s] running build_py
[1.054s] copying client/client_node.py -> /home/dave/team/test_ws/build/client/build/lib/client
[1.054s] running install
[1.055s] running install_lib
[1.057s] copying /home/dave/team/test_ws/build/client/build/lib/client/client_node.py -> /home/dave/team/test_ws/install/client/lib/python3.6/site-packages/client
[1.058s] byte-compiling /home/dave/team/test_ws/install/client/lib/python3.6/site-packages/client/client_node.py to client_node.cpython-36.pyc
[1.059s] Sorry: TabError: inconsistent use of tabs and spaces in indentation (client_node.py, line 16)
[1.059s] running install_data
[1.059s] running install_egg_info
[1.068s] removing '/home/dave/team/test_ws/install/client/lib/python3.6/site-packages/client-0.0.0-py3.6.egg-info' (and everything under it)
[1.069s] Copying ../../build/client/client.egg-info to /home/dave/team/test_ws/install/client/lib/python3.6/site-packages/client-0.0.0-py3.6.egg-info
[1.069s] running install_scripts
[1.110s] Installing client_start script to /home/dave/team/test_ws/install/client/lib/client
[1.111s] writing list of installed files to '/home/dave/team/test_ws/build/client/install.log'
[1.161s] Invoked command in '/home/dave/team/test_ws/src/client' returned '0': PYTHONPATH=/home/dave/team/test_ws/install/client/lib/python3.6/site-packages:${PYTHONPATH} /usr/bin/python3 setup.py egg_info --egg-base ../../build/client build --build-base /home/dave/team/test_ws/build/client/build install --prefix /home/dave/team/test_ws/install/client --record /home/dave/team/test_ws/build/client/install.log --single-version-externally-managed
