[0.472s] Invoking command in '/home/dave/team/test_ws/src/client': PYTHONPATH=/home/dave/team/test_ws/install/client/lib/python3.6/site-packages:${PYTHONPATH} /usr/bin/python3 setup.py egg_info --egg-base ../../build/client build --build-base /home/dave/team/test_ws/build/client/build install --prefix /home/dave/team/test_ws/install/client --record /home/dave/team/test_ws/build/client/install.log --single-version-externally-managed
[0.955s] running egg_info
[0.957s] writing ../../build/client/client.egg-info/PKG-INFO
[0.957s] writing dependency_links to ../../build/client/client.egg-info/dependency_links.txt
[0.958s] writing entry points to ../../build/client/client.egg-info/entry_points.txt
[0.958s] writing requirements to ../../build/client/client.egg-info/requires.txt
[0.960s] writing top-level names to ../../build/client/client.egg-info/top_level.txt
[1.033s] reading manifest file '../../build/client/client.egg-info/SOURCES.txt'
[1.041s] writing manifest file '../../build/client/client.egg-info/SOURCES.txt'
[1.042s] running build
[1.043s] running build_py
[1.043s] copying client/client_node.py -> /home/dave/team/test_ws/build/client/build/lib/client
[1.044s] running install
[1.045s] running install_lib
[1.049s] copying /home/dave/team/test_ws/build/client/build/lib/client/client_node.py -> /home/dave/team/test_ws/install/client/lib/python3.6/site-packages/client
[1.049s] byte-compiling /home/dave/team/test_ws/install/client/lib/python3.6/site-packages/client/client_node.py to client_node.cpython-36.pyc
[1.059s] running install_data
[1.059s] running install_egg_info
[1.060s] removing '/home/dave/team/test_ws/install/client/lib/python3.6/site-packages/client-0.0.0-py3.6.egg-info' (and everything under it)
[1.060s] Copying ../../build/client/client.egg-info to /home/dave/team/test_ws/install/client/lib/python3.6/site-packages/client-0.0.0-py3.6.egg-info
[1.062s] running install_scripts
[1.096s] Installing client_start script to /home/dave/team/test_ws/install/client/lib/client
[1.097s] writing list of installed files to '/home/dave/team/test_ws/build/client/install.log'
[1.135s] Invoked command in '/home/dave/team/test_ws/src/client' returned '0': PYTHONPATH=/home/dave/team/test_ws/install/client/lib/python3.6/site-packages:${PYTHONPATH} /usr/bin/python3 setup.py egg_info --egg-base ../../build/client build --build-base /home/dave/team/test_ws/build/client/build install --prefix /home/dave/team/test_ws/install/client --record /home/dave/team/test_ws/build/client/install.log --single-version-externally-managed
