[0.502s] Invoking command in '/home/dave/team/test_ws/src/client': PYTHONPATH=/home/dave/team/test_ws/install/client/lib/python3.6/site-packages:${PYTHONPATH} /usr/bin/python3 setup.py egg_info --egg-base ../../build/client build --build-base /home/dave/team/test_ws/build/client/build install --prefix /home/dave/team/test_ws/install/client --record /home/dave/team/test_ws/build/client/install.log --single-version-externally-managed
[0.816s] running egg_info
[0.817s] writing ../../build/client/client.egg-info/PKG-INFO
[0.817s] writing dependency_links to ../../build/client/client.egg-info/dependency_links.txt
[0.819s] writing entry points to ../../build/client/client.egg-info/entry_points.txt
[0.819s] writing requirements to ../../build/client/client.egg-info/requires.txt
[0.846s] writing top-level names to ../../build/client/client.egg-info/top_level.txt
[0.882s] reading manifest file '../../build/client/client.egg-info/SOURCES.txt'
[0.885s] writing manifest file '../../build/client/client.egg-info/SOURCES.txt'
[0.885s] running build
[0.885s] running build_py
[0.886s] copying client/client_node.py -> /home/dave/team/test_ws/build/client/build/lib/client
[0.887s] running install
[0.888s] running install_lib
[0.889s] copying /home/dave/team/test_ws/build/client/build/lib/client/client_node.py -> /home/dave/team/test_ws/install/client/lib/python3.6/site-packages/client
[0.890s] byte-compiling /home/dave/team/test_ws/install/client/lib/python3.6/site-packages/client/client_node.py to client_node.cpython-36.pyc
[0.939s] running install_data
[0.941s] running install_egg_info
[0.945s] removing '/home/dave/team/test_ws/install/client/lib/python3.6/site-packages/client-0.0.0-py3.6.egg-info' (and everything under it)
[0.946s] Copying ../../build/client/client.egg-info to /home/dave/team/test_ws/install/client/lib/python3.6/site-packages/client-0.0.0-py3.6.egg-info
[0.948s] running install_scripts
[0.995s] Installing client_start script to /home/dave/team/test_ws/install/client/lib/client
[0.996s] writing list of installed files to '/home/dave/team/test_ws/build/client/install.log'
[1.043s] Invoked command in '/home/dave/team/test_ws/src/client' returned '0': PYTHONPATH=/home/dave/team/test_ws/install/client/lib/python3.6/site-packages:${PYTHONPATH} /usr/bin/python3 setup.py egg_info --egg-base ../../build/client build --build-base /home/dave/team/test_ws/build/client/build install --prefix /home/dave/team/test_ws/install/client --record /home/dave/team/test_ws/build/client/install.log --single-version-externally-managed
