[0.279s] Invoking command in '/home/dave/team/test_ws/src/client': PYTHONPATH=/home/dave/team/test_ws/install/client/lib/python3.6/site-packages:${PYTHONPATH} /usr/bin/python3 setup.py egg_info --egg-base ../../build/client build --build-base /home/dave/team/test_ws/build/client/build install --prefix /home/dave/team/test_ws/install/client --record /home/dave/team/test_ws/build/client/install.log --single-version-externally-managed
[0.523s] running egg_info
[0.523s] writing ../../build/client/client.egg-info/PKG-INFO
[0.524s] writing dependency_links to ../../build/client/client.egg-info/dependency_links.txt
[0.524s] writing entry points to ../../build/client/client.egg-info/entry_points.txt
[0.524s] writing requirements to ../../build/client/client.egg-info/requires.txt
[0.525s] writing top-level names to ../../build/client/client.egg-info/top_level.txt
[0.561s] reading manifest file '../../build/client/client.egg-info/SOURCES.txt'
[0.562s] writing manifest file '../../build/client/client.egg-info/SOURCES.txt'
[0.562s] running build
[0.562s] running build_py
[0.563s] running install
[0.563s] running install_lib
[0.565s] running install_data
[0.565s] running install_egg_info
[0.567s] removing '/home/dave/team/test_ws/install/client/lib/python3.6/site-packages/client-0.0.0-py3.6.egg-info' (and everything under it)
[0.568s] Copying ../../build/client/client.egg-info to /home/dave/team/test_ws/install/client/lib/python3.6/site-packages/client-0.0.0-py3.6.egg-info
[0.568s] running install_scripts
[0.593s] Installing client_start script to /home/dave/team/test_ws/install/client/lib/client
[0.593s] Installing client_start_g script to /home/dave/team/test_ws/install/client/lib/client
[0.594s] Installing client_start_s script to /home/dave/team/test_ws/install/client/lib/client
[0.594s] writing list of installed files to '/home/dave/team/test_ws/build/client/install.log'
[0.628s] Invoked command in '/home/dave/team/test_ws/src/client' returned '0': PYTHONPATH=/home/dave/team/test_ws/install/client/lib/python3.6/site-packages:${PYTHONPATH} /usr/bin/python3 setup.py egg_info --egg-base ../../build/client build --build-base /home/dave/team/test_ws/build/client/build install --prefix /home/dave/team/test_ws/install/client --record /home/dave/team/test_ws/build/client/install.log --single-version-externally-managed
