[0.206s] DEBUG:colcon:Command line arguments: ['/usr/bin/colcon', 'build']
[0.206s] DEBUG:colcon:Parsed command line arguments: Namespace(ament_cmake_args=None, base_paths=['.'], build_base='build', catkin_cmake_args=None, catkin_skip_building_tests=False, cmake_args=None, cmake_clean_cache=False, cmake_clean_first=False, cmake_force_configure=False, cmake_target=None, cmake_target_skip_unavailable=False, continue_on_error=False, event_handlers=None, executor='parallel', ignore_user_meta=False, install_base='install', log_base=None, log_level=None, main=<bound method BuildVerb.main of <colcon_core.verb.build.BuildVerb object at 0x7febf14fb6d8>>, merge_install=False, metas=['./colcon.meta'], packages_above=None, packages_above_and_dependencies=None, packages_above_depth=None, packages_end=None, packages_ignore=None, packages_ignore_regex=None, packages_select=None, packages_select_build_failed=False, packages_select_by_dep=None, packages_select_regex=None, packages_select_test_failures=False, packages_skip=None, packages_skip_build_finished=False, packages_skip_by_dep=None, packages_skip_regex=None, packages_skip_test_passed=False, packages_skip_up_to=None, packages_start=None, packages_up_to=None, packages_up_to_regex=None, parallel_workers=4, paths=None, symlink_install=False, test_result_base=None, verb_extension=<colcon_core.verb.build.BuildVerb object at 0x7febf14fb6d8>, verb_name='build', verb_parser=<colcon_defaults.argument_parser.defaults.DefaultArgumentsDecorator object at 0x7febf14fba20>)
[0.211s] Level 1:colcon.colcon_core.package_discovery:discover_packages(colcon_meta) check parameters
[0.211s] Level 1:colcon.colcon_core.package_discovery:discover_packages(recursive) check parameters
[0.211s] Level 1:colcon.colcon_core.package_discovery:discover_packages(ignore) check parameters
[0.211s] Level 1:colcon.colcon_core.package_discovery:discover_packages(path) check parameters
[0.211s] Level 1:colcon.colcon_core.package_discovery:discover_packages(colcon_meta) discover
[0.211s] Level 1:colcon.colcon_core.package_discovery:discover_packages(recursive) discover
[0.211s] INFO:colcon.colcon_core.package_discovery:Crawling recursively for packages in '/home/dave/team/test_ws'
[0.211s] Level 1:colcon.colcon_core.package_identification:_identify(.) by extensions ['ignore', 'ignore_ament_install']
[0.212s] Level 1:colcon.colcon_core.package_identification:_identify(.) by extension 'ignore'
[0.212s] Level 1:colcon.colcon_core.package_identification:_identify(.) by extension 'ignore_ament_install'
[0.212s] Level 1:colcon.colcon_core.package_identification:_identify(.) by extensions ['colcon_pkg']
[0.212s] Level 1:colcon.colcon_core.package_identification:_identify(.) by extension 'colcon_pkg'
[0.212s] Level 1:colcon.colcon_core.package_identification:_identify(.) by extensions ['colcon_meta']
[0.212s] Level 1:colcon.colcon_core.package_identification:_identify(.) by extension 'colcon_meta'
[0.212s] Level 1:colcon.colcon_core.package_identification:_identify(.) by extensions ['ros']
[0.212s] Level 1:colcon.colcon_core.package_identification:_identify(.) by extension 'ros'
[0.225s] Level 1:colcon.colcon_core.package_identification:_identify(.) by extensions ['cmake', 'python']
[0.225s] Level 1:colcon.colcon_core.package_identification:_identify(.) by extension 'cmake'
[0.225s] Level 1:colcon.colcon_core.package_identification:_identify(.) by extension 'python'
[0.225s] Level 1:colcon.colcon_core.package_identification:_identify(.) by extensions ['python_setup_py']
[0.225s] Level 1:colcon.colcon_core.package_identification:_identify(.) by extension 'python_setup_py'
[0.226s] Level 1:colcon.colcon_core.package_identification:_identify(build) by extensions ['ignore', 'ignore_ament_install']
[0.226s] Level 1:colcon.colcon_core.package_identification:_identify(build) by extension 'ignore'
[0.226s] Level 1:colcon.colcon_core.package_identification:_identify(build) ignored
[0.226s] Level 1:colcon.colcon_core.package_identification:_identify(install) by extensions ['ignore', 'ignore_ament_install']
[0.226s] Level 1:colcon.colcon_core.package_identification:_identify(install) by extension 'ignore'
[0.227s] Level 1:colcon.colcon_core.package_identification:_identify(install) ignored
[0.227s] Level 1:colcon.colcon_core.package_identification:_identify(log) by extensions ['ignore', 'ignore_ament_install']
[0.227s] Level 1:colcon.colcon_core.package_identification:_identify(log) by extension 'ignore'
[0.227s] Level 1:colcon.colcon_core.package_identification:_identify(log) ignored
[0.227s] Level 1:colcon.colcon_core.package_identification:_identify(src) by extensions ['ignore', 'ignore_ament_install']
[0.227s] Level 1:colcon.colcon_core.package_identification:_identify(src) by extension 'ignore'
[0.227s] Level 1:colcon.colcon_core.package_identification:_identify(src) by extension 'ignore_ament_install'
[0.227s] Level 1:colcon.colcon_core.package_identification:_identify(src) by extensions ['colcon_pkg']
[0.227s] Level 1:colcon.colcon_core.package_identification:_identify(src) by extension 'colcon_pkg'
[0.227s] Level 1:colcon.colcon_core.package_identification:_identify(src) by extensions ['colcon_meta']
[0.227s] Level 1:colcon.colcon_core.package_identification:_identify(src) by extension 'colcon_meta'
[0.228s] Level 1:colcon.colcon_core.package_identification:_identify(src) by extensions ['ros']
[0.228s] Level 1:colcon.colcon_core.package_identification:_identify(src) by extension 'ros'
[0.228s] Level 1:colcon.colcon_core.package_identification:_identify(src) by extensions ['cmake', 'python']
[0.228s] Level 1:colcon.colcon_core.package_identification:_identify(src) by extension 'cmake'
[0.228s] Level 1:colcon.colcon_core.package_identification:_identify(src) by extension 'python'
[0.228s] Level 1:colcon.colcon_core.package_identification:_identify(src) by extensions ['python_setup_py']
[0.228s] Level 1:colcon.colcon_core.package_identification:_identify(src) by extension 'python_setup_py'
[0.228s] Level 1:colcon.colcon_core.package_identification:_identify(src/build) by extensions ['ignore', 'ignore_ament_install']
[0.228s] Level 1:colcon.colcon_core.package_identification:_identify(src/build) by extension 'ignore'
[0.228s] Level 1:colcon.colcon_core.package_identification:_identify(src/build) ignored
[0.228s] Level 1:colcon.colcon_core.package_identification:_identify(src/client) by extensions ['ignore', 'ignore_ament_install']
[0.228s] Level 1:colcon.colcon_core.package_identification:_identify(src/client) by extension 'ignore'
[0.228s] Level 1:colcon.colcon_core.package_identification:_identify(src/client) by extension 'ignore_ament_install'
[0.228s] Level 1:colcon.colcon_core.package_identification:_identify(src/client) by extensions ['colcon_pkg']
[0.228s] Level 1:colcon.colcon_core.package_identification:_identify(src/client) by extension 'colcon_pkg'
[0.229s] Level 1:colcon.colcon_core.package_identification:_identify(src/client) by extensions ['colcon_meta']
[0.229s] Level 1:colcon.colcon_core.package_identification:_identify(src/client) by extension 'colcon_meta'
[0.229s] Level 1:colcon.colcon_core.package_identification:_identify(src/client) by extensions ['ros']
[0.229s] Level 1:colcon.colcon_core.package_identification:_identify(src/client) by extension 'ros'
[0.231s] DEBUG:colcon.colcon_core.package_identification:Package 'src/client' with type 'ros.ament_cmake' and name 'client'
[0.231s] Level 1:colcon.colcon_core.package_identification:_identify(src/install) by extensions ['ignore', 'ignore_ament_install']
[0.231s] Level 1:colcon.colcon_core.package_identification:_identify(src/install) by extension 'ignore'
[0.231s] Level 1:colcon.colcon_core.package_identification:_identify(src/install) ignored
[0.231s] Level 1:colcon.colcon_core.package_identification:_identify(src/log) by extensions ['ignore', 'ignore_ament_install']
[0.232s] Level 1:colcon.colcon_core.package_identification:_identify(src/log) by extension 'ignore'
[0.232s] Level 1:colcon.colcon_core.package_identification:_identify(src/log) ignored
[0.232s] Level 1:colcon.colcon_core.package_identification:_identify(src/my_robot_bringup) by extensions ['ignore', 'ignore_ament_install']
[0.232s] Level 1:colcon.colcon_core.package_identification:_identify(src/my_robot_bringup) by extension 'ignore'
[0.232s] Level 1:colcon.colcon_core.package_identification:_identify(src/my_robot_bringup) by extension 'ignore_ament_install'
[0.232s] Level 1:colcon.colcon_core.package_identification:_identify(src/my_robot_bringup) by extensions ['colcon_pkg']
[0.232s] Level 1:colcon.colcon_core.package_identification:_identify(src/my_robot_bringup) by extension 'colcon_pkg'
[0.232s] Level 1:colcon.colcon_core.package_identification:_identify(src/my_robot_bringup) by extensions ['colcon_meta']
[0.232s] Level 1:colcon.colcon_core.package_identification:_identify(src/my_robot_bringup) by extension 'colcon_meta'
[0.232s] Level 1:colcon.colcon_core.package_identification:_identify(src/my_robot_bringup) by extensions ['ros']
[0.232s] Level 1:colcon.colcon_core.package_identification:_identify(src/my_robot_bringup) by extension 'ros'
[0.233s] DEBUG:colcon.colcon_core.package_identification:Package 'src/my_robot_bringup' with type 'ros.ament_cmake' and name 'my_robot_bringup'
[0.233s] Level 1:colcon.colcon_core.package_discovery:discover_packages(recursive) using defaults
[0.233s] Level 1:colcon.colcon_core.package_discovery:discover_packages(ignore) discover
[0.233s] Level 1:colcon.colcon_core.package_discovery:discover_packages(ignore) using defaults
[0.233s] Level 1:colcon.colcon_core.package_discovery:discover_packages(path) discover
[0.233s] Level 1:colcon.colcon_core.package_discovery:discover_packages(path) using defaults
[0.254s] Level 5:colcon.colcon_core.verb:set package 'client' build argument 'cmake_args' from command line to 'None'
[0.254s] Level 5:colcon.colcon_core.verb:set package 'client' build argument 'cmake_target' from command line to 'None'
[0.254s] Level 5:colcon.colcon_core.verb:set package 'client' build argument 'cmake_target_skip_unavailable' from command line to 'False'
[0.255s] Level 5:colcon.colcon_core.verb:set package 'client' build argument 'cmake_clean_cache' from command line to 'False'
[0.255s] Level 5:colcon.colcon_core.verb:set package 'client' build argument 'cmake_clean_first' from command line to 'False'
[0.255s] Level 5:colcon.colcon_core.verb:set package 'client' build argument 'cmake_force_configure' from command line to 'False'
[0.255s] Level 5:colcon.colcon_core.verb:set package 'client' build argument 'ament_cmake_args' from command line to 'None'
[0.255s] Level 5:colcon.colcon_core.verb:set package 'client' build argument 'catkin_cmake_args' from command line to 'None'
[0.255s] Level 5:colcon.colcon_core.verb:set package 'client' build argument 'catkin_skip_building_tests' from command line to 'False'
[0.255s] DEBUG:colcon.colcon_core.verb:Building package 'client' with the following arguments: {'ament_cmake_args': None, 'build_base': '/home/dave/team/test_ws/build/client', 'catkin_cmake_args': None, 'catkin_skip_building_tests': False, 'cmake_args': None, 'cmake_clean_cache': False, 'cmake_clean_first': False, 'cmake_force_configure': False, 'cmake_target': None, 'cmake_target_skip_unavailable': False, 'install_base': '/home/dave/team/test_ws/install/client', 'merge_install': False, 'path': '/home/dave/team/test_ws/src/client', 'symlink_install': False, 'test_result_base': None}
[0.258s] Level 5:colcon.colcon_core.verb:set package 'my_robot_bringup' build argument 'cmake_args' from command line to 'None'
[0.258s] Level 5:colcon.colcon_core.verb:set package 'my_robot_bringup' build argument 'cmake_target' from command line to 'None'
[0.258s] Level 5:colcon.colcon_core.verb:set package 'my_robot_bringup' build argument 'cmake_target_skip_unavailable' from command line to 'False'
[0.258s] Level 5:colcon.colcon_core.verb:set package 'my_robot_bringup' build argument 'cmake_clean_cache' from command line to 'False'
[0.258s] Level 5:colcon.colcon_core.verb:set package 'my_robot_bringup' build argument 'cmake_clean_first' from command line to 'False'
[0.258s] Level 5:colcon.colcon_core.verb:set package 'my_robot_bringup' build argument 'cmake_force_configure' from command line to 'False'
[0.258s] Level 5:colcon.colcon_core.verb:set package 'my_robot_bringup' build argument 'ament_cmake_args' from command line to 'None'
[0.258s] Level 5:colcon.colcon_core.verb:set package 'my_robot_bringup' build argument 'catkin_cmake_args' from command line to 'None'
[0.258s] Level 5:colcon.colcon_core.verb:set package 'my_robot_bringup' build argument 'catkin_skip_building_tests' from command line to 'False'
[0.258s] DEBUG:colcon.colcon_core.verb:Building package 'my_robot_bringup' with the following arguments: {'ament_cmake_args': None, 'build_base': '/home/dave/team/test_ws/build/my_robot_bringup', 'catkin_cmake_args': None, 'catkin_skip_building_tests': False, 'cmake_args': None, 'cmake_clean_cache': False, 'cmake_clean_first': False, 'cmake_force_configure': False, 'cmake_target': None, 'cmake_target_skip_unavailable': False, 'install_base': '/home/dave/team/test_ws/install/my_robot_bringup', 'merge_install': False, 'path': '/home/dave/team/test_ws/src/my_robot_bringup', 'symlink_install': False, 'test_result_base': None}
[0.259s] INFO:colcon.colcon_core.executor:Executing jobs using 'parallel' executor
[0.261s] DEBUG:colcon.colcon_parallel_executor.executor.parallel:run_until_complete
[0.262s] INFO:colcon.colcon_ros.task.ament_cmake.build:Building ROS package in '/home/dave/team/test_ws/src/client' with build type 'ament_cmake'
[0.262s] INFO:colcon.colcon_cmake.task.cmake.build:Building CMake package in '/home/dave/team/test_ws/src/client'
[0.266s] INFO:colcon.colcon_core.plugin_system:Skipping extension 'colcon_core.shell.bat': Not used on non-Windows systems
[0.267s] INFO:colcon.colcon_core.shell:Skip shell extension 'powershell' for command environment: Not usable outside of PowerShell
[0.267s] DEBUG:colcon.colcon_core.shell:Skip shell extension 'dsv' for command environment
[0.269s] DEBUG:colcon.colcon_core.shell:Ignoring prefix path '/opt/ros/dashing'
[0.272s] INFO:colcon.colcon_ros.task.ament_cmake.build:Building ROS package in '/home/dave/team/test_ws/src/my_robot_bringup' with build type 'ament_cmake'
[0.273s] INFO:colcon.colcon_cmake.task.cmake.build:Building CMake package in '/home/dave/team/test_ws/src/my_robot_bringup'
[0.274s] INFO:colcon.colcon_core.shell:Skip shell extension 'powershell' for command environment: Not usable outside of PowerShell
[0.274s] DEBUG:colcon.colcon_core.shell:Skip shell extension 'dsv' for command environment
[0.275s] DEBUG:colcon.colcon_core.shell:Ignoring prefix path '/opt/ros/dashing'
[0.298s] DEBUG:colcon.colcon_core.event_handler.log_command:Invoking command in '/home/dave/team/test_ws/build/client': CMAKE_PREFIX_PATH=/opt/ros/dashing /usr/bin/cmake --build /home/dave/team/test_ws/build/client -- -j4 -l4
[0.300s] DEBUG:colcon.colcon_core.event_handler.log_command:Invoking command in '/home/dave/team/test_ws/build/my_robot_bringup': CMAKE_PREFIX_PATH=/opt/ros/dashing /usr/bin/cmake --build /home/dave/team/test_ws/build/my_robot_bringup -- -j4 -l4
[0.415s] DEBUG:colcon.colcon_core.event_handler.log_command:Invoked command in '/home/dave/team/test_ws/build/my_robot_bringup' returned '0': CMAKE_PREFIX_PATH=/opt/ros/dashing /usr/bin/cmake --build /home/dave/team/test_ws/build/my_robot_bringup -- -j4 -l4
[0.458s] DEBUG:colcon.colcon_core.event_handler.log_command:Invoking command in '/home/dave/team/test_ws/build/my_robot_bringup': CMAKE_PREFIX_PATH=/opt/ros/dashing /usr/bin/cmake --build /home/dave/team/test_ws/build/my_robot_bringup --target install -- -j4 -l4
[0.591s] Level 1:colcon.colcon_core.environment:create_environment_scripts_only(my_robot_bringup)
[0.591s] DEBUG:colcon.colcon_core.event_handler.log_command:Invoked command in '/home/dave/team/test_ws/build/my_robot_bringup' returned '0': CMAKE_PREFIX_PATH=/opt/ros/dashing /usr/bin/cmake --build /home/dave/team/test_ws/build/my_robot_bringup --target install -- -j4 -l4
[0.595s] Level 1:colcon.colcon_core.environment:checking '/home/dave/team/test_ws/install/my_robot_bringup' for CMake module files
[0.595s] Level 1:colcon.colcon_core.environment:checking '/home/dave/team/test_ws/install/my_robot_bringup' for CMake config files
[0.596s] Level 1:colcon.colcon_core.shell:create_environment_hook('my_robot_bringup', 'cmake_prefix_path')
[0.596s] INFO:colcon.colcon_core.shell:Creating environment hook '/home/dave/team/test_ws/install/my_robot_bringup/share/my_robot_bringup/hook/cmake_prefix_path.ps1'
[0.597s] INFO:colcon.colcon_core.shell:Creating environment descriptor '/home/dave/team/test_ws/install/my_robot_bringup/share/my_robot_bringup/hook/cmake_prefix_path.dsv'
[0.598s] INFO:colcon.colcon_core.shell:Creating environment hook '/home/dave/team/test_ws/install/my_robot_bringup/share/my_robot_bringup/hook/cmake_prefix_path.sh'
[0.599s] Level 1:colcon.colcon_core.environment:checking '/home/dave/team/test_ws/install/my_robot_bringup/lib'
[0.599s] Level 1:colcon.colcon_core.environment:checking '/home/dave/team/test_ws/install/my_robot_bringup/bin'
[0.599s] Level 1:colcon.colcon_core.environment:checking '/home/dave/team/test_ws/install/my_robot_bringup/lib/pkgconfig/my_robot_bringup.pc'
[0.600s] Level 1:colcon.colcon_core.environment:checking '/home/dave/team/test_ws/install/my_robot_bringup/lib/python3.6/site-packages'
[0.601s] INFO:colcon.colcon_core.shell:Creating package script '/home/dave/team/test_ws/install/my_robot_bringup/share/my_robot_bringup/package.ps1'
[0.602s] INFO:colcon.colcon_core.shell:Creating package descriptor '/home/dave/team/test_ws/install/my_robot_bringup/share/my_robot_bringup/package.dsv'
[0.602s] INFO:colcon.colcon_core.shell:Creating package script '/home/dave/team/test_ws/install/my_robot_bringup/share/my_robot_bringup/package.sh'
[0.603s] INFO:colcon.colcon_core.shell:Creating package script '/home/dave/team/test_ws/install/my_robot_bringup/share/my_robot_bringup/package.bash'
[0.604s] INFO:colcon.colcon_core.shell:Creating package script '/home/dave/team/test_ws/install/my_robot_bringup/share/my_robot_bringup/package.zsh'
[0.609s] Level 1:colcon.colcon_core.environment:create_file_with_runtime_dependencies(/home/dave/team/test_ws/install/my_robot_bringup/share/colcon-core/packages/my_robot_bringup)
[0.638s] Level 1:colcon.colcon_core.environment:create_environment_scripts_only(my_robot_bringup)
[0.639s] Level 1:colcon.colcon_core.environment:checking '/home/dave/team/test_ws/install/my_robot_bringup' for CMake module files
[0.640s] Level 1:colcon.colcon_core.environment:checking '/home/dave/team/test_ws/install/my_robot_bringup' for CMake config files
[0.640s] Level 1:colcon.colcon_core.shell:create_environment_hook('my_robot_bringup', 'cmake_prefix_path')
[0.642s] INFO:colcon.colcon_core.shell:Creating environment hook '/home/dave/team/test_ws/install/my_robot_bringup/share/my_robot_bringup/hook/cmake_prefix_path.ps1'
[0.642s] INFO:colcon.colcon_core.shell:Creating environment descriptor '/home/dave/team/test_ws/install/my_robot_bringup/share/my_robot_bringup/hook/cmake_prefix_path.dsv'
[0.643s] INFO:colcon.colcon_core.shell:Creating environment hook '/home/dave/team/test_ws/install/my_robot_bringup/share/my_robot_bringup/hook/cmake_prefix_path.sh'
[0.644s] Level 1:colcon.colcon_core.environment:checking '/home/dave/team/test_ws/install/my_robot_bringup/lib'
[0.644s] Level 1:colcon.colcon_core.environment:checking '/home/dave/team/test_ws/install/my_robot_bringup/bin'
[0.644s] Level 1:colcon.colcon_core.environment:checking '/home/dave/team/test_ws/install/my_robot_bringup/lib/pkgconfig/my_robot_bringup.pc'
[0.644s] Level 1:colcon.colcon_core.environment:checking '/home/dave/team/test_ws/install/my_robot_bringup/lib/python3.6/site-packages'
[0.645s] INFO:colcon.colcon_core.shell:Creating package script '/home/dave/team/test_ws/install/my_robot_bringup/share/my_robot_bringup/package.ps1'
[0.646s] INFO:colcon.colcon_core.shell:Creating package descriptor '/home/dave/team/test_ws/install/my_robot_bringup/share/my_robot_bringup/package.dsv'
[0.646s] INFO:colcon.colcon_core.shell:Creating package script '/home/dave/team/test_ws/install/my_robot_bringup/share/my_robot_bringup/package.sh'
[0.647s] INFO:colcon.colcon_core.shell:Creating package script '/home/dave/team/test_ws/install/my_robot_bringup/share/my_robot_bringup/package.bash'
[0.647s] INFO:colcon.colcon_core.shell:Creating package script '/home/dave/team/test_ws/install/my_robot_bringup/share/my_robot_bringup/package.zsh'
[0.648s] Level 1:colcon.colcon_core.environment:create_file_with_runtime_dependencies(/home/dave/team/test_ws/install/my_robot_bringup/share/colcon-core/packages/my_robot_bringup)
[0.671s] DEBUG:colcon.colcon_core.event_handler.log_command:Invoked command in '/home/dave/team/test_ws/build/client' returned '2': CMAKE_PREFIX_PATH=/opt/ros/dashing /usr/bin/cmake --build /home/dave/team/test_ws/build/client -- -j4 -l4
[0.698s] Level 1:colcon.colcon_core.environment:create_environment_scripts_only(client)
[0.699s] Level 1:colcon.colcon_core.environment:checking '/home/dave/team/test_ws/install/client' for CMake module files
[0.700s] Level 1:colcon.colcon_core.environment:checking '/home/dave/team/test_ws/install/client' for CMake config files
[0.700s] Level 1:colcon.colcon_core.shell:create_environment_hook('client', 'cmake_prefix_path')
[0.700s] INFO:colcon.colcon_core.shell:Creating environment hook '/home/dave/team/test_ws/install/client/share/client/hook/cmake_prefix_path.ps1'
[0.701s] INFO:colcon.colcon_core.shell:Creating environment descriptor '/home/dave/team/test_ws/install/client/share/client/hook/cmake_prefix_path.dsv'
[0.702s] INFO:colcon.colcon_core.shell:Creating environment hook '/home/dave/team/test_ws/install/client/share/client/hook/cmake_prefix_path.sh'
[0.703s] Level 1:colcon.colcon_core.environment:checking '/home/dave/team/test_ws/install/client/bin'
[0.703s] Level 1:colcon.colcon_core.environment:checking '/home/dave/team/test_ws/install/client/lib/pkgconfig/client.pc'
[0.703s] Level 1:colcon.colcon_core.environment:checking '/home/dave/team/test_ws/install/client/lib/python3.6/site-packages'
[0.704s] INFO:colcon.colcon_core.shell:Creating package script '/home/dave/team/test_ws/install/client/share/client/package.ps1'
[0.704s] INFO:colcon.colcon_core.shell:Creating package descriptor '/home/dave/team/test_ws/install/client/share/client/package.dsv'
[0.706s] INFO:colcon.colcon_core.shell:Creating package script '/home/dave/team/test_ws/install/client/share/client/package.sh'
[0.706s] INFO:colcon.colcon_core.shell:Creating package script '/home/dave/team/test_ws/install/client/share/client/package.bash'
[0.707s] INFO:colcon.colcon_core.shell:Creating package script '/home/dave/team/test_ws/install/client/share/client/package.zsh'
[0.707s] Level 1:colcon.colcon_core.environment:create_file_with_runtime_dependencies(/home/dave/team/test_ws/install/client/share/colcon-core/packages/client)
[0.719s] DEBUG:colcon.colcon_parallel_executor.executor.parallel:closing loop
[0.721s] DEBUG:colcon.colcon_parallel_executor.executor.parallel:loop closed
[0.721s] DEBUG:colcon.colcon_parallel_executor.executor.parallel:run_until_complete finished with '2'
[0.721s] DEBUG:colcon.colcon_core.event_reactor:joining thread
[0.773s] INFO:colcon.colcon_core.plugin_system:Skipping extension 'colcon_notification.desktop_notification.terminal_notifier': Not used on non-Darwin systems
[0.773s] INFO:colcon.colcon_core.plugin_system:Skipping extension 'colcon_notification.desktop_notification.win32': Not used on non-Windows systems
[0.773s] INFO:colcon.colcon_notification.desktop_notification:Sending desktop notification using 'notify2'
[0.777s] DEBUG:colcon.colcon_core.event_reactor:joined thread
[0.778s] INFO:colcon.colcon_core.shell:Creating prefix script '/home/dave/team/test_ws/install/local_setup.ps1'
[0.780s] INFO:colcon.colcon_core.shell:Creating prefix util module '/home/dave/team/test_ws/install/_local_setup_util_ps1.py'
[0.782s] INFO:colcon.colcon_core.shell:Creating prefix chain script '/home/dave/team/test_ws/install/setup.ps1'
[0.785s] INFO:colcon.colcon_core.shell:Creating prefix script '/home/dave/team/test_ws/install/local_setup.sh'
[0.786s] INFO:colcon.colcon_core.shell:Creating prefix util module '/home/dave/team/test_ws/install/_local_setup_util_sh.py'
[0.786s] INFO:colcon.colcon_core.shell:Creating prefix chain script '/home/dave/team/test_ws/install/setup.sh'
[0.790s] INFO:colcon.colcon_core.shell:Creating prefix script '/home/dave/team/test_ws/install/local_setup.bash'
[0.791s] INFO:colcon.colcon_core.shell:Creating prefix chain script '/home/dave/team/test_ws/install/setup.bash'
[0.801s] INFO:colcon.colcon_core.shell:Creating prefix script '/home/dave/team/test_ws/install/local_setup.zsh'
[0.802s] INFO:colcon.colcon_core.shell:Creating prefix chain script '/home/dave/team/test_ws/install/setup.zsh'
