[0.054s] Invoking command in '/home/dave/team/test_ws/build/client': CMAKE_PREFIX_PATH=${CMAKE_PREFIX_PATH}:/opt/ros/dashing /usr/bin/cmake --build /home/dave/team/test_ws/build/client -- -j4 -l4
[0.173s] Invoked command in '/home/dave/team/test_ws/build/client' returned '0': CMAKE_PREFIX_PATH=${CMAKE_PREFIX_PATH}:/opt/ros/dashing /usr/bin/cmake --build /home/dave/team/test_ws/build/client -- -j4 -l4
[0.244s] Invoking command in '/home/dave/team/test_ws/build/client': CMAKE_PREFIX_PATH=${CMAKE_PREFIX_PATH}:/opt/ros/dashing /usr/bin/cmake --build /home/dave/team/test_ws/build/client --target install -- -j4 -l4
[0.346s] [36mInstall the project...[0m
[0.362s] -- Install configuration: ""
[0.362s] -- Up-to-date: /home/dave/team/test_ws/install/client/share/client/environment/pythonpath.sh
[0.362s] -- Up-to-date: /home/dave/team/test_ws/install/client/lib/python3.6/site-packages/src
[0.363s] -- Up-to-date: /home/dave/team/test_ws/install/client/lib/python3.6/site-packages/src/client_node.py
[0.363s] -- Up-to-date: /home/dave/team/test_ws/install/client/lib/python3.6/site-packages/src/__init__.py
[0.421s] Listing '/home/dave/team/test_ws/install/client/lib/python3.6/site-packages/src'...
[0.432s] -- Up-to-date: /home/dave/team/test_ws/install/client/lib/client/client_node.py
[0.432s] -- Up-to-date: /home/dave/team/test_ws/install/client/share/client/launch
[0.433s] -- Installing: /home/dave/team/test_ws/install/client/share/client/launch/client_node.launch.py
[0.433s] -- Up-to-date: /home/dave/team/test_ws/install/client/share/ament_index/resource_index/package_run_dependencies/client
[0.433s] -- Up-to-date: /home/dave/team/test_ws/install/client/share/ament_index/resource_index/parent_prefix_path/client
[0.433s] -- Up-to-date: /home/dave/team/test_ws/install/client/share/client/environment/ament_prefix_path.sh
[0.434s] -- Up-to-date: /home/dave/team/test_ws/install/client/share/client/environment/path.sh
[0.434s] -- Up-to-date: /home/dave/team/test_ws/install/client/share/client/local_setup.bash
[0.434s] -- Up-to-date: /home/dave/team/test_ws/install/client/share/client/local_setup.sh
[0.434s] -- Up-to-date: /home/dave/team/test_ws/install/client/share/client/local_setup.zsh
[0.434s] -- Up-to-date: /home/dave/team/test_ws/install/client/share/ament_index/resource_index/packages/client
[0.434s] -- Up-to-date: /home/dave/team/test_ws/install/client/share/client/cmake/clientConfig.cmake
[0.434s] -- Up-to-date: /home/dave/team/test_ws/install/client/share/client/cmake/clientConfig-version.cmake
[0.435s] -- Up-to-date: /home/dave/team/test_ws/install/client/share/client/package.xml
[0.440s] Invoked command in '/home/dave/team/test_ws/build/client' returned '0': CMAKE_PREFIX_PATH=${CMAKE_PREFIX_PATH}:/opt/ros/dashing /usr/bin/cmake --build /home/dave/team/test_ws/build/client --target install -- -j4 -l4
