[0.619s] Invoking command in '/home/dave/team/test_ws/src/client': PYTHONPATH=/home/dave/team/test_ws/install/client/lib/python3.6/site-packages:${PYTHONPATH} /usr/bin/python3 setup.py egg_info --egg-base ../../build/client build --build-base /home/dave/team/test_ws/build/client/build install --prefix /home/dave/team/test_ws/install/client --record /home/dave/team/test_ws/build/client/install.log --single-version-externally-managed
[1.163s] running egg_info
[1.164s] writing ../../build/client/client.egg-info/PKG-INFO
[1.165s] writing dependency_links to ../../build/client/client.egg-info/dependency_links.txt
[1.165s] writing entry points to ../../build/client/client.egg-info/entry_points.txt
[1.166s] writing requirements to ../../build/client/client.egg-info/requires.txt
[1.166s] writing top-level names to ../../build/client/client.egg-info/top_level.txt
[1.255s] reading manifest file '../../build/client/client.egg-info/SOURCES.txt'
[1.259s] writing manifest file '../../build/client/client.egg-info/SOURCES.txt'
[1.260s] running build
[1.261s] running build_py
[1.262s] copying client/client_node.py -> /home/dave/team/test_ws/build/client/build/lib/client
[1.266s] copying client/backup_fin.py -> /home/dave/team/test_ws/build/client/build/lib/client
[1.267s] running install
[1.269s] running install_lib
[1.275s] copying /home/dave/team/test_ws/build/client/build/lib/client/client_node.py -> /home/dave/team/test_ws/install/client/lib/python3.6/site-packages/client
[1.275s] copying /home/dave/team/test_ws/build/client/build/lib/client/backup_fin.py -> /home/dave/team/test_ws/install/client/lib/python3.6/site-packages/client
[1.277s] byte-compiling /home/dave/team/test_ws/install/client/lib/python3.6/site-packages/client/client_node.py to client_node.cpython-36.pyc
[1.278s] byte-compiling /home/dave/team/test_ws/install/client/lib/python3.6/site-packages/client/backup_fin.py to backup_fin.cpython-36.pyc
[1.279s] running install_data
[1.283s] running install_egg_info
[1.309s] removing '/home/dave/team/test_ws/install/client/lib/python3.6/site-packages/client-0.0.0-py3.6.egg-info' (and everything under it)
[1.310s] Copying ../../build/client/client.egg-info to /home/dave/team/test_ws/install/client/lib/python3.6/site-packages/client-0.0.0-py3.6.egg-info
[1.310s] running install_scripts
[1.347s] Installing client_start script to /home/dave/team/test_ws/install/client/lib/client
[1.351s] writing list of installed files to '/home/dave/team/test_ws/build/client/install.log'
[1.401s] Invoked command in '/home/dave/team/test_ws/src/client' returned '0': PYTHONPATH=/home/dave/team/test_ws/install/client/lib/python3.6/site-packages:${PYTHONPATH} /usr/bin/python3 setup.py egg_info --egg-base ../../build/client build --build-base /home/dave/team/test_ws/build/client/build install --prefix /home/dave/team/test_ws/install/client --record /home/dave/team/test_ws/build/client/install.log --single-version-externally-managed
