[0.051s] Invoking command in '/home/dave/team/test_ws/build/my_robot_bringup': CMAKE_PREFIX_PATH=${CMAKE_PREFIX_PATH}:/opt/ros/dashing /usr/bin/cmake --build /home/dave/team/test_ws/build/my_robot_bringup -- -j4 -l4
[0.210s] [100%] Built target global_parameter_server
[0.268s] Invoked command in '/home/dave/team/test_ws/build/my_robot_bringup' returned '0': CMAKE_PREFIX_PATH=${CMAKE_PREFIX_PATH}:/opt/ros/dashing /usr/bin/cmake --build /home/dave/team/test_ws/build/my_robot_bringup -- -j4 -l4
[0.340s] Invoking command in '/home/dave/team/test_ws/build/my_robot_bringup': CMAKE_PREFIX_PATH=${CMAKE_PREFIX_PATH}:/opt/ros/dashing /usr/bin/cmake --build /home/dave/team/test_ws/build/my_robot_bringup --target install -- -j4 -l4
[0.476s] [100%] Built target global_parameter_server
[0.536s] [36mInstall the project...[0m
[0.560s] -- Install configuration: ""
[0.560s] -- Up-to-date: /home/dave/team/test_ws/install/my_robot_bringup/lib/my_robot_bringup/global_parameter_server
[0.561s] -- Up-to-date: /home/dave/team/test_ws/install/my_robot_bringup/share/my_robot_bringup/launch
[0.561s] -- Up-to-date: /home/dave/team/test_ws/install/my_robot_bringup/share/my_robot_bringup/launch/my_robot.launch.py
[0.567s] -- Up-to-date: /home/dave/team/test_ws/install/my_robot_bringup/share/my_robot_bringup/config
[0.567s] -- Up-to-date: /home/dave/team/test_ws/install/my_robot_bringup/share/my_robot_bringup/config/global_params.yaml
[0.567s] -- Up-to-date: /home/dave/team/test_ws/install/my_robot_bringup/share/ament_index/resource_index/package_run_dependencies/my_robot_bringup
[0.568s] -- Up-to-date: /home/dave/team/test_ws/install/my_robot_bringup/share/ament_index/resource_index/parent_prefix_path/my_robot_bringup
[0.568s] -- Up-to-date: /home/dave/team/test_ws/install/my_robot_bringup/share/my_robot_bringup/environment/ament_prefix_path.sh
[0.568s] -- Up-to-date: /home/dave/team/test_ws/install/my_robot_bringup/share/my_robot_bringup/environment/path.sh
[0.569s] -- Up-to-date: /home/dave/team/test_ws/install/my_robot_bringup/share/my_robot_bringup/local_setup.bash
[0.569s] -- Up-to-date: /home/dave/team/test_ws/install/my_robot_bringup/share/my_robot_bringup/local_setup.sh
[0.570s] -- Up-to-date: /home/dave/team/test_ws/install/my_robot_bringup/share/my_robot_bringup/local_setup.zsh
[0.570s] -- Up-to-date: /home/dave/team/test_ws/install/my_robot_bringup/share/ament_index/resource_index/packages/my_robot_bringup
[0.570s] -- Up-to-date: /home/dave/team/test_ws/install/my_robot_bringup/share/my_robot_bringup/cmake/my_robot_bringupConfig.cmake
[0.571s] -- Up-to-date: /home/dave/team/test_ws/install/my_robot_bringup/share/my_robot_bringup/cmake/my_robot_bringupConfig-version.cmake
[0.571s] -- Up-to-date: /home/dave/team/test_ws/install/my_robot_bringup/share/my_robot_bringup/package.xml
[0.577s] Invoked command in '/home/dave/team/test_ws/build/my_robot_bringup' returned '0': CMAKE_PREFIX_PATH=${CMAKE_PREFIX_PATH}:/opt/ros/dashing /usr/bin/cmake --build /home/dave/team/test_ws/build/my_robot_bringup --target install -- -j4 -l4
