[0.810s] Invoking command in '/home/dave/team/test_ws/src/client': PYTHONPATH=/home/dave/team/test_ws/install/client/lib/python3.6/site-packages:${PYTHONPATH} /usr/bin/python3 setup.py egg_info --egg-base ../../build/client build --build-base /home/dave/team/test_ws/build/client/build install --prefix /home/dave/team/test_ws/install/client --record /home/dave/team/test_ws/build/client/install.log --single-version-externally-managed
[1.301s] running egg_info
[1.303s] writing ../../build/client/client.egg-info/PKG-INFO
[1.304s] writing dependency_links to ../../build/client/client.egg-info/dependency_links.txt
[1.306s] writing entry points to ../../build/client/client.egg-info/entry_points.txt
[1.307s] writing requirements to ../../build/client/client.egg-info/requires.txt
[1.308s] writing top-level names to ../../build/client/client.egg-info/top_level.txt
[1.455s] reading manifest file '../../build/client/client.egg-info/SOURCES.txt'
[1.460s] writing manifest file '../../build/client/client.egg-info/SOURCES.txt'
[1.461s] running build
[1.461s] running build_py
[1.463s] copying client/client_node.py -> /home/dave/team/test_ws/build/client/build/lib/client
[1.464s] running install
[1.475s] running install_lib
[1.476s] copying /home/dave/team/test_ws/build/client/build/lib/client/client_node.py -> /home/dave/team/test_ws/install/client/lib/python3.6/site-packages/client
[1.476s] byte-compiling /home/dave/team/test_ws/install/client/lib/python3.6/site-packages/client/client_node.py to client_node.cpython-36.pyc
[1.476s] running install_data
[1.478s] running install_egg_info
[1.488s] removing '/home/dave/team/test_ws/install/client/lib/python3.6/site-packages/client-0.0.0-py3.6.egg-info' (and everything under it)
[1.489s] Copying ../../build/client/client.egg-info to /home/dave/team/test_ws/install/client/lib/python3.6/site-packages/client-0.0.0-py3.6.egg-info
[1.498s] running install_scripts
[1.580s] Installing client_start script to /home/dave/team/test_ws/install/client/lib/client
[1.582s] writing list of installed files to '/home/dave/team/test_ws/build/client/install.log'
[1.668s] Invoked command in '/home/dave/team/test_ws/src/client' returned '0': PYTHONPATH=/home/dave/team/test_ws/install/client/lib/python3.6/site-packages:${PYTHONPATH} /usr/bin/python3 setup.py egg_info --egg-base ../../build/client build --build-base /home/dave/team/test_ws/build/client/build install --prefix /home/dave/team/test_ws/install/client --record /home/dave/team/test_ws/build/client/install.log --single-version-externally-managed
