[0.593s] Invoking command in '/home/dave/team/test_ws/src/client': PYTHONPATH=/home/dave/team/test_ws/install/client/lib/python3.6/site-packages:${PYTHONPATH} /usr/bin/python3 setup.py egg_info --egg-base ../../build/client build --build-base /home/dave/team/test_ws/build/client/build install --prefix /home/dave/team/test_ws/install/client --record /home/dave/team/test_ws/build/client/install.log --single-version-externally-managed
[1.260s] running egg_info
[1.261s] writing ../../build/client/client.egg-info/PKG-INFO
[1.262s] writing dependency_links to ../../build/client/client.egg-info/dependency_links.txt
[1.262s] writing entry points to ../../build/client/client.egg-info/entry_points.txt
[1.262s] writing requirements to ../../build/client/client.egg-info/requires.txt
[1.263s] writing top-level names to ../../build/client/client.egg-info/top_level.txt
[1.368s] reading manifest file '../../build/client/client.egg-info/SOURCES.txt'
[1.371s] writing manifest file '../../build/client/client.egg-info/SOURCES.txt'
[1.372s] running build
[1.373s] running build_py
[1.375s] copying client/client_node.py -> /home/dave/team/test_ws/build/client/build/lib/client
[1.378s] running install
[1.382s] running install_lib
[1.384s] copying /home/dave/team/test_ws/build/client/build/lib/client/client_node.py -> /home/dave/team/test_ws/install/client/lib/python3.6/site-packages/client
[1.386s] byte-compiling /home/dave/team/test_ws/install/client/lib/python3.6/site-packages/client/client_node.py to client_node.cpython-36.pyc
[1.388s] running install_data
[1.392s] running install_egg_info
[1.399s] removing '/home/dave/team/test_ws/install/client/lib/python3.6/site-packages/client-0.0.0-py3.6.egg-info' (and everything under it)
[1.400s] Copying ../../build/client/client.egg-info to /home/dave/team/test_ws/install/client/lib/python3.6/site-packages/client-0.0.0-py3.6.egg-info
[1.403s] running install_scripts
[1.489s] Installing client_start script to /home/dave/team/test_ws/install/client/lib/client
[1.491s] writing list of installed files to '/home/dave/team/test_ws/build/client/install.log'
[1.557s] Invoked command in '/home/dave/team/test_ws/src/client' returned '0': PYTHONPATH=/home/dave/team/test_ws/install/client/lib/python3.6/site-packages:${PYTHONPATH} /usr/bin/python3 setup.py egg_info --egg-base ../../build/client build --build-base /home/dave/team/test_ws/build/client/build install --prefix /home/dave/team/test_ws/install/client --record /home/dave/team/test_ws/build/client/install.log --single-version-externally-managed
