[0.017s] Invoking command in '/home/dave/team/test_ws/src/build/my_robot_bringup': CMAKE_PREFIX_PATH=/opt/ros/dashing /usr/bin/cmake /home/dave/team/test_ws/src/my_robot_bringup -DCMAKE_INSTALL_PREFIX=/home/dave/team/test_ws/src/install/my_robot_bringup
[0.262s] -- The C compiler identification is GNU 7.5.0
[0.430s] -- The CXX compiler identification is GNU 7.5.0
[0.444s] -- Check for working C compiler: /usr/bin/cc
[0.527s] -- Check for working C compiler: /usr/bin/cc -- works
[0.530s] -- Detecting C compiler ABI info
[0.622s] -- Detecting C compiler ABI info - done
[0.628s] -- Detecting C compile features
[0.846s] -- Detecting C compile features - done
[0.851s] -- Check for working CXX compiler: /usr/bin/c++
[0.930s] -- Check for working CXX compiler: /usr/bin/c++ -- works
[0.931s] -- Detecting CXX compiler ABI info
[1.014s] -- Detecting CXX compiler ABI info - done
[1.018s] -- Detecting CXX compile features
[1.365s] -- Detecting CXX compile features - done
[1.391s] -- Found ament_cmake: 0.7.6 (/opt/ros/dashing/share/ament_cmake/cmake)
[1.424s] -- Found PythonInterp: /usr/bin/python3 (found suitable version "3.6.9", minimum required is "3") 
[1.424s] -- Using PYTHON_EXECUTABLE: /usr/bin/python3
[1.661s] -- Found rclcpp: 0.7.16 (/opt/ros/dashing/share/rclcpp/cmake)
[1.707s] -- Found rosidl_adapter: 0.7.10 (/opt/ros/dashing/share/rosidl_adapter/cmake)
[1.779s] -- Found rmw_implementation_cmake: 0.7.2 (/opt/ros/dashing/share/rmw_implementation_cmake/cmake)
[1.783s] -- Using RMW implementation 'rmw_fastrtps_cpp' as default
[1.787s] -- Looking for pthread.h
[1.883s] -- Looking for pthread.h - found
[1.884s] -- Looking for pthread_create
[1.959s] -- Looking for pthread_create - not found
[1.959s] -- Looking for pthread_create in pthreads
[2.028s] -- Looking for pthread_create in pthreads - not found
[2.028s] -- Looking for pthread_create in pthread
[2.101s] -- Looking for pthread_create in pthread - found
[2.102s] -- Found Threads: TRUE  
[2.173s] -- Found ament_lint_auto: 0.7.12 (/opt/ros/dashing/share/ament_lint_auto/cmake)
[2.283s] -- Added test 'copyright' to check for copyright in CMake / C / C++ / Python code
[2.284s] -- Added test 'cppcheck' to perform static code analysis on C / C++ code
[2.284s] -- Configured cppcheck include dirs: 
[2.286s] -- Added test 'cpplint' to check C / C++ code against the Google style
[2.287s] -- Added test 'flake8' to check Python code syntax and style conventions
[2.288s] -- Added test 'lint_cmake' to check CMake code style
[2.289s] -- Added test 'pep257' to check Python code against some of the style conventions in PEP 257
[2.290s] -- Added test 'uncrustify' to check C / C++ code style
[2.291s] -- Added test 'xmllint' to check XML markup files
[2.295s] -- Configuring done
[2.318s] -- Generating done
[2.320s] -- Build files have been written to: /home/dave/team/test_ws/src/build/my_robot_bringup
[2.323s] Invoked command in '/home/dave/team/test_ws/src/build/my_robot_bringup' returned '0': CMAKE_PREFIX_PATH=/opt/ros/dashing /usr/bin/cmake /home/dave/team/test_ws/src/my_robot_bringup -DCMAKE_INSTALL_PREFIX=/home/dave/team/test_ws/src/install/my_robot_bringup
[2.327s] Invoking command in '/home/dave/team/test_ws/src/build/my_robot_bringup': CMAKE_PREFIX_PATH=/opt/ros/dashing /usr/bin/cmake --build /home/dave/team/test_ws/src/build/my_robot_bringup -- -j4 -l4
[2.374s] [35m[1mScanning dependencies of target global_parameter_server[0m
[2.464s] [ 50%] [32mBuilding CXX object CMakeFiles/global_parameter_server.dir/src/global_parameter_server_node.cpp.o[0m
[3.733s] [100%] [32m[1mLinking CXX executable global_parameter_server[0m
[3.862s] [100%] Built target global_parameter_server
[3.876s] Invoked command in '/home/dave/team/test_ws/src/build/my_robot_bringup' returned '0': CMAKE_PREFIX_PATH=/opt/ros/dashing /usr/bin/cmake --build /home/dave/team/test_ws/src/build/my_robot_bringup -- -j4 -l4
[3.920s] Invoking command in '/home/dave/team/test_ws/src/build/my_robot_bringup': CMAKE_PREFIX_PATH=/opt/ros/dashing /usr/bin/cmake --build /home/dave/team/test_ws/src/build/my_robot_bringup --target install -- -j4 -l4
[4.004s] [100%] Built target global_parameter_server
[4.032s] [36mInstall the project...[0m
[4.043s] -- Install configuration: ""
[4.043s] -- Installing: /home/dave/team/test_ws/src/install/my_robot_bringup/lib/my_robot_bringup/global_parameter_server
[4.043s] -- Set runtime path of "/home/dave/team/test_ws/src/install/my_robot_bringup/lib/my_robot_bringup/global_parameter_server" to ""
[4.044s] -- Installing: /home/dave/team/test_ws/src/install/my_robot_bringup/share/my_robot_bringup/launch
[4.044s] -- Installing: /home/dave/team/test_ws/src/install/my_robot_bringup/share/my_robot_bringup/launch/my_robot.launch.py
[4.044s] -- Installing: /home/dave/team/test_ws/src/install/my_robot_bringup/share/my_robot_bringup/config
[4.044s] -- Installing: /home/dave/team/test_ws/src/install/my_robot_bringup/share/my_robot_bringup/config/global_params.yaml
[4.045s] -- Installing: /home/dave/team/test_ws/src/install/my_robot_bringup/share/ament_index/resource_index/package_run_dependencies/my_robot_bringup
[4.045s] -- Installing: /home/dave/team/test_ws/src/install/my_robot_bringup/share/ament_index/resource_index/parent_prefix_path/my_robot_bringup
[4.045s] -- Installing: /home/dave/team/test_ws/src/install/my_robot_bringup/share/my_robot_bringup/environment/ament_prefix_path.sh
[4.046s] -- Installing: /home/dave/team/test_ws/src/install/my_robot_bringup/share/my_robot_bringup/environment/path.sh
[4.046s] -- Installing: /home/dave/team/test_ws/src/install/my_robot_bringup/share/my_robot_bringup/local_setup.bash
[4.047s] -- Installing: /home/dave/team/test_ws/src/install/my_robot_bringup/share/my_robot_bringup/local_setup.sh
[4.047s] -- Installing: /home/dave/team/test_ws/src/install/my_robot_bringup/share/my_robot_bringup/local_setup.zsh
[4.047s] -- Installing: /home/dave/team/test_ws/src/install/my_robot_bringup/share/ament_index/resource_index/packages/my_robot_bringup
[4.047s] -- Installing: /home/dave/team/test_ws/src/install/my_robot_bringup/share/my_robot_bringup/cmake/my_robot_bringupConfig.cmake
[4.047s] -- Installing: /home/dave/team/test_ws/src/install/my_robot_bringup/share/my_robot_bringup/cmake/my_robot_bringupConfig-version.cmake
[4.048s] -- Installing: /home/dave/team/test_ws/src/install/my_robot_bringup/share/my_robot_bringup/package.xml
[4.053s] Invoked command in '/home/dave/team/test_ws/src/build/my_robot_bringup' returned '0': CMAKE_PREFIX_PATH=/opt/ros/dashing /usr/bin/cmake --build /home/dave/team/test_ws/src/build/my_robot_bringup --target install -- -j4 -l4
