[36mInstall the project...[0m
-- Install configuration: ""
-- Installing: /home/dave/team/test_ws/install/client/share/client/environment/pythonpath.sh
-- Installing: /home/dave/team/test_ws/install/client/lib/python3.6/site-packages/src
-- Installing: /home/dave/team/test_ws/install/client/lib/python3.6/site-packages/src/client_node.py
-- Installing: /home/dave/team/test_ws/install/client/lib/python3.6/site-packages/src/__init__.py
Listing '/home/dave/team/test_ws/install/client/lib/python3.6/site-packages/src'...
Compiling '/home/dave/team/test_ws/install/client/lib/python3.6/site-packages/src/__init__.py'...
Compiling '/home/dave/team/test_ws/install/client/lib/python3.6/site-packages/src/client_node.py'...
*** Sorry: IndentationError: unexpected indent (client_node.py, line 32)
-- Installing: /home/dave/team/test_ws/install/client/lib/client/client_node.py
-- Installing: /home/dave/team/test_ws/install/client/share/client/launch
-- Installing: /home/dave/team/test_ws/install/client/share/client/launch/client_node.launch.py
-- Installing: /home/dave/team/test_ws/install/client/share/ament_index/resource_index/package_run_dependencies/client
-- Installing: /home/dave/team/test_ws/install/client/share/ament_index/resource_index/parent_prefix_path/client
-- Installing: /home/dave/team/test_ws/install/client/share/client/environment/ament_prefix_path.sh
-- Installing: /home/dave/team/test_ws/install/client/share/client/environment/path.sh
-- Installing: /home/dave/team/test_ws/install/client/share/client/local_setup.bash
-- Installing: /home/dave/team/test_ws/install/client/share/client/local_setup.sh
-- Installing: /home/dave/team/test_ws/install/client/share/client/local_setup.zsh
-- Installing: /home/dave/team/test_ws/install/client/share/ament_index/resource_index/packages/client
-- Installing: /home/dave/team/test_ws/install/client/share/client/cmake/clientConfig.cmake
-- Installing: /home/dave/team/test_ws/install/client/share/client/cmake/clientConfig-version.cmake
-- Installing: /home/dave/team/test_ws/install/client/share/client/package.xml
