[0.049s] Invoking command in '/home/dave/team/test_ws/build/client': CMAKE_PREFIX_PATH=${CMAKE_PREFIX_PATH}:/opt/ros/dashing /usr/bin/cmake --build /home/dave/team/test_ws/build/client -- -j4 -l4
[0.152s] Invoked command in '/home/dave/team/test_ws/build/client' returned '0': CMAKE_PREFIX_PATH=${CMAKE_PREFIX_PATH}:/opt/ros/dashing /usr/bin/cmake --build /home/dave/team/test_ws/build/client -- -j4 -l4
[0.226s] Invoking command in '/home/dave/team/test_ws/build/client': CMAKE_PREFIX_PATH=${CMAKE_PREFIX_PATH}:/opt/ros/dashing /usr/bin/cmake --build /home/dave/team/test_ws/build/client --target install -- -j4 -l4
[0.344s] [36mInstall the project...[0m
[0.361s] -- Install configuration: ""
[0.407s] -- Installing: /home/dave/team/test_ws/install/client/share/client/environment/pythonpath.sh
[0.408s] -- Installing: /home/dave/team/test_ws/install/client/lib/python3.6/site-packages/src
[0.413s] -- Installing: /home/dave/team/test_ws/install/client/lib/python3.6/site-packages/src/client_node.py
[0.413s] -- Installing: /home/dave/team/test_ws/install/client/lib/python3.6/site-packages/src/__init__.py
[0.483s] Listing '/home/dave/team/test_ws/install/client/lib/python3.6/site-packages/src'...
[0.484s] Compiling '/home/dave/team/test_ws/install/client/lib/python3.6/site-packages/src/__init__.py'...
[0.484s] Compiling '/home/dave/team/test_ws/install/client/lib/python3.6/site-packages/src/client_node.py'...
[0.484s] *** Sorry: IndentationError: unexpected indent (client_node.py, line 32)
[0.493s] -- Installing: /home/dave/team/test_ws/install/client/lib/client/client_node.py
[0.493s] -- Installing: /home/dave/team/test_ws/install/client/share/client/launch
[0.493s] -- Installing: /home/dave/team/test_ws/install/client/share/client/launch/client_node.launch.py
[0.494s] -- Installing: /home/dave/team/test_ws/install/client/share/ament_index/resource_index/package_run_dependencies/client
[0.495s] -- Installing: /home/dave/team/test_ws/install/client/share/ament_index/resource_index/parent_prefix_path/client
[0.495s] -- Installing: /home/dave/team/test_ws/install/client/share/client/environment/ament_prefix_path.sh
[0.495s] -- Installing: /home/dave/team/test_ws/install/client/share/client/environment/path.sh
[0.496s] -- Installing: /home/dave/team/test_ws/install/client/share/client/local_setup.bash
[0.496s] -- Installing: /home/dave/team/test_ws/install/client/share/client/local_setup.sh
[0.498s] -- Installing: /home/dave/team/test_ws/install/client/share/client/local_setup.zsh
[0.499s] -- Installing: /home/dave/team/test_ws/install/client/share/ament_index/resource_index/packages/client
[0.499s] -- Installing: /home/dave/team/test_ws/install/client/share/client/cmake/clientConfig.cmake
[0.499s] -- Installing: /home/dave/team/test_ws/install/client/share/client/cmake/clientConfig-version.cmake
[0.499s] -- Installing: /home/dave/team/test_ws/install/client/share/client/package.xml
[0.512s] Invoked command in '/home/dave/team/test_ws/build/client' returned '0': CMAKE_PREFIX_PATH=${CMAKE_PREFIX_PATH}:/opt/ros/dashing /usr/bin/cmake --build /home/dave/team/test_ws/build/client --target install -- -j4 -l4
