[0.487s] Invoking command in '/home/dave/team/test_ws/src/client': PYTHONPATH=/home/dave/team/test_ws/install/client/lib/python3.6/site-packages:${PYTHONPATH} /usr/bin/python3 setup.py egg_info --egg-base ../../build/client build --build-base /home/dave/team/test_ws/build/client/build install --prefix /home/dave/team/test_ws/install/client --record /home/dave/team/test_ws/build/client/install.log --single-version-externally-managed
[0.895s] running egg_info
[0.895s] writing ../../build/client/client.egg-info/PKG-INFO
[0.896s] writing dependency_links to ../../build/client/client.egg-info/dependency_links.txt
[0.896s] writing entry points to ../../build/client/client.egg-info/entry_points.txt
[0.897s] writing requirements to ../../build/client/client.egg-info/requires.txt
[0.898s] writing top-level names to ../../build/client/client.egg-info/top_level.txt
[0.950s] reading manifest file '../../build/client/client.egg-info/SOURCES.txt'
[0.952s] writing manifest file '../../build/client/client.egg-info/SOURCES.txt'
[0.953s] running build
[0.953s] running build_py
[0.953s] copying client/client_node.py -> /home/dave/team/test_ws/build/client/build/lib/client
[0.955s] running install
[0.956s] running install_lib
[0.957s] copying /home/dave/team/test_ws/build/client/build/lib/client/client_node.py -> /home/dave/team/test_ws/install/client/lib/python3.6/site-packages/client
[0.959s] byte-compiling /home/dave/team/test_ws/install/client/lib/python3.6/site-packages/client/client_node.py to client_node.cpython-36.pyc
[0.959s] Sorry: TabError: inconsistent use of tabs and spaces in indentation (client_node.py, line 10)
[0.959s] running install_data
[0.960s] running install_egg_info
[0.963s] removing '/home/dave/team/test_ws/install/client/lib/python3.6/site-packages/client-0.0.0-py3.6.egg-info' (and everything under it)
[0.964s] Copying ../../build/client/client.egg-info to /home/dave/team/test_ws/install/client/lib/python3.6/site-packages/client-0.0.0-py3.6.egg-info
[0.966s] running install_scripts
[1.006s] Installing client_start script to /home/dave/team/test_ws/install/client/lib/client
[1.008s] writing list of installed files to '/home/dave/team/test_ws/build/client/install.log'
[1.063s] Invoked command in '/home/dave/team/test_ws/src/client' returned '0': PYTHONPATH=/home/dave/team/test_ws/install/client/lib/python3.6/site-packages:${PYTHONPATH} /usr/bin/python3 setup.py egg_info --egg-base ../../build/client build --build-base /home/dave/team/test_ws/build/client/build install --prefix /home/dave/team/test_ws/install/client --record /home/dave/team/test_ws/build/client/install.log --single-version-externally-managed
