[0.756s] Invoking command in '/home/dave/team/test_ws/src/client': PYTHONPATH=/home/dave/team/test_ws/install/client/lib/python3.6/site-packages:${PYTHONPATH} /usr/bin/python3 setup.py egg_info --egg-base ../../build/client build --build-base /home/dave/team/test_ws/build/client/build install --prefix /home/dave/team/test_ws/install/client --record /home/dave/team/test_ws/build/client/install.log --single-version-externally-managed
[1.438s] running egg_info
[1.441s] writing ../../build/client/client.egg-info/PKG-INFO
[1.446s] writing dependency_links to ../../build/client/client.egg-info/dependency_links.txt
[1.449s] writing entry points to ../../build/client/client.egg-info/entry_points.txt
[1.450s] writing requirements to ../../build/client/client.egg-info/requires.txt
[1.451s] writing top-level names to ../../build/client/client.egg-info/top_level.txt
[1.783s] reading manifest file '../../build/client/client.egg-info/SOURCES.txt'
[1.802s] writing manifest file '../../build/client/client.egg-info/SOURCES.txt'
[1.803s] running build
[1.805s] running build_py
[1.818s] copying client/client_node.py -> /home/dave/team/test_ws/build/client/build/lib/client
[1.819s] running install
[1.822s] running install_lib
[1.827s] copying /home/dave/team/test_ws/build/client/build/lib/client/client_node.py -> /home/dave/team/test_ws/install/client/lib/python3.6/site-packages/client
[1.832s] byte-compiling /home/dave/team/test_ws/install/client/lib/python3.6/site-packages/client/client_node.py to client_node.cpython-36.pyc
[1.835s] running install_data
[1.841s] running install_egg_info
[1.851s] removing '/home/dave/team/test_ws/install/client/lib/python3.6/site-packages/client-0.0.0-py3.6.egg-info' (and everything under it)
[1.853s] Copying ../../build/client/client.egg-info to /home/dave/team/test_ws/install/client/lib/python3.6/site-packages/client-0.0.0-py3.6.egg-info
[1.857s] running install_scripts
[1.963s] Installing client_start script to /home/dave/team/test_ws/install/client/lib/client
[1.964s] writing list of installed files to '/home/dave/team/test_ws/build/client/install.log'
[2.027s] Invoked command in '/home/dave/team/test_ws/src/client' returned '0': PYTHONPATH=/home/dave/team/test_ws/install/client/lib/python3.6/site-packages:${PYTHONPATH} /usr/bin/python3 setup.py egg_info --egg-base ../../build/client build --build-base /home/dave/team/test_ws/build/client/build install --prefix /home/dave/team/test_ws/install/client --record /home/dave/team/test_ws/build/client/install.log --single-version-externally-managed
