[0.235s] Invoking command in '/home/dave/team/test_ws/build/my_robot_bringup': CMAKE_PREFIX_PATH=${CMAKE_PREFIX_PATH}:/opt/ros/dashing /usr/bin/cmake --build /home/dave/team/test_ws/build/my_robot_bringup -- -j4 -l4
[0.286s] [100%] Built target global_parameter_server
[0.297s] Invoked command in '/home/dave/team/test_ws/build/my_robot_bringup' returned '0': CMAKE_PREFIX_PATH=${CMAKE_PREFIX_PATH}:/opt/ros/dashing /usr/bin/cmake --build /home/dave/team/test_ws/build/my_robot_bringup -- -j4 -l4
[0.333s] Invoking command in '/home/dave/team/test_ws/build/my_robot_bringup': CMAKE_PREFIX_PATH=${CMAKE_PREFIX_PATH}:/opt/ros/dashing /usr/bin/cmake --build /home/dave/team/test_ws/build/my_robot_bringup --target install -- -j4 -l4
[0.391s] [100%] Built target global_parameter_server
[0.411s] [36mInstall the project...[0m
[0.421s] -- Install configuration: ""
[0.422s] -- Up-to-date: /home/dave/team/test_ws/install/my_robot_bringup/lib/my_robot_bringup/global_parameter_server
[0.422s] -- Up-to-date: /home/dave/team/test_ws/install/my_robot_bringup/share/my_robot_bringup/launch
[0.422s] -- Up-to-date: /home/dave/team/test_ws/install/my_robot_bringup/share/my_robot_bringup/launch/my_robot.launch.py
[0.422s] -- Up-to-date: /home/dave/team/test_ws/install/my_robot_bringup/share/my_robot_bringup/config
[0.422s] -- Up-to-date: /home/dave/team/test_ws/install/my_robot_bringup/share/my_robot_bringup/config/global_params.yaml
[0.422s] -- Up-to-date: /home/dave/team/test_ws/install/my_robot_bringup/share/ament_index/resource_index/package_run_dependencies/my_robot_bringup
[0.423s] -- Up-to-date: /home/dave/team/test_ws/install/my_robot_bringup/share/ament_index/resource_index/parent_prefix_path/my_robot_bringup
[0.423s] -- Up-to-date: /home/dave/team/test_ws/install/my_robot_bringup/share/my_robot_bringup/environment/ament_prefix_path.sh
[0.423s] -- Up-to-date: /home/dave/team/test_ws/install/my_robot_bringup/share/my_robot_bringup/environment/path.sh
[0.423s] -- Up-to-date: /home/dave/team/test_ws/install/my_robot_bringup/share/my_robot_bringup/local_setup.bash
[0.423s] -- Up-to-date: /home/dave/team/test_ws/install/my_robot_bringup/share/my_robot_bringup/local_setup.sh
[0.423s] -- Up-to-date: /home/dave/team/test_ws/install/my_robot_bringup/share/my_robot_bringup/local_setup.zsh
[0.423s] -- Up-to-date: /home/dave/team/test_ws/install/my_robot_bringup/share/ament_index/resource_index/packages/my_robot_bringup
[0.423s] -- Up-to-date: /home/dave/team/test_ws/install/my_robot_bringup/share/my_robot_bringup/cmake/my_robot_bringupConfig.cmake
[0.423s] -- Up-to-date: /home/dave/team/test_ws/install/my_robot_bringup/share/my_robot_bringup/cmake/my_robot_bringupConfig-version.cmake
[0.424s] -- Up-to-date: /home/dave/team/test_ws/install/my_robot_bringup/share/my_robot_bringup/package.xml
[0.427s] Invoked command in '/home/dave/team/test_ws/build/my_robot_bringup' returned '0': CMAKE_PREFIX_PATH=${CMAKE_PREFIX_PATH}:/opt/ros/dashing /usr/bin/cmake --build /home/dave/team/test_ws/build/my_robot_bringup --target install -- -j4 -l4
