[0.259s] Invoking command in '/home/dave/team/test_ws/src/client': PYTHONPATH=/home/dave/team/test_ws/install/client/lib/python3.6/site-packages:${PYTHONPATH} /usr/bin/python3 setup.py egg_info --egg-base ../../build/client build --build-base /home/dave/team/test_ws/build/client/build install --prefix /home/dave/team/test_ws/install/client --record /home/dave/team/test_ws/build/client/install.log --single-version-externally-managed
[0.456s] running egg_info
[0.456s] writing ../../build/client/client.egg-info/PKG-INFO
[0.456s] writing dependency_links to ../../build/client/client.egg-info/dependency_links.txt
[0.456s] writing entry points to ../../build/client/client.egg-info/entry_points.txt
[0.456s] writing requirements to ../../build/client/client.egg-info/requires.txt
[0.456s] writing top-level names to ../../build/client/client.egg-info/top_level.txt
[0.491s] reading manifest file '../../build/client/client.egg-info/SOURCES.txt'
[0.493s] writing manifest file '../../build/client/client.egg-info/SOURCES.txt'
[0.493s] running build
[0.494s] running build_py
[0.494s] copying client/client_node.py -> /home/dave/team/test_ws/build/client/build/lib/client
[0.495s] running install
[0.496s] running install_lib
[0.497s] copying /home/dave/team/test_ws/build/client/build/lib/client/client_node.py -> /home/dave/team/test_ws/install/client/lib/python3.6/site-packages/client
[0.498s] byte-compiling /home/dave/team/test_ws/install/client/lib/python3.6/site-packages/client/client_node.py to client_node.cpython-36.pyc
[0.499s] running install_data
[0.500s] running install_egg_info
[0.502s] removing '/home/dave/team/test_ws/install/client/lib/python3.6/site-packages/client-0.0.0-py3.6.egg-info' (and everything under it)
[0.502s] Copying ../../build/client/client.egg-info to /home/dave/team/test_ws/install/client/lib/python3.6/site-packages/client-0.0.0-py3.6.egg-info
[0.503s] running install_scripts
[0.522s] Installing client_start script to /home/dave/team/test_ws/install/client/lib/client
[0.522s] Installing client_start_g script to /home/dave/team/test_ws/install/client/lib/client
[0.523s] Installing client_start_s script to /home/dave/team/test_ws/install/client/lib/client
[0.523s] writing list of installed files to '/home/dave/team/test_ws/build/client/install.log'
[0.548s] Invoked command in '/home/dave/team/test_ws/src/client' returned '0': PYTHONPATH=/home/dave/team/test_ws/install/client/lib/python3.6/site-packages:${PYTHONPATH} /usr/bin/python3 setup.py egg_info --egg-base ../../build/client build --build-base /home/dave/team/test_ws/build/client/build install --prefix /home/dave/team/test_ws/install/client --record /home/dave/team/test_ws/build/client/install.log --single-version-externally-managed
