[0.499s] Invoking command in '/home/dave/team/test_ws/src/client': PYTHONPATH=/home/dave/team/test_ws/install/client/lib/python3.6/site-packages:${PYTHONPATH} /usr/bin/python3 setup.py egg_info --egg-base ../../build/client build --build-base /home/dave/team/test_ws/build/client/build install --prefix /home/dave/team/test_ws/install/client --record /home/dave/team/test_ws/build/client/install.log --single-version-externally-managed
[0.857s] running egg_info
[0.858s] writing ../../build/client/client.egg-info/PKG-INFO
[0.858s] writing dependency_links to ../../build/client/client.egg-info/dependency_links.txt
[0.858s] writing entry points to ../../build/client/client.egg-info/entry_points.txt
[0.859s] writing requirements to ../../build/client/client.egg-info/requires.txt
[0.859s] writing top-level names to ../../build/client/client.egg-info/top_level.txt
[0.911s] reading manifest file '../../build/client/client.egg-info/SOURCES.txt'
[0.912s] writing manifest file '../../build/client/client.egg-info/SOURCES.txt'
[0.912s] running build
[0.912s] running build_py
[0.913s] running install
[0.913s] running install_lib
[0.915s] running install_data
[0.920s] running install_egg_info
[0.931s] removing '/home/dave/team/test_ws/install/client/lib/python3.6/site-packages/client-0.0.0-py3.6.egg-info' (and everything under it)
[0.931s] Copying ../../build/client/client.egg-info to /home/dave/team/test_ws/install/client/lib/python3.6/site-packages/client-0.0.0-py3.6.egg-info
[0.931s] running install_scripts
[0.971s] Installing client_start script to /home/dave/team/test_ws/install/client/lib/client
[0.972s] writing list of installed files to '/home/dave/team/test_ws/build/client/install.log'
[1.010s] Invoked command in '/home/dave/team/test_ws/src/client' returned '0': PYTHONPATH=/home/dave/team/test_ws/install/client/lib/python3.6/site-packages:${PYTHONPATH} /usr/bin/python3 setup.py egg_info --egg-base ../../build/client build --build-base /home/dave/team/test_ws/build/client/build install --prefix /home/dave/team/test_ws/install/client --record /home/dave/team/test_ws/build/client/install.log --single-version-externally-managed
