[0.243s] Invoking command in '/home/dave/team/test_ws/src/client': PYTHONPATH=/home/dave/team/test_ws/install/client/lib/python3.6/site-packages:${PYTHONPATH} /usr/bin/python3 setup.py egg_info --egg-base ../../build/client build --build-base /home/dave/team/test_ws/build/client/build install --prefix /home/dave/team/test_ws/install/client --record /home/dave/team/test_ws/build/client/install.log --single-version-externally-managed
[0.437s] running egg_info
[0.438s] writing ../../build/client/client.egg-info/PKG-INFO
[0.438s] writing dependency_links to ../../build/client/client.egg-info/dependency_links.txt
[0.439s] writing entry points to ../../build/client/client.egg-info/entry_points.txt
[0.439s] writing requirements to ../../build/client/client.egg-info/requires.txt
[0.439s] writing top-level names to ../../build/client/client.egg-info/top_level.txt
[0.482s] reading manifest file '../../build/client/client.egg-info/SOURCES.txt'
[0.483s] writing manifest file '../../build/client/client.egg-info/SOURCES.txt'
[0.483s] running build
[0.484s] running build_py
[0.485s] copying client/client_node.py -> /home/dave/team/test_ws/build/client/build/lib/client
[0.486s] running install
[0.486s] running install_lib
[0.486s] copying /home/dave/team/test_ws/build/client/build/lib/client/client_node.py -> /home/dave/team/test_ws/install/client/lib/python3.6/site-packages/client
[0.486s] byte-compiling /home/dave/team/test_ws/install/client/lib/python3.6/site-packages/client/client_node.py to client_node.cpython-36.pyc
[0.486s] running install_data
[0.486s] running install_egg_info
[0.486s] removing '/home/dave/team/test_ws/install/client/lib/python3.6/site-packages/client-0.0.0-py3.6.egg-info' (and everything under it)
[0.487s] Copying ../../build/client/client.egg-info to /home/dave/team/test_ws/install/client/lib/python3.6/site-packages/client-0.0.0-py3.6.egg-info
[0.487s] running install_scripts
[0.487s]   File "/home/dave/team/test_ws/install/client/lib/python3.6/site-packages/client/client_node.py", line 38
[0.487s]     while not self.cli.wait_for_service(timeout_sec=1.0) && (test.check() == False):
[0.487s]                                                           ^
[0.487s] SyntaxError: invalid syntax
[0.487s] 
[0.498s] Installing client_start script to /home/dave/team/test_ws/install/client/lib/client
[0.499s] Installing client_start_g script to /home/dave/team/test_ws/install/client/lib/client
[0.499s] Installing client_start_s script to /home/dave/team/test_ws/install/client/lib/client
[0.499s] writing list of installed files to '/home/dave/team/test_ws/build/client/install.log'
[0.524s] Invoked command in '/home/dave/team/test_ws/src/client' returned '0': PYTHONPATH=/home/dave/team/test_ws/install/client/lib/python3.6/site-packages:${PYTHONPATH} /usr/bin/python3 setup.py egg_info --egg-base ../../build/client build --build-base /home/dave/team/test_ws/build/client/build install --prefix /home/dave/team/test_ws/install/client --record /home/dave/team/test_ws/build/client/install.log --single-version-externally-managed
