[0.427s] Invoking command in '/home/dave/team/test_ws/build/my_robot_bringup': CMAKE_PREFIX_PATH=${CMAKE_PREFIX_PATH}:/opt/ros/dashing /usr/bin/cmake --build /home/dave/team/test_ws/build/my_robot_bringup -- -j4 -l4
[0.719s] [100%] Built target global_parameter_server
[0.761s] Invoked command in '/home/dave/team/test_ws/build/my_robot_bringup' returned '0': CMAKE_PREFIX_PATH=${CMAKE_PREFIX_PATH}:/opt/ros/dashing /usr/bin/cmake --build /home/dave/team/test_ws/build/my_robot_bringup -- -j4 -l4
[0.833s] Invoking command in '/home/dave/team/test_ws/build/my_robot_bringup': CMAKE_PREFIX_PATH=${CMAKE_PREFIX_PATH}:/opt/ros/dashing /usr/bin/cmake --build /home/dave/team/test_ws/build/my_robot_bringup --target install -- -j4 -l4
[0.934s] [100%] Built target global_parameter_server
[0.992s] [36mInstall the project...[0m
[1.033s] -- Install configuration: ""
[1.034s] -- Up-to-date: /home/dave/team/test_ws/install/my_robot_bringup/lib/my_robot_bringup/global_parameter_server
[1.036s] -- Up-to-date: /home/dave/team/test_ws/install/my_robot_bringup/share/my_robot_bringup/launch
[1.037s] -- Up-to-date: /home/dave/team/test_ws/install/my_robot_bringup/share/my_robot_bringup/launch/my_robot.launch.py
[1.038s] -- Up-to-date: /home/dave/team/test_ws/install/my_robot_bringup/share/my_robot_bringup/config
[1.038s] -- Up-to-date: /home/dave/team/test_ws/install/my_robot_bringup/share/my_robot_bringup/config/global_params.yaml
[1.038s] -- Up-to-date: /home/dave/team/test_ws/install/my_robot_bringup/share/ament_index/resource_index/package_run_dependencies/my_robot_bringup
[1.039s] -- Up-to-date: /home/dave/team/test_ws/install/my_robot_bringup/share/ament_index/resource_index/parent_prefix_path/my_robot_bringup
[1.039s] -- Up-to-date: /home/dave/team/test_ws/install/my_robot_bringup/share/my_robot_bringup/environment/ament_prefix_path.sh
[1.039s] -- Up-to-date: /home/dave/team/test_ws/install/my_robot_bringup/share/my_robot_bringup/environment/path.sh
[1.039s] -- Up-to-date: /home/dave/team/test_ws/install/my_robot_bringup/share/my_robot_bringup/local_setup.bash
[1.045s] -- Up-to-date: /home/dave/team/test_ws/install/my_robot_bringup/share/my_robot_bringup/local_setup.sh
[1.046s] -- Up-to-date: /home/dave/team/test_ws/install/my_robot_bringup/share/my_robot_bringup/local_setup.zsh
[1.082s] -- Up-to-date: /home/dave/team/test_ws/install/my_robot_bringup/share/ament_index/resource_index/packages/my_robot_bringup
[1.083s] -- Up-to-date: /home/dave/team/test_ws/install/my_robot_bringup/share/my_robot_bringup/cmake/my_robot_bringupConfig.cmake
[1.084s] -- Up-to-date: /home/dave/team/test_ws/install/my_robot_bringup/share/my_robot_bringup/cmake/my_robot_bringupConfig-version.cmake
[1.084s] -- Up-to-date: /home/dave/team/test_ws/install/my_robot_bringup/share/my_robot_bringup/package.xml
[1.085s] Invoked command in '/home/dave/team/test_ws/build/my_robot_bringup' returned '0': CMAKE_PREFIX_PATH=${CMAKE_PREFIX_PATH}:/opt/ros/dashing /usr/bin/cmake --build /home/dave/team/test_ws/build/my_robot_bringup --target install -- -j4 -l4
