[0.045s] Invoking command in '/home/dave/team/test_ws/build/client': CMAKE_PREFIX_PATH=${CMAKE_PREFIX_PATH}:/opt/ros/dashing /usr/bin/cmake --build /home/dave/team/test_ws/build/client -- -j4 -l4
[0.149s] Invoked command in '/home/dave/team/test_ws/build/client' returned '0': CMAKE_PREFIX_PATH=${CMAKE_PREFIX_PATH}:/opt/ros/dashing /usr/bin/cmake --build /home/dave/team/test_ws/build/client -- -j4 -l4
[0.215s] Invoking command in '/home/dave/team/test_ws/build/client': CMAKE_PREFIX_PATH=${CMAKE_PREFIX_PATH}:/opt/ros/dashing /usr/bin/cmake --build /home/dave/team/test_ws/build/client --target install -- -j4 -l4
[0.312s] [36mInstall the project...[0m
[0.332s] -- Install configuration: ""
[0.332s] -- Up-to-date: /home/dave/team/test_ws/install/client/share/client/environment/pythonpath.sh
[0.332s] -- Up-to-date: /home/dave/team/test_ws/install/client/lib/python3.6/site-packages/src
[0.332s] -- Up-to-date: /home/dave/team/test_ws/install/client/lib/python3.6/site-packages/src/client_node.py
[0.332s] -- Up-to-date: /home/dave/team/test_ws/install/client/lib/python3.6/site-packages/src/__init__.py
[0.404s] Listing '/home/dave/team/test_ws/install/client/lib/python3.6/site-packages/src'...
[0.414s] -- Up-to-date: /home/dave/team/test_ws/install/client/lib/client/client_node.py
[0.414s] -- Up-to-date: /home/dave/team/test_ws/install/client/share/client/launch
[0.414s] -- Installing: /home/dave/team/test_ws/install/client/share/client/launch/client_node_launch.py
[0.415s] -- Up-to-date: /home/dave/team/test_ws/install/client/share/ament_index/resource_index/package_run_dependencies/client
[0.416s] -- Up-to-date: /home/dave/team/test_ws/install/client/share/ament_index/resource_index/parent_prefix_path/client
[0.416s] -- Up-to-date: /home/dave/team/test_ws/install/client/share/client/environment/ament_prefix_path.sh
[0.416s] -- Up-to-date: /home/dave/team/test_ws/install/client/share/client/environment/path.sh
[0.416s] -- Up-to-date: /home/dave/team/test_ws/install/client/share/client/local_setup.bash
[0.416s] -- Up-to-date: /home/dave/team/test_ws/install/client/share/client/local_setup.sh
[0.417s] -- Up-to-date: /home/dave/team/test_ws/install/client/share/client/local_setup.zsh
[0.417s] -- Up-to-date: /home/dave/team/test_ws/install/client/share/ament_index/resource_index/packages/client
[0.417s] -- Up-to-date: /home/dave/team/test_ws/install/client/share/client/cmake/clientConfig.cmake
[0.417s] -- Up-to-date: /home/dave/team/test_ws/install/client/share/client/cmake/clientConfig-version.cmake
[0.417s] -- Up-to-date: /home/dave/team/test_ws/install/client/share/client/package.xml
[0.425s] Invoked command in '/home/dave/team/test_ws/build/client' returned '0': CMAKE_PREFIX_PATH=${CMAKE_PREFIX_PATH}:/opt/ros/dashing /usr/bin/cmake --build /home/dave/team/test_ws/build/client --target install -- -j4 -l4
