[0.243s] Invoking command in '/home/dave/team/test_ws/src/client': PYTHONPATH=/home/dave/team/test_ws/install/client/lib/python3.6/site-packages:${PYTHONPATH} /usr/bin/python3 setup.py egg_info --egg-base ../../build/client build --build-base /home/dave/team/test_ws/build/client/build install --prefix /home/dave/team/test_ws/install/client --record /home/dave/team/test_ws/build/client/install.log --single-version-externally-managed
[0.440s] running egg_info
[0.441s] writing ../../build/client/client.egg-info/PKG-INFO
[0.441s] writing dependency_links to ../../build/client/client.egg-info/dependency_links.txt
[0.443s] writing entry points to ../../build/client/client.egg-info/entry_points.txt
[0.444s] writing requirements to ../../build/client/client.egg-info/requires.txt
[0.444s] writing top-level names to ../../build/client/client.egg-info/top_level.txt
[0.472s] reading manifest file '../../build/client/client.egg-info/SOURCES.txt'
[0.473s] writing manifest file '../../build/client/client.egg-info/SOURCES.txt'
[0.474s] running build
[0.474s] running build_py
[0.474s] copying client/client_node.py -> /home/dave/team/test_ws/build/client/build/lib/client
[0.474s] running install
[0.475s] running install_lib
[0.475s] copying /home/dave/team/test_ws/build/client/build/lib/client/client_node.py -> /home/dave/team/test_ws/install/client/lib/python3.6/site-packages/client
[0.476s] byte-compiling /home/dave/team/test_ws/install/client/lib/python3.6/site-packages/client/client_node.py to client_node.cpython-36.pyc
[0.477s] running install_data
[0.477s] running install_egg_info
[0.479s] removing '/home/dave/team/test_ws/install/client/lib/python3.6/site-packages/client-0.0.0-py3.6.egg-info' (and everything under it)
[0.479s] Copying ../../build/client/client.egg-info to /home/dave/team/test_ws/install/client/lib/python3.6/site-packages/client-0.0.0-py3.6.egg-info
[0.480s] running install_scripts
[0.499s] Installing client_start script to /home/dave/team/test_ws/install/client/lib/client
[0.503s] Installing client_start_g script to /home/dave/team/test_ws/install/client/lib/client
[0.504s] Installing client_start_s script to /home/dave/team/test_ws/install/client/lib/client
[0.505s] writing list of installed files to '/home/dave/team/test_ws/build/client/install.log'
[0.524s] Invoked command in '/home/dave/team/test_ws/src/client' returned '0': PYTHONPATH=/home/dave/team/test_ws/install/client/lib/python3.6/site-packages:${PYTHONPATH} /usr/bin/python3 setup.py egg_info --egg-base ../../build/client build --build-base /home/dave/team/test_ws/build/client/build install --prefix /home/dave/team/test_ws/install/client --record /home/dave/team/test_ws/build/client/install.log --single-version-externally-managed
